main.cpp:385 ent.first:ep ent.second:urn:dev:smoke-1
main.cpp:385 ent.first:role ent.second:client
main.cpp:385 ent.first:config ent.second:/opt/app/config
main.cpp:385 ent.first:bs ent.second:coap://smoke-server:5683
main.cpp:385 ent.first:local ent.second:coap://0.0.0.0:56830
main.cpp:417 scheme:2 host:0.0.0.0 port:56830
2026-05-30 11:01:44.252543 [UdpSvc:6] LM_DEBUG /work/apps/src/udp_adapter.cpp:56 bound fd:3 host:0.0.0.0 port:56830 scheme:2 service:4
2026-05-30 11:01:44.253474 [UDPAdapter:7] LM_DEBUG /work/apps/src/udp_adapter.cpp:362 reactor thread started
LwM2MClient-->> [lwm2m] no bootstrap; sending Register directly

coap_adapter.cpp:1384 ver: 1 type: Acknowledgement tokenlength: 1 code: 2.01 Created msgid: 4097
 optiondelta: Location-Path optionlength: 2 optionvalue: rd
 optiondelta: Location-Path optionlength: 1 optionvalue: 1

coap_adapter.cpp:1384 ver: 1 type: Acknowledgement tokenlength: 1 code: 2.01 Created msgid: 4097
 optiondelta: Location-Path optionlength: 2 optionvalue: rd
 optiondelta: Location-Path optionlength: 1 optionvalue: 1
help
  bootstrap   bootstrap ep=<endpoint>
  register    register ep=<endpoint> [lt=<seconds>] [b=U] [lwm2m=1.1]
  read        read path=/<obj>/<inst>[/<res>]
  write       write path=/<obj>/<inst>/<res> value=<text>
  execute     execute path=/<obj>/<inst>/<res> [args=<text>]
  delete      delete path=/<obj>/<inst>
  observe     observe path=/<obj>/<inst>[/<res>] [cancel=true]
  push        push ep=<endpoint> [data=<json>] [file=<path>] [content-format=N]
  set         set ep=<endpoint> [data=<json>] [file=<path>] [content-format=N]
  get         get ep=<endpoint> [data=<json>] [file=<path>] [content-format=N]
  exec        exec ep=<endpoint> [data=<json>] [file=<path>] [content-format=N]
  post        post uri=/p/q [method=POST|GET|PUT|DELETE] [uri-query=k=v&…] [data=<json>] [file=<path>] [content-format=N]
  help        help [<command>]    list commands or print usage for one
  quit        quit    exit the REPL
LwM2MClient-->> register ep=urn:dev:smoke-1 lt=60
coap_adapter.cpp:275 uri: rd
coap_adapter.cpp:329 query: ep=urn:dev:smoke-1
coap_adapter.cpp:329 query: lt=60
coap_adapter.cpp:329 query: lwm2m=1.1
coap_adapter.cpp:329 query: b=U
LwM2MClient-->> 
coap_adapter.cpp:1384 ver: 1 type: Acknowledgement tokenlength: 4 code: 2.01 Created msgid: 17767
 optiondelta: Location-Path optionlength: 2 optionvalue: rd
 optiondelta: Location-Path optionlength: 1 optionvalue: 2

coap_adapter.cpp:1384 ver: 1 type: Acknowledgement tokenlength: 4 code: 2.01 Created msgid: 17767
 optiondelta: Location-Path optionlength: 2 optionvalue: rd
 optiondelta: Location-Path optionlength: 1 optionvalue: 2
read path=/3/0/0
coap_adapter.cpp:184 uri: 3
coap_adapter.cpp:184 uri: 0
coap_adapter.cpp:184 uri: 0
LwM2MClient-->> 
coap_adapter.cpp:1384 ver: 1 type: Acknowledgement tokenlength: 4 code: 2.01 Created msgid: 39017

coap_adapter.cpp:1384 ver: 1 type: Acknowledgement tokenlength: 4 code: 2.01 Created msgid: 39017
write path=/3/0/15 value=Europe/Berlin
coap_adapter.cpp:275 uri: 3
coap_adapter.cpp:275 uri: 0
coap_adapter.cpp:275 uri: 15
LwM2MClient-->> execute path=/3/0/4
coap_adapter.cpp:184 uri: 3
coap_adapter.cpp:184 uri: 0
coap_adapter.cpp:184 uri: 4
LwM2MClient-->> 
coap_adapter.cpp:1384 ver: 1 type: Acknowledgement tokenlength: 4 code: 2.01 Created msgid: 37962

coap_adapter.cpp:1384 ver: 1 type: Acknowledgement tokenlength: 4 code: 2.01 Created msgid: 37962
observe path=/3/0/13
coap_adapter.cpp:184 uri: 3
coap_adapter.cpp:184 uri: 0
coap_adapter.cpp:184 uri: 13
LwM2MClient-->> 
coap_adapter.cpp:1384 ver: 1 type: Acknowledgement tokenlength: 4 code: 2.01 Created msgid: 7977

coap_adapter.cpp:1384 ver: 1 type: Acknowledgement tokenlength: 4 code: 2.01 Created msgid: 7977
delete path=/3/0
coap_adapter.cpp:184 uri: 3
coap_adapter.cpp:184 uri: 0
LwM2MClient-->> 
coap_adapter.cpp:1384 ver: 1 type: Acknowledgement tokenlength: 4 code: 2.01 Created msgid: 22714

coap_adapter.cpp:1384 ver: 1 type: Acknowledgement tokenlength: 4 code: 2.01 Created msgid: 22714
bootstrap ep=urn:dev:smoke-1
coap_adapter.cpp:184 uri: bs
coap_adapter.cpp:228 query: ep=urn:dev:smoke-1
LwM2MClient-->> 
coap_adapter.cpp:1384 ver: 1 type: Acknowledgement tokenlength: 4 code: 4.04 Not Found msgid: 16882

coap_adapter.cpp:1384 ver: 1 type: Acknowledgement tokenlength: 4 code: 4.04 Not Found msgid: 16882
push ep=A12345 data=[{"k":"v"}]
coap_adapter.cpp:275 uri: push
coap_adapter.cpp:329 query: ep=A12345
LwM2MClient-->> set ep=A12345 data={"x":1}
coap_adapter.cpp:275 uri: set
coap_adapter.cpp:329 query: ep=A12345
LwM2MClient-->> get ep=A12345 data=["x"]
coap_adapter.cpp:275 uri: get
coap_adapter.cpp:329 query: ep=A12345
LwM2MClient-->> exec ep=A12345 data={"action":"reboot"}
coap_adapter.cpp:275 uri: execute
coap_adapter.cpp:329 query: ep=A12345
LwM2MClient-->> post uri=/push uri-query=ep=B67890
coap_adapter.cpp:184 uri: push
coap_adapter.cpp:228 query: ep=B67890
LwM2MClient-->> quit
2026-05-30 11:02:12.286495 [UDPAdapter:7] LM_DEBUG /work/apps/src/udp_adapter.cpp:386 reactor thread exiting
2026-05-30 11:02:12.286574 [UdpSvc:6] LM_DEBUG /work/apps/src/udp_adapter.cpp:33 closing fd:3 service:4
