main.cpp:421 ent.first:ep ent.second:urn:dev:smoke-register
main.cpp:421 ent.first:role ent.second:client
main.cpp:421 ent.first:config ent.second:/opt/app/config
main.cpp:421 ent.first:bs ent.second:coap://smoke-server:5683
main.cpp:421 ent.first:local ent.second:coap://0.0.0.0:56831
main.cpp:453 scheme:2 host:0.0.0.0 port:56831
2026-05-30 01:49:08.406443 [UdpSvc:6] LM_DEBUG /work/apps/src/udp_adapter.cpp:56 bound fd:3 host:0.0.0.0 port:56831 scheme:2 service:4
2026-05-30 01:49:08.407341 [UDPAdapter:7] LM_DEBUG /work/apps/src/udp_adapter.cpp:340 reactor thread started
LwM2MClient-->> register ep=urn:dev:smoke-1 lt=60
coap_adapter.cpp:275 uri: rd
coap_adapter.cpp:329 query: ep=urn:dev:smoke-1
coap_adapter.cpp:329 query: lt=60
coap_adapter.cpp:329 query: lwm2m=1.1
coap_adapter.cpp:329 query: b=U
LwM2MClient-->> 
coap_adapter.cpp:1384 ver: 1 type: Acknowledgement tokenlength: 4 code: 2.01 Created msgid: 17767
 optiondelta: Location-Path optionlength: 2 optionvalue: rd
 optiondelta: Location-Path optionlength: 1 optionvalue: 1

coap_adapter.cpp:1384 ver: 1 type: Acknowledgement tokenlength: 4 code: 2.01 Created msgid: 17767
 optiondelta: Location-Path optionlength: 2 optionvalue: rd
 optiondelta: Location-Path optionlength: 1 optionvalue: 1
[lwm2m] no bootstrap; sending Register directly

coap_adapter.cpp:1384 ver: 1 type: Acknowledgement tokenlength: 1 code: 2.01 Created msgid: 4097
 optiondelta: Location-Path optionlength: 2 optionvalue: rd
 optiondelta: Location-Path optionlength: 1 optionvalue: 2

coap_adapter.cpp:1384 ver: 1 type: Acknowledgement tokenlength: 1 code: 2.01 Created msgid: 4097
 optiondelta: Location-Path optionlength: 2 optionvalue: rd
 optiondelta: Location-Path optionlength: 1 optionvalue: 2
quit
2026-05-30 01:49:11.404954 [UDPAdapter:7] LM_DEBUG /work/apps/src/udp_adapter.cpp:364 reactor thread exiting
2026-05-30 01:49:11.405011 [UdpSvc:6] LM_DEBUG /work/apps/src/udp_adapter.cpp:33 closing fd:3 service:4
Segmentation fault (core dumped)
