main.cpp:421 ent.first:ep ent.second:urn:dev:zip-1
main.cpp:421 ent.first:role ent.second:client
main.cpp:421 ent.first:config ent.second:/opt/app/config
main.cpp:421 ent.first:bs ent.second:coap://zip-server:5683
main.cpp:421 ent.first:local ent.second:coap://0.0.0.0:56830
main.cpp:453 scheme:2 host:0.0.0.0 port:56830
2026-05-30 06:01:07.779731 [UdpSvc:6] LM_DEBUG /work/apps/src/udp_adapter.cpp:56 bound fd:3 host:0.0.0.0 port:56830 scheme:2 service:4
2026-05-30 06:01:07.780356 [UDPAdapter:7] LM_DEBUG /work/apps/src/udp_adapter.cpp:362 reactor thread started
LwM2MClient-->> [lwm2m] no bootstrap; sending Register directly

coap_adapter.cpp:1384 ver: 1 type: Acknowledgement tokenlength: 1 code: 2.01 Created msgid: 4097
 optiondelta: Location-Path optionlength: 2 optionvalue: rd
 optiondelta: Location-Path optionlength: 1 optionvalue: 1

coap_adapter.cpp:1384 ver: 1 type: Acknowledgement tokenlength: 1 code: 2.01 Created msgid: 4097
 optiondelta: Location-Path optionlength: 2 optionvalue: rd
 optiondelta: Location-Path optionlength: 1 optionvalue: 1
<y=ep=A12345 file=/tmp/big.json content-format=12201
coap_adapter.cpp:944 compression ratio input/output: 12.7386, output size: 153
coap_adapter.cpp:275 uri: push
coap_adapter.cpp:329 query: ep=A12345
LwM2MClient-->> quit
2026-05-30 06:01:13.771090 [UDPAdapter:7] LM_DEBUG /work/apps/src/udp_adapter.cpp:386 reactor thread exiting
2026-05-30 06:01:13.771164 [UdpSvc:6] LM_DEBUG /work/apps/src/udp_adapter.cpp:33 closing fd:3 service:4
