[L9] (re)creating podman network lwm2m-interop
[L9] starting Leshan server (corfr/leshan, amd64 via QEMU)
WARNING: image platform (linux/amd64) does not match the expected platform (linux/arm64)
[leshan] 2026-05-29 14:19:26,016 INFO LeshanServer - LWM2M server started at coap:///[0:0:0:0:0:0:0:0]:5683 coaps:///[0:0:0:0:0:0:0:0]:5684
[leshan] 2026-05-29 14:19:26,384 INFO LeshanServerDemo - Web server started at http://0.0.0.0:8080/.
[L9] starting tcpdump sniffer attached to Leshan netns
[L9] starting iot client → Leshan
[L9] running for 75 s (Register + initial tick window)
[L9] sample of iot client log:
[iot] 2026-05-29 14:19:41.218714 [UdpSvc:1] LM_DEBUG /tmp/source/iot/apps/src/udp_adapter.cpp:56 bound fd:3 host:0.0.0.0 port:56830 scheme:2 service:4
[iot] 2026-05-29 14:19:41.219465 [UDPAdapter:2] LM_DEBUG /tmp/source/iot/apps/src/udp_adapter.cpp:355 reactor thread started
[iot] [lwm2m] stdin is not a TTY; running in non-interactive mode (reactor only).
[iot] [lwm2m] no bootstrap; sending Register directly
[iot] 
[iot] coap_adapter.cpp:1384 ver: 1 type: Acknowledgement tokenlength: 1 code: 2.01 Created msgid: 4097
[iot]  optiondelta: Location-Path optionlength: 2 optionvalue: rd
[iot]  optiondelta: Location-Path optionlength: 10 optionvalue: q5J2Ioo7DZ
[iot] 
[iot] coap_adapter.cpp:1384 ver: 1 type: Acknowledgement tokenlength: 1 code: 2.01 Created msgid: 4097
[iot]  optiondelta: Location-Path optionlength: 2 optionvalue: rd
[iot]  optiondelta: Location-Path optionlength: 10 optionvalue: q5J2Ioo7DZ
[L9] sample of Leshan server log:
[leshan] 2026-05-29 14:19:26,016 INFO LeshanServer - LWM2M server started at coap:///[0:0:0:0:0:0:0:0]:5683 coaps:///[0:0:0:0:0:0:0:0]:5684
[leshan] 2026-05-29 14:19:26,384 INFO LeshanServerDemo - Web server started at http://0.0.0.0:8080/.
[L9] tearing down (pcap closed)
[L9] pcap → log/L9/nfr-001-coap.pcap
-rw-r--r--  1 naushada  staff  302 29 May 20:30 log/L9/nfr-001-coap.pcap
