[L9] (re)creating podman network lwm2m-interop
[L9] starting iot server (naushada/iot:latest, role=server)
[iot-server] main.cpp:453 scheme:2 host:0.0.0.0 port:5683
[iot-server] 2026-05-29 15:14:21.111509 [UdpSvc:1] LM_DEBUG /tmp/source/iot/apps/src/udp_adapter.cpp:56 bound fd:3 host:0.0.0.0 port:5683 scheme:2 service:1
[iot-server] 2026-05-29 15:14:21.111701 [UdpSvc:1] LM_ERROR /tmp/source/iot/apps/src/udp_adapter.cpp:42 bind failed host:0.0.0.0 port:5683 errno:98
[L9] starting tcpdump sniffer attached to iot-server netns
[L9] starting wakaama lwm2mclient → iot server
WARNING: image platform (linux/amd64) does not match the expected platform (linux/arm64)
[L9] running for 45 s (Register + initial poll window)
[L9] sample of iot server log:
[iot-server]  optiondelta: Uri-Query optionlength: 9 optionvalue: lwm2m=1.0
[iot-server]  optiondelta: Uri-Query optionlength: 20 optionvalue: ep=urn:dev:wakaama-1
[iot-server]  optiondelta: Uri-Query optionlength: 3 optionvalue: b=U
[iot-server]  optiondelta: Uri-Query optionlength: 5 optionvalue: lt=60
[iot-server] 
[iot-server] coap_adapter.cpp:1384 ver: 1 type: Confirmable tokenlength: 4 code: POST msgid: 39491
[iot-server]  optiondelta: Uri-Path optionlength: 2 optionvalue: rd
[iot-server]  optiondelta: Uri-Path optionlength: 1 optionvalue: 1
[iot-server] 
[iot-server] coap_adapter.cpp:1384 ver: 1 type: Confirmable tokenlength: 4 code: POST msgid: 39491
[iot-server]  optiondelta: Uri-Path optionlength: 2 optionvalue: rd
[iot-server]  optiondelta: Uri-Path optionlength: 1 optionvalue: 1
[L9] sample of wakaama client log:
[wakaama] 
[wakaama] >  -> State: STATE_READY
[wakaama] 
[wakaama] >  -> State: STATE_READY
[wakaama] 
[wakaama] >  -> State: STATE_READY
[wakaama] 
[wakaama] >  -> State: STATE_READY
[L9] tearing down (pcap closed)
[L9] pcap → log/L9/nfr-002-coap.pcap
-rw-r--r--  1 naushada  staff  482 29 May 20:44 log/L9/nfr-002-coap.pcap
