[L9] (re)creating podman network lwm2m-interop
[L9] starting Leshan server (corfr/leshan, amd64 via QEMU) with --add-opens
WARNING: image platform (linux/amd64) does not match the expected platform (linux/arm64)
[leshan] 2026-05-29 15:35:43,290 INFO LeshanServer - LWM2M server started at coap:///[0:0:0:0:0:0:0:0]:5683 coaps:///[0:0:0:0:0:0:0:0]:5684
[leshan] 2026-05-29 15:35:43,924 INFO LeshanServerDemo - Web server started at http://0.0.0.0:8080/.
[L9] registering PSK credential for urn:dev:client-1 on Leshan via REST
[leshan-psk] http=200
[L9] starting tcpdump sniffer attached to Leshan netns
[L9] starting iot CoAPS client → Leshan (PSK handshake)
[L9] running for 30 s (DTLS handshake + Register window)
[L9] iot client log (last 25 lines):
[iot] May 29 15:36:02 DEBG got 48 bytes from port 5684
[iot] dtls_adapter.cpp:250 got len: 48 bytes from port: 5684
[iot] May 29 15:36:02 DEBG bytes from peer:: (48 bytes): 17FEFD00010000000000010023000100000000000105DFC72680D5A2462E5ABFE127F426716E6156C56C1ED9BB43B2DD
[iot] May 29 15:36:02 DEBG dtls_handle_message: FOUND PEER
[iot] May 29 15:36:02 DEBG got packet 23 (48 bytes)
[iot] May 29 15:36:02 DEBG nonce: (16 bytes): F440C6A8000100000000000100000000
[iot] May 29 15:36:02 DEBG key: (16 bytes): 5246DF4BC4A7846F611337B925E8F8FE
[iot] May 29 15:36:02 DEBG ciphertext: (27 bytes): 05DFC72680D5A2462E5ABFE127F426716E6156C56C1ED9BB43B2DD
[iot] May 29 15:36:02 DEBG decrypt_verify(): found 19 bytes cleartext
[iot] May 29 15:36:02 DEBG cleartext: (19 bytes): 61411001108272640A597370584B75304B5077
[iot] May 29 15:36:02 DEBG new packet arrived with seq_nr: 1
[iot] May 29 15:36:02 DEBG new bitfield is               : ffffffffffffffff
[iot] May 29 15:36:02 DEBG receive header: (13 bytes):
[iot] 00000000 17 FE FD 00 01 00 00 00  00 00 01 00 23 
[iot] May 29 15:36:02 DEBG receive unencrypted: (19 bytes):
[iot] 00000000 61 41 10 01 10 82 72 64  0A 59 73 70 58 4B 75 30 
[iot] 00000010 4B 50 77 
[iot] May 29 15:36:02 INFO ** application data:
[iot] May 29 15:36:02 DEBG dtlsReadCb --> Received deciphered message of length: 19
[iot] 
[iot] coap_adapter.cpp:1384 ver: 1 type: Acknowledgement tokenlength: 1 code: 2.01 Created msgid: 4097
[iot]  optiondelta: Location-Path optionlength: 2 optionvalue: rd
[iot]  optiondelta: Location-Path optionlength: 10 optionvalue: YspXKu0KPw
[iot] coap_adapter.cpp:1209 processRequest with session cf.length: 24
[iot] May 29 15:36:02 DEBG Message is deciphered successfully
[L9] Leshan log tail:
[leshan] 2026-05-29 15:35:43,290 INFO LeshanServer - LWM2M server started at coap:///[0:0:0:0:0:0:0:0]:5683 coaps:///[0:0:0:0:0:0:0:0]:5684
[leshan] 2026-05-29 15:35:43,924 INFO LeshanServerDemo - Web server started at http://0.0.0.0:8080/.
[L9] tearing down (pcap closed)
[L9] pcap → log/L9/nfr-001-dtls.pcap
-rw-r--r--  1 naushada  staff  1411 29 May 21:33 log/L9/nfr-001-dtls.pcap
