/usr/bin/cmake -S/work/apps -B/work/apps/build --check-build-system CMakeFiles/Makefile.cmake 0
/usr/bin/cmake -E cmake_progress_start /work/apps/build/CMakeFiles /work/apps/build//CMakeFiles/progress.marks
make  -f CMakeFiles/Makefile2 all
make[1]: Entering directory '/work/apps/build'
make  -f CMakeFiles/lwm2m.dir/build.make CMakeFiles/lwm2m.dir/depend
make  -f test/CMakeFiles/lwm2m_test.dir/build.make test/CMakeFiles/lwm2m_test.dir/depend
make[2]: Entering directory '/work/apps/build'
cd /work/apps/build && /usr/bin/cmake -E cmake_depends "Unix Makefiles" /work/apps /work/apps /work/apps/build /work/apps/build /work/apps/build/CMakeFiles/lwm2m.dir/DependInfo.cmake --color=
make[2]: Entering directory '/work/apps/build'
cd /work/apps/build && /usr/bin/cmake -E cmake_depends "Unix Makefiles" /work/apps /work/apps/test /work/apps/build /work/apps/build/test /work/apps/build/test/CMakeFiles/lwm2m_test.dir/DependInfo.cmake --color=
make[2]: Leaving directory '/work/apps/build'
make  -f CMakeFiles/lwm2m.dir/build.make CMakeFiles/lwm2m.dir/build
make[2]: Entering directory '/work/apps/build'
[  1%] Building CXX object CMakeFiles/lwm2m.dir/src/app.cpp.o
/usr/bin/c++ -DLWM2M_LITTLE_ENDIAN -I/work/apps/3rdparty/tinydtls -I/work/apps/3rdparty/json/single_include -I/usr/local/include/mongocxx/v_noabi -I/usr/local/include/bsoncxx/v_noabi -I/usr/local/ACE_TAO-7.0.0/include -I/work/apps/inc -std=c++17 -g -Wall -Wextra -O0 -MD -MT CMakeFiles/lwm2m.dir/src/app.cpp.o -MF CMakeFiles/lwm2m.dir/src/app.cpp.o.d -o CMakeFiles/lwm2m.dir/src/app.cpp.o -c /work/apps/src/app.cpp
Consolidate compiler generated dependencies of target lwm2m_test
make[2]: Leaving directory '/work/apps/build'
make  -f test/CMakeFiles/lwm2m_test.dir/build.make test/CMakeFiles/lwm2m_test.dir/build
make[2]: Entering directory '/work/apps/build'
[  2%] Building CXX object test/CMakeFiles/lwm2m_test.dir/__/src/coap_adapter.cpp.o
cd /work/apps/build/test && /usr/bin/c++ -DLWM2M_LITTLE_ENDIAN -I/work/apps/3rdparty/tinydtls -I/work/apps/3rdparty/json/single_include -I/usr/local/include/mongocxx/v_noabi -I/usr/local/include/bsoncxx/v_noabi -I/usr/local/ACE_TAO-7.0.0/include -I/work/apps/inc -I/work/apps/test/../inc -I/work/apps/test/test -std=c++17 -g -Wall -Wextra -O0 -std=c++2a -g -Wall -Wextra -MD -MT test/CMakeFiles/lwm2m_test.dir/__/src/coap_adapter.cpp.o -MF CMakeFiles/lwm2m_test.dir/__/src/coap_adapter.cpp.o.d -o CMakeFiles/lwm2m_test.dir/__/src/coap_adapter.cpp.o -c /work/apps/src/coap_adapter.cpp
In file included from /work/apps/inc/dtls_adapter.hpp:11,
                 from /work/apps/inc/udp_adapter.hpp:25,
                 from /work/apps/inc/app.hpp:14,
                 from /work/apps/src/app.cpp:4:
/work/apps/inc/coap_adapter.hpp: In member function 'std::string CoAPAdapter::getContentFormat(const CoAPAdapter::CoAPMessage&)':
/work/apps/inc/coap_adapter.hpp:291:39: warning: ISO C++ forbids converting a string constant to 'char*' [-Wwrite-strings]
  291 |                 std::cout << basename(__FILE__) << ":" << __LINE__ <<  " value:" << it->optionvalue << " cf: " << ::ntohs(atoi(it->optionvalue.c_str())) << std::endl;
      |                                       ^~~~~~~~
In file included from /work/apps/src/coap_adapter.cpp:4:
/work/apps/inc/coap_adapter.hpp: In member function 'std::string CoAPAdapter::getContentFormat(const CoAPAdapter::CoAPMessage&)':
/work/apps/inc/coap_adapter.hpp:291:39: warning: ISO C++ forbids converting a string constant to 'char*' [-Wwrite-strings]
  291 |                 std::cout << basename(__FILE__) << ":" << __LINE__ <<  " value:" << it->optionvalue << " cf: " << ::ntohs(atoi(it->optionvalue.c_str())) << std::endl;
      |                                       ^~~~~~~~
/work/apps/src/coap_adapter.cpp: In member function 'bool CoAPAdapter::serialise(const std::vector<std::__cxx11::basic_string<char>, std::allocator<std::__cxx11::basic_string<char> > >&, const std::vector<std::__cxx11::basic_string<char>, std::allocator<std::__cxx11::basic_string<char> > >&, const std::vector<std::__cxx11::basic_string<char>, std::allocator<std::__cxx11::basic_string<char> > >&, const uint16_t&, const uint8_t&, std::vector<std::__cxx11::basic_string<char>, std::allocator<std::__cxx11::basic_string<char> > >&)':
/work/apps/src/coap_adapter.cpp:184:35: warning: ISO C++ forbids converting a string constant to 'char*' [-Wwrite-strings]
  184 |             std::cout << basename(__FILE__) << ":" << __LINE__ << " uri: " << uri << std::endl;
      |                                   ^~~~~~~~
/work/apps/src/coap_adapter.cpp:185:29: warning: comparison of unsigned expression in '>= 0' is always true [-Wtype-limits]
  185 |             if(uri.length() >= 0 && uri.length() <= 12) {
      |                ~~~~~~~~~~~~~^~~~
/work/apps/src/coap_adapter.cpp:228:35: warning: ISO C++ forbids converting a string constant to 'char*' [-Wwrite-strings]
  228 |             std::cout << basename(__FILE__) << ":" << __LINE__ << " query: " << query << std::endl;
      |                                   ^~~~~~~~
/work/apps/src/coap_adapter.cpp:275:35: warning: ISO C++ forbids converting a string constant to 'char*' [-Wwrite-strings]
  275 |             std::cout << basename(__FILE__) << ":" << __LINE__ << " uri: " << uri << std::endl;
      |                                   ^~~~~~~~
/work/apps/src/coap_adapter.cpp:276:29: warning: comparison of unsigned expression in '>= 0' is always true [-Wtype-limits]
  276 |             if(uri.length() >= 0 && uri.length() <= 12) {
      |                ~~~~~~~~~~~~~^~~~
/work/apps/src/coap_adapter.cpp:329:35: warning: ISO C++ forbids converting a string constant to 'char*' [-Wwrite-strings]
  329 |             std::cout << basename(__FILE__) << ":" << __LINE__ << " query: " << query << std::endl;
      |                                   ^~~~~~~~
/work/apps/src/coap_adapter.cpp:157:10: warning: unused variable 'ret' [-Wunused-variable]
  157 |     bool ret = false;
      |          ^~~
/work/apps/src/coap_adapter.cpp: In member function 'bool CoAPAdapter::serialisePOST(const std::vector<std::__cxx11::basic_string<char>, std::allocator<std::__cxx11::basic_string<char> > >&, const std::vector<std::__cxx11::basic_string<char>, std::allocator<std::__cxx11::basic_string<char> > >&, const std::vector<std::__cxx11::basic_string<char>, std::allocator<std::__cxx11::basic_string<char> > >&, const uint16_t&, std::vector<std::__cxx11::basic_string<char>, std::allocator<std::__cxx11::basic_string<char> > >&)':
/work/apps/src/coap_adapter.cpp:410:35: warning: ISO C++ forbids converting a string constant to 'char*' [-Wwrite-strings]
  410 |             std::cout << basename(__FILE__) << ":" << " uri: " << uri << std::endl;
      |                                   ^~~~~~~~
/work/apps/src/coap_adapter.cpp:411:29: warning: comparison of unsigned expression in '>= 0' is always true [-Wtype-limits]
  411 |             if(uri.length() >= 0 && uri.length() <= 12) {
      |                ~~~~~~~~~~~~~^~~~
/work/apps/src/coap_adapter.cpp:455:35: warning: ISO C++ forbids converting a string constant to 'char*' [-Wwrite-strings]
  455 |             std::cout << basename(__FILE__) << ":" << " query: " << query << std::endl;
      |                                   ^~~~~~~~
/work/apps/src/coap_adapter.cpp:383:10: warning: unused variable 'ret' [-Wunused-variable]
  383 |     bool ret = false;
      |          ^~~
/work/apps/src/coap_adapter.cpp: In member function 'bool CoAPAdapter::buildRequest(const string&, std::vector<std::__cxx11::basic_string<char>, std::allocator<std::__cxx11::basic_string<char> > >&)':
/work/apps/src/coap_adapter.cpp:515:10: warning: unused variable 'ret' [-Wunused-variable]
  515 |     auto ret = getCBORAdapter().json2cbor(plainText, cbor);
      |          ^~~
/work/apps/src/coap_adapter.cpp: In member function 'std::string CoAPAdapter::buildResponse(const CoAPAdapter::CoAPMessage&)':
/work/apps/src/coap_adapter.cpp:707:30: warning: ISO C++ forbids converting a string constant to 'char*' [-Wwrite-strings]
  707 |         std::cout <<basename(__FILE__) << ":" << __FILE__ << " This is not an LwM2M Object" << std::endl;
      |                              ^~~~~~~~
/work/apps/src/coap_adapter.cpp: In member function 'int32_t CoAPAdapter::parseRequest(const string&, CoAPAdapter::CoAPMessage&)':
/work/apps/src/coap_adapter.cpp:723:34: warning: ISO C++ forbids converting a string constant to 'char*' [-Wwrite-strings]
  723 |             std::cout <<basename(__FILE__) << ":" << __LINE__ << " input buffer is too small to process" << std::endl;
      |                                  ^~~~~~~~
/work/apps/src/coap_adapter.cpp:737:38: warning: ISO C++ forbids converting a string constant to 'char*' [-Wwrite-strings]
  737 |                 std::cout <<basename(__FILE__) << ":" << __LINE__ << " input buffer is too small to process" << std::endl;
      |                                      ^~~~~~~~
/work/apps/src/coap_adapter.cpp:751:42: warning: ISO C++ forbids converting a string constant to 'char*' [-Wwrite-strings]
  751 |                     std::cout <<basename(__FILE__) << ":" << __LINE__ << " input buffer is too small to process" << std::endl;
      |                                          ^~~~~~~~
/work/apps/src/coap_adapter.cpp:759:42: warning: ISO C++ forbids converting a string constant to 'char*' [-Wwrite-strings]
  759 |                     std::cout <<basename(__FILE__) << ":" << __LINE__ << " input buffer is too small to process" << std::endl;
      |                                          ^~~~~~~~
/work/apps/src/coap_adapter.cpp:787:51: warning: ISO C++ forbids converting a string constant to 'char*' [-Wwrite-strings]
  787 |                             std::cout << basename(__FILE__) << ":" << __LINE__ << " expected length: " << len << std::endl;
      |                                                   ^~~~~~~~
/work/apps/src/coap_adapter.cpp:789:51: warning: ISO C++ forbids converting a string constant to 'char*' [-Wwrite-strings]
  789 |                             std::cout << basename(__FILE__) << ":" << __LINE__ << " actual length: " << len << std::endl;
      |                                                   ^~~~~~~~
/work/apps/src/coap_adapter.cpp:778:26: warning: unused variable 'num' [-Wunused-variable]
  778 |                     auto num = (blk1 >> 4) & 0b1111;
      |                          ^~~
/work/apps/src/coap_adapter.cpp:799:47: warning: ISO C++ forbids converting a string constant to 'char*' [-Wwrite-strings]
  799 |                         std::cout << basename(__FILE__) << ":" << __LINE__ << " actual length: " << len << std::endl;
      |                                               ^~~~~~~~
/work/apps/src/coap_adapter.cpp:807:33: warning: comparison of unsigned expression in '>= 0' is always true [-Wtype-limits]
  807 |             if(opt.optionlength >=0 && opt.optionlength <= 12) {
      |                ~~~~~~~~~~~~~~~~~^~~
/work/apps/src/coap_adapter.cpp:811:42: warning: ISO C++ forbids converting a string constant to 'char*' [-Wwrite-strings]
  811 |                     std::cout <<basename(__FILE__) << ":" << __LINE__ << " input buffer is too small to process" << std::endl;
      |                                          ^~~~~~~~
/work/apps/src/coap_adapter.cpp:818:42: warning: ISO C++ forbids converting a string constant to 'char*' [-Wwrite-strings]
  818 |                     std::cout <<basename(__FILE__) << ":" << __LINE__ << " input buffer is too small to process" << std::endl;
      |                                          ^~~~~~~~
/work/apps/src/coap_adapter.cpp:825:42: warning: ISO C++ forbids converting a string constant to 'char*' [-Wwrite-strings]
  825 |                     std::cout <<basename(__FILE__) << ":" << __LINE__ << " input buffer is too small to process" << std::endl;
      |                                          ^~~~~~~~
/work/apps/src/coap_adapter.cpp:832:42: warning: ISO C++ forbids converting a string constant to 'char*' [-Wwrite-strings]
  832 |                     std::cout <<basename(__FILE__) << ":" << __LINE__ << " input buffer is too small to process" << std::endl;
      |                                          ^~~~~~~~
/work/apps/src/coap_adapter.cpp:839:42: warning: ISO C++ forbids converting a string constant to 'char*' [-Wwrite-strings]
  839 |                     std::cout <<basename(__FILE__) << ":" << __LINE__ << " input buffer is too small to process" << std::endl;
      |                                          ^~~~~~~~
/work/apps/src/coap_adapter.cpp: In member function 'bool CoAPAdapter::uncompress(const string&, std::string&)':
/work/apps/src/coap_adapter.cpp:866:30: warning: ISO C++ forbids converting a string constant to 'char*' [-Wwrite-strings]
  866 |         std::cout<< basename(__FILE__) << ":" << __LINE__ << " could not initialize uncompression" << std::endl;
      |                              ^~~~~~~~
/work/apps/src/coap_adapter.cpp:885:35: warning: ISO C++ forbids converting a string constant to 'char*' [-Wwrite-strings]
  885 |             std::cout << basename(__FILE__) << ":" << __LINE__  << " could not uncompress" << std::endl;
      |                                   ^~~~~~~~
/work/apps/src/coap_adapter.cpp:896:29: warning: ISO C++ forbids converting a string constant to 'char*' [-Wwrite-strings]
  896 |         std::cout<<basename(__FILE__) << ":" << __LINE__  << " could not finalize uncompression" << std::endl;
      |                             ^~~~~~~~
/work/apps/src/coap_adapter.cpp:902:31: warning: ISO C++ forbids converting a string constant to 'char*' [-Wwrite-strings]
  902 |         std::cout << basename(__FILE__) << ":" << __LINE__  << " uncompression ratio input/output: "
      |                               ^~~~~~~~
/work/apps/src/coap_adapter.cpp:905:31: warning: ISO C++ forbids converting a string constant to 'char*' [-Wwrite-strings]
  905 |         std::cout << basename(__FILE__) << ":" << __LINE__ << " uncompression output empty" << std::endl;
      |                               ^~~~~~~~
/work/apps/src/coap_adapter.cpp: In member function 'bool CoAPAdapter::compress(const string&, std::string&)':
/work/apps/src/coap_adapter.cpp:944:31: warning: ISO C++ forbids converting a string constant to 'char*' [-Wwrite-strings]
  944 |         std::cout << basename(__FILE__) << ":" << __LINE__  << " compression ratio input/output: "
      |                               ^~~~~~~~
/work/apps/src/coap_adapter.cpp:947:31: warning: ISO C++ forbids converting a string constant to 'char*' [-Wwrite-strings]
  947 |         std::cout << basename(__FILE__) << ":" << __LINE__  << " compression output empty" << std::endl;
      |                               ^~~~~~~~
/work/apps/src/coap_adapter.cpp: In member function 'bool CoAPAdapter::writeIntoFile(const string&, const string&)':
/work/apps/src/coap_adapter.cpp:958:31: warning: ISO C++ forbids converting a string constant to 'char*' [-Wwrite-strings]
  958 |         std::cout << basename(__FILE__) << ":" << " Opening of file: " << fileName << " is Failed" << std::endl;
      |                               ^~~~~~~~
/work/apps/src/coap_adapter.cpp: In member function 'std::vector<std::__cxx11::basic_string<char>, std::allocator<std::__cxx11::basic_string<char> > > CoAPAdapter::handleLwM2MObjects(const CoAPAdapter::CoAPMessage&, std::string, uint32_t, uint32_t, uint32_t, uint32_t)':
/work/apps/src/coap_adapter.cpp:1003:39: warning: ISO C++ forbids converting a string constant to 'char*' [-Wwrite-strings]
 1003 |                 std::cout << basename(__FILE__) << ":" << __LINE__ <<  " object.m_oid:" << object.m_oid <<" ent.m_oiid:" << ent.m_oiid << " ent.m_riid:" << ent.m_riid
      |                                       ^~~~~~~~
/work/apps/src/coap_adapter.cpp:1011:32: warning: '0' flag ignored with precision and '%X' gnu_printf format [-Wformat=]
 1011 |                         printf("%0.2X ", (std::uint8_t)elm);
      |                                ^~~~~~~~
/work/apps/src/coap_adapter.cpp: In member function 'int32_t CoAPAdapter::processRequest(bool, const string&, std::vector<std::__cxx11::basic_string<char>, std::allocator<std::__cxx11::basic_string<char> > >&)':
/work/apps/src/coap_adapter.cpp:1085:24: warning: suggest parentheses around '&&' within '||' [-Wparentheses]
 1085 |     if(cf.length() > 0 && (cf == "application/vnd.oma.lwm2m+tlv") || (cf == "text/plain;charset=utf-8")) {
      |        ~~~~~~~~~~~~~~~~^~~~~~~~~~~~~~~~~~~~~~~~~~~~~~~~~~~~~~~~~~
/work/apps/src/coap_adapter.cpp:1092:39: warning: ISO C++ forbids converting a string constant to 'char*' [-Wwrite-strings]
 1092 |                 std::cout << basename(__FILE__) << ":" << __LINE__ << " building an ACK" << std::endl;
      |                                       ^~~~~~~~
/work/apps/src/coap_adapter.cpp:1148:43: warning: ISO C++ forbids converting a string constant to 'char*' [-Wwrite-strings]
 1148 |                     std::cout << basename(__FILE__) << ":" << __LINE__ << " The Response is\n" << payload.dump() << std::endl;
      |                                           ^~~~~~~~
/work/apps/src/coap_adapter.cpp:1155:26: warning: unused structured binding declaration [-Wunused-variable]
 1155 |                 for(auto&[key, value]: payload.items()) {
      |                          ^~~~~~~~~~~~
/work/apps/src/coap_adapter.cpp:1158:39: warning: ISO C++ forbids converting a string constant to 'char*' [-Wwrite-strings]
 1158 |                 std::cout << basename(__FILE__) << ":" << __LINE__ << " The Response is\n" << payload.dump() << std::endl;
      |                                       ^~~~~~~~
/work/apps/src/coap_adapter.cpp:1185:51: warning: ISO C++ forbids converting a string constant to 'char*' [-Wwrite-strings]
 1185 |                             std::cout << basename(__FILE__) << ":" << __LINE__ <<  " object.m_oid:" << object.m_oid <<" ent.m_oiid:" << ent.m_oiid << " ent.m_riid:" << ent.m_riid
      |                                                   ^~~~~~~~
/work/apps/src/coap_adapter.cpp:1190:40: warning: '0' flag ignored with precision and '%X' gnu_printf format [-Wformat=]
 1190 |                                 printf("%0.2X ", (std::uint8_t)elm);
      |                                        ^~~~~~~~
/work/apps/src/coap_adapter.cpp:1028:10: warning: unused variable 'ret' [-Wunused-variable]
 1028 |     auto ret = parseRequest(in, coapmessage);
      |          ^~~
/work/apps/src/coap_adapter.cpp: In member function 'int32_t CoAPAdapter::processRequest(bool, session_t*, std::string&, std::vector<std::__cxx11::basic_string<char>, std::allocator<std::__cxx11::basic_string<char> > >&)':
/work/apps/src/coap_adapter.cpp:1209:27: warning: ISO C++ forbids converting a string constant to 'char*' [-Wwrite-strings]
 1209 |     std::cout << basename(__FILE__) << ":" << __LINE__ << " processRequest with session cf.length: " << cf.length() << std::endl;
      |                           ^~~~~~~~
/work/apps/src/coap_adapter.cpp:1266:24: warning: suggest parentheses around '&&' within '||' [-Wparentheses]
 1266 |     if(cf.length() > 0 && (cf == "application/vnd.oma.lwm2m+tlv") || (cf == "text/plain;charset=utf-8")) {
      |        ~~~~~~~~~~~~~~~~^~~~~~~~~~~~~~~~~~~~~~~~~~~~~~~~~~~~~~~~~~
/work/apps/src/coap_adapter.cpp:1274:39: warning: ISO C++ forbids converting a string constant to 'char*' [-Wwrite-strings]
 1274 |                 std::cout << basename(__FILE__) << ":" << __LINE__ << " building an ACK" << std::endl;
      |                                       ^~~~~~~~
/work/apps/src/coap_adapter.cpp:1287:39: warning: ISO C++ forbids converting a string constant to 'char*' [-Wwrite-strings]
 1287 |                 std::cout << basename(__FILE__) << ":" << __LINE__ << " received LwM2M Object" << " oid: " << oid << " oiid: " << oiid << std::endl;
      |                                       ^~~~~~~~
/work/apps/src/coap_adapter.cpp:1356:51: warning: ISO C++ forbids converting a string constant to 'char*' [-Wwrite-strings]
 1356 |                             std::cout << basename(__FILE__) << ":" << __LINE__ <<  " object.m_oid:" << object.m_oid <<" ent.m_oiid:" << ent.m_oiid << " ent.m_riid:" << ent.m_riid
      |                                                   ^~~~~~~~
/work/apps/src/coap_adapter.cpp:1361:40: warning: '0' flag ignored with precision and '%X' gnu_printf format [-Wformat=]
 1361 |                                 printf("%0.2X ", (std::uint8_t)elm);
      |                                        ^~~~~~~~
/work/apps/src/coap_adapter.cpp:1207:10: warning: unused variable 'ret' [-Wunused-variable]
 1207 |     auto ret = parseRequest(in, coapmessage);
      |          ^~~
/work/apps/src/coap_adapter.cpp: In member function 'void CoAPAdapter::dumpCoAPMessage(const CoAPAdapter::CoAPMessage&)':
/work/apps/src/coap_adapter.cpp:1384:40: warning: ISO C++ forbids converting a string constant to 'char*' [-Wwrite-strings]
 1384 |     std::cout << std::endl << basename(__FILE__) << ":" << __LINE__
      |                                        ^~~~~~~~
/work/apps/src/coap_adapter.cpp:1406:16: warning: '0' flag ignored with precision and '%X' gnu_printf format [-Wformat=]
 1406 |         printf("Block1 Length: %0.2X\n", blk1);
      |                ^~~~~~~~~~~~~~~~~~~~~~~~
/work/apps/src/coap_adapter.cpp:1411:31: warning: ISO C++ forbids converting a string constant to 'char*' [-Wwrite-strings]
 1411 |         std::cout << basename(__FILE__) << ":" << __LINE__ << " Block Number: " << std::to_string(num)
      |                               ^~~~~~~~
[  4%] Building CXX object CMakeFiles/lwm2m.dir/src/cbor_adapter.cpp.o
/usr/bin/c++ -DLWM2M_LITTLE_ENDIAN -I/work/apps/3rdparty/tinydtls -I/work/apps/3rdparty/json/single_include -I/usr/local/include/mongocxx/v_noabi -I/usr/local/include/bsoncxx/v_noabi -I/usr/local/ACE_TAO-7.0.0/include -I/work/apps/inc -std=c++17 -g -Wall -Wextra -O0 -MD -MT CMakeFiles/lwm2m.dir/src/cbor_adapter.cpp.o -MF CMakeFiles/lwm2m.dir/src/cbor_adapter.cpp.o.d -o CMakeFiles/lwm2m.dir/src/cbor_adapter.cpp.o -c /work/apps/src/cbor_adapter.cpp
/work/apps/src/cbor_adapter.cpp: In member function 'int32_t CBORAdapter::getCBOR(const string&, std::string&)':
/work/apps/src/cbor_adapter.cpp:66:10: warning: unused variable 'ret' [-Wunused-variable]
   66 |     auto ret = json2cbor(data, cbor);
      |          ^~~
[  5%] Building CXX object CMakeFiles/lwm2m.dir/src/cli/coap_dispatch.cpp.o
/usr/bin/c++ -DLWM2M_LITTLE_ENDIAN -I/work/apps/3rdparty/tinydtls -I/work/apps/3rdparty/json/single_include -I/usr/local/include/mongocxx/v_noabi -I/usr/local/include/bsoncxx/v_noabi -I/usr/local/ACE_TAO-7.0.0/include -I/work/apps/inc -std=c++17 -g -Wall -Wextra -O0 -MD -MT CMakeFiles/lwm2m.dir/src/cli/coap_dispatch.cpp.o -MF CMakeFiles/lwm2m.dir/src/cli/coap_dispatch.cpp.o.d -o CMakeFiles/lwm2m.dir/src/cli/coap_dispatch.cpp.o -c /work/apps/src/cli/coap_dispatch.cpp
[  6%] Building CXX object test/CMakeFiles/lwm2m_test.dir/__/src/lwm2m_adapter.cpp.o
cd /work/apps/build/test && /usr/bin/c++ -DLWM2M_LITTLE_ENDIAN -I/work/apps/3rdparty/tinydtls -I/work/apps/3rdparty/json/single_include -I/usr/local/include/mongocxx/v_noabi -I/usr/local/include/bsoncxx/v_noabi -I/usr/local/ACE_TAO-7.0.0/include -I/work/apps/inc -I/work/apps/test/../inc -I/work/apps/test/test -std=c++17 -g -Wall -Wextra -O0 -std=c++2a -g -Wall -Wextra -MD -MT test/CMakeFiles/lwm2m_test.dir/__/src/lwm2m_adapter.cpp.o -MF CMakeFiles/lwm2m_test.dir/__/src/lwm2m_adapter.cpp.o.d -o CMakeFiles/lwm2m_test.dir/__/src/lwm2m_adapter.cpp.o -c /work/apps/src/lwm2m_adapter.cpp
In file included from /work/apps/inc/dtls_adapter.hpp:11,
                 from /work/apps/inc/udp_adapter.hpp:25,
                 from /work/apps/inc/app.hpp:14,
                 from /work/apps/src/cli/coap_dispatch.cpp:7:
/work/apps/inc/coap_adapter.hpp: In member function 'std::string CoAPAdapter::getContentFormat(const CoAPAdapter::CoAPMessage&)':
/work/apps/inc/coap_adapter.hpp:291:39: warning: ISO C++ forbids converting a string constant to 'char*' [-Wwrite-strings]
  291 |                 std::cout << basename(__FILE__) << ":" << __LINE__ <<  " value:" << it->optionvalue << " cf: " << ::ntohs(atoi(it->optionvalue.c_str())) << std::endl;
      |                                       ^~~~~~~~
/work/apps/src/lwm2m_adapter.cpp: In member function 'int32_t LwM2MAdapter::parseLwM2MUri(const string&, uint32_t&, uint32_t&, uint32_t&)':
/work/apps/src/lwm2m_adapter.cpp:357:31: warning: ISO C++ forbids converting a string constant to 'char*' [-Wwrite-strings]
  357 |         std::cout << basename(__FILE__) << ":" << __LINE__ << " Error uri is empty" << std::endl;
      |                               ^~~~~~~~
/work/apps/src/lwm2m_adapter.cpp: In member function 'int32_t LwM2MAdapter::parseLwM2MPayload(const string&, const string&, std::vector<LwM2MObject>&)':
/work/apps/src/lwm2m_adapter.cpp:798:1: warning: no return statement in function returning non-void [-Wreturn-type]
  798 | }
      | ^
/work/apps/src/lwm2m_adapter.cpp:400:65: warning: unused parameter 'uri' [-Wunused-parameter]
  400 | std::int32_t LwM2MAdapter::parseLwM2MPayload(const std::string& uri, const std::string& payload, std::vector<LwM2MObject>& objects) {
      |                                              ~~~~~~~~~~~~~~~~~~~^~~
/work/apps/src/lwm2m_adapter.cpp:400:89: warning: unused parameter 'payload' [-Wunused-parameter]
  400 | std::int32_t LwM2MAdapter::parseLwM2MPayload(const std::string& uri, const std::string& payload, std::vector<LwM2MObject>& objects) {
      |                                                                      ~~~~~~~~~~~~~~~~~~~^~~~~~~
/work/apps/src/lwm2m_adapter.cpp:400:124: warning: unused parameter 'objects' [-Wunused-parameter]
  400 | std::int32_t LwM2MAdapter::parseLwM2MPayload(const std::string& uri, const std::string& payload, std::vector<LwM2MObject>& objects) {
      |                                                                                                  ~~~~~~~~~~~~~~~~~~~~~~~~~~^~~~~~~
/work/apps/src/lwm2m_adapter.cpp: In member function 'int32_t LwM2MAdapter::serialiseObjects(const json&, std::string&)':
/work/apps/src/lwm2m_adapter.cpp:851:39: warning: ISO C++ forbids converting a string constant to 'char*' [-Wwrite-strings]
  851 |                 std::cout << basename(__FILE__) << ":" << __LINE__ << " unsupported type" << std::endl;
      |                                       ^~~~~~~~
/work/apps/src/lwm2m_adapter.cpp: In member function 'int32_t LwM2MAdapter::buildLwM2MPayload(const ObjectId_t&, std::string, json&, std::string&)':
/work/apps/src/lwm2m_adapter.cpp:1230:1: warning: no return statement in function returning non-void [-Wreturn-type]
 1230 | }
      | ^
[  8%] Building CXX object CMakeFiles/lwm2m.dir/src/cli/command_registry.cpp.o
/usr/bin/c++ -DLWM2M_LITTLE_ENDIAN -I/work/apps/3rdparty/tinydtls -I/work/apps/3rdparty/json/single_include -I/usr/local/include/mongocxx/v_noabi -I/usr/local/include/bsoncxx/v_noabi -I/usr/local/ACE_TAO-7.0.0/include -I/work/apps/inc -std=c++17 -g -Wall -Wextra -O0 -MD -MT CMakeFiles/lwm2m.dir/src/cli/command_registry.cpp.o -MF CMakeFiles/lwm2m.dir/src/cli/command_registry.cpp.o.d -o CMakeFiles/lwm2m.dir/src/cli/command_registry.cpp.o -c /work/apps/src/cli/command_registry.cpp
/work/apps/src/cli/command_registry.cpp: In static member function 'static CommandRegistry CommandRegistry::build_default()':
/work/apps/src/cli/command_registry.cpp:47:12: error: use of deleted function 'CommandRegistry::CommandRegistry(const CommandRegistry&)'
   47 |     return r;
      |            ^
In file included from /work/apps/src/cli/command_registry.cpp:1:
/work/apps/inc/cli/command_registry.hpp:17:5: note: declared here
   17 |     CommandRegistry(const CommandRegistry&) = delete;
      |     ^~~~~~~~~~~~~~~
make[2]: *** [CMakeFiles/lwm2m.dir/build.make:121: CMakeFiles/lwm2m.dir/src/cli/command_registry.cpp.o] Error 1
make[2]: Leaving directory '/work/apps/build'
make[1]: *** [CMakeFiles/Makefile2:103: CMakeFiles/lwm2m.dir/all] Error 2
make[1]: *** Waiting for unfinished jobs....
[  9%] Building CXX object test/CMakeFiles/lwm2m_test.dir/__/src/lwm2m_bootstrap_client.cpp.o
cd /work/apps/build/test && /usr/bin/c++ -DLWM2M_LITTLE_ENDIAN -I/work/apps/3rdparty/tinydtls -I/work/apps/3rdparty/json/single_include -I/usr/local/include/mongocxx/v_noabi -I/usr/local/include/bsoncxx/v_noabi -I/usr/local/ACE_TAO-7.0.0/include -I/work/apps/inc -I/work/apps/test/../inc -I/work/apps/test/test -std=c++17 -g -Wall -Wextra -O0 -std=c++2a -g -Wall -Wextra -MD -MT test/CMakeFiles/lwm2m_test.dir/__/src/lwm2m_bootstrap_client.cpp.o -MF CMakeFiles/lwm2m_test.dir/__/src/lwm2m_bootstrap_client.cpp.o.d -o CMakeFiles/lwm2m_test.dir/__/src/lwm2m_bootstrap_client.cpp.o -c /work/apps/src/lwm2m_bootstrap_client.cpp
[ 10%] Building CXX object test/CMakeFiles/lwm2m_test.dir/__/src/lwm2m_bootstrap_server.cpp.o
cd /work/apps/build/test && /usr/bin/c++ -DLWM2M_LITTLE_ENDIAN -I/work/apps/3rdparty/tinydtls -I/work/apps/3rdparty/json/single_include -I/usr/local/include/mongocxx/v_noabi -I/usr/local/include/bsoncxx/v_noabi -I/usr/local/ACE_TAO-7.0.0/include -I/work/apps/inc -I/work/apps/test/../inc -I/work/apps/test/test -std=c++17 -g -Wall -Wextra -O0 -std=c++2a -g -Wall -Wextra -MD -MT test/CMakeFiles/lwm2m_test.dir/__/src/lwm2m_bootstrap_server.cpp.o -MF CMakeFiles/lwm2m_test.dir/__/src/lwm2m_bootstrap_server.cpp.o.d -o CMakeFiles/lwm2m_test.dir/__/src/lwm2m_bootstrap_server.cpp.o -c /work/apps/src/lwm2m_bootstrap_server.cpp
In file included from /work/apps/inc/lwm2m_bootstrap_client.hpp:9,
                 from /work/apps/src/lwm2m_bootstrap_client.cpp:1:
/work/apps/inc/coap_adapter.hpp: In member function 'std::string CoAPAdapter::getContentFormat(const CoAPAdapter::CoAPMessage&)':
/work/apps/inc/coap_adapter.hpp:291:39: warning: ISO C++ forbids converting a string constant to 'char*' [-Wwrite-strings]
  291 |                 std::cout << basename(__FILE__) << ":" << __LINE__ <<  " value:" << it->optionvalue << " cf: " << ::ntohs(atoi(it->optionvalue.c_str())) << std::endl;
      |                                       ^~~~~~~~
/work/apps/src/lwm2m_bootstrap_client.cpp: At global scope:
/work/apps/src/lwm2m_bootstrap_client.cpp:39:13: warning: 'std::string lwm2m::bootstrap::{anonymous}::hex_to_bin(const string&)' defined but not used [-Wunused-function]
   39 | std::string hex_to_bin(const std::string& hex) {
      |             ^~~~~~~~~~
In file included from /work/apps/inc/lwm2m_bootstrap_server.hpp:9,
                 from /work/apps/src/lwm2m_bootstrap_server.cpp:1:
/work/apps/inc/coap_adapter.hpp: In member function 'std::string CoAPAdapter::getContentFormat(const CoAPAdapter::CoAPMessage&)':
/work/apps/inc/coap_adapter.hpp:291:39: warning: ISO C++ forbids converting a string constant to 'char*' [-Wwrite-strings]
  291 |                 std::cout << basename(__FILE__) << ":" << __LINE__ <<  " value:" << it->optionvalue << " cf: " << ::ntohs(atoi(it->optionvalue.c_str())) << std::endl;
      |                                       ^~~~~~~~
[ 12%] Building CXX object test/CMakeFiles/lwm2m_test.dir/__/src/lwm2m_codec_linkformat.cpp.o
cd /work/apps/build/test && /usr/bin/c++ -DLWM2M_LITTLE_ENDIAN -I/work/apps/3rdparty/tinydtls -I/work/apps/3rdparty/json/single_include -I/usr/local/include/mongocxx/v_noabi -I/usr/local/include/bsoncxx/v_noabi -I/usr/local/ACE_TAO-7.0.0/include -I/work/apps/inc -I/work/apps/test/../inc -I/work/apps/test/test -std=c++17 -g -Wall -Wextra -O0 -std=c++2a -g -Wall -Wextra -MD -MT test/CMakeFiles/lwm2m_test.dir/__/src/lwm2m_codec_linkformat.cpp.o -MF CMakeFiles/lwm2m_test.dir/__/src/lwm2m_codec_linkformat.cpp.o.d -o CMakeFiles/lwm2m_test.dir/__/src/lwm2m_codec_linkformat.cpp.o -c /work/apps/src/lwm2m_codec_linkformat.cpp
[ 13%] Building CXX object test/CMakeFiles/lwm2m_test.dir/__/src/lwm2m_codec_plaintext.cpp.o
cd /work/apps/build/test && /usr/bin/c++ -DLWM2M_LITTLE_ENDIAN -I/work/apps/3rdparty/tinydtls -I/work/apps/3rdparty/json/single_include -I/usr/local/include/mongocxx/v_noabi -I/usr/local/include/bsoncxx/v_noabi -I/usr/local/ACE_TAO-7.0.0/include -I/work/apps/inc -I/work/apps/test/../inc -I/work/apps/test/test -std=c++17 -g -Wall -Wextra -O0 -std=c++2a -g -Wall -Wextra -MD -MT test/CMakeFiles/lwm2m_test.dir/__/src/lwm2m_codec_plaintext.cpp.o -MF CMakeFiles/lwm2m_test.dir/__/src/lwm2m_codec_plaintext.cpp.o.d -o CMakeFiles/lwm2m_test.dir/__/src/lwm2m_codec_plaintext.cpp.o -c /work/apps/src/lwm2m_codec_plaintext.cpp
[ 14%] Building CXX object test/CMakeFiles/lwm2m_test.dir/__/src/lwm2m_codec_registry.cpp.o
cd /work/apps/build/test && /usr/bin/c++ -DLWM2M_LITTLE_ENDIAN -I/work/apps/3rdparty/tinydtls -I/work/apps/3rdparty/json/single_include -I/usr/local/include/mongocxx/v_noabi -I/usr/local/include/bsoncxx/v_noabi -I/usr/local/ACE_TAO-7.0.0/include -I/work/apps/inc -I/work/apps/test/../inc -I/work/apps/test/test -std=c++17 -g -Wall -Wextra -O0 -std=c++2a -g -Wall -Wextra -MD -MT test/CMakeFiles/lwm2m_test.dir/__/src/lwm2m_codec_registry.cpp.o -MF CMakeFiles/lwm2m_test.dir/__/src/lwm2m_codec_registry.cpp.o.d -o CMakeFiles/lwm2m_test.dir/__/src/lwm2m_codec_registry.cpp.o -c /work/apps/src/lwm2m_codec_registry.cpp
[ 16%] Building CXX object test/CMakeFiles/lwm2m_test.dir/__/src/lwm2m_codec_senml.cpp.o
cd /work/apps/build/test && /usr/bin/c++ -DLWM2M_LITTLE_ENDIAN -I/work/apps/3rdparty/tinydtls -I/work/apps/3rdparty/json/single_include -I/usr/local/include/mongocxx/v_noabi -I/usr/local/include/bsoncxx/v_noabi -I/usr/local/ACE_TAO-7.0.0/include -I/work/apps/inc -I/work/apps/test/../inc -I/work/apps/test/test -std=c++17 -g -Wall -Wextra -O0 -std=c++2a -g -Wall -Wextra -MD -MT test/CMakeFiles/lwm2m_test.dir/__/src/lwm2m_codec_senml.cpp.o -MF CMakeFiles/lwm2m_test.dir/__/src/lwm2m_codec_senml.cpp.o.d -o CMakeFiles/lwm2m_test.dir/__/src/lwm2m_codec_senml.cpp.o -c /work/apps/src/lwm2m_codec_senml.cpp
[ 17%] Building CXX object test/CMakeFiles/lwm2m_test.dir/__/src/lwm2m_codec_tlv.cpp.o
cd /work/apps/build/test && /usr/bin/c++ -DLWM2M_LITTLE_ENDIAN -I/work/apps/3rdparty/tinydtls -I/work/apps/3rdparty/json/single_include -I/usr/local/include/mongocxx/v_noabi -I/usr/local/include/bsoncxx/v_noabi -I/usr/local/ACE_TAO-7.0.0/include -I/work/apps/inc -I/work/apps/test/../inc -I/work/apps/test/test -std=c++17 -g -Wall -Wextra -O0 -std=c++2a -g -Wall -Wextra -MD -MT test/CMakeFiles/lwm2m_test.dir/__/src/lwm2m_codec_tlv.cpp.o -MF CMakeFiles/lwm2m_test.dir/__/src/lwm2m_codec_tlv.cpp.o.d -o CMakeFiles/lwm2m_test.dir/__/src/lwm2m_codec_tlv.cpp.o -c /work/apps/src/lwm2m_codec_tlv.cpp
[ 18%] Building CXX object test/CMakeFiles/lwm2m_test.dir/__/src/lwm2m_dm_client.cpp.o
cd /work/apps/build/test && /usr/bin/c++ -DLWM2M_LITTLE_ENDIAN -I/work/apps/3rdparty/tinydtls -I/work/apps/3rdparty/json/single_include -I/usr/local/include/mongocxx/v_noabi -I/usr/local/include/bsoncxx/v_noabi -I/usr/local/ACE_TAO-7.0.0/include -I/work/apps/inc -I/work/apps/test/../inc -I/work/apps/test/test -std=c++17 -g -Wall -Wextra -O0 -std=c++2a -g -Wall -Wextra -MD -MT test/CMakeFiles/lwm2m_test.dir/__/src/lwm2m_dm_client.cpp.o -MF CMakeFiles/lwm2m_test.dir/__/src/lwm2m_dm_client.cpp.o.d -o CMakeFiles/lwm2m_test.dir/__/src/lwm2m_dm_client.cpp.o -c /work/apps/src/lwm2m_dm_client.cpp
In file included from /work/apps/inc/lwm2m_dm_client.hpp:8,
                 from /work/apps/src/lwm2m_dm_client.cpp:1:
/work/apps/inc/coap_adapter.hpp: In member function 'std::string CoAPAdapter::getContentFormat(const CoAPAdapter::CoAPMessage&)':
/work/apps/inc/coap_adapter.hpp:291:39: warning: ISO C++ forbids converting a string constant to 'char*' [-Wwrite-strings]
  291 |                 std::cout << basename(__FILE__) << ":" << __LINE__ <<  " value:" << it->optionvalue << " cf: " << ::ntohs(atoi(it->optionvalue.c_str())) << std::endl;
      |                                       ^~~~~~~~
[ 20%] Building CXX object test/CMakeFiles/lwm2m_test.dir/__/src/lwm2m_dm_server.cpp.o
cd /work/apps/build/test && /usr/bin/c++ -DLWM2M_LITTLE_ENDIAN -I/work/apps/3rdparty/tinydtls -I/work/apps/3rdparty/json/single_include -I/usr/local/include/mongocxx/v_noabi -I/usr/local/include/bsoncxx/v_noabi -I/usr/local/ACE_TAO-7.0.0/include -I/work/apps/inc -I/work/apps/test/../inc -I/work/apps/test/test -std=c++17 -g -Wall -Wextra -O0 -std=c++2a -g -Wall -Wextra -MD -MT test/CMakeFiles/lwm2m_test.dir/__/src/lwm2m_dm_server.cpp.o -MF CMakeFiles/lwm2m_test.dir/__/src/lwm2m_dm_server.cpp.o.d -o CMakeFiles/lwm2m_test.dir/__/src/lwm2m_dm_server.cpp.o -c /work/apps/src/lwm2m_dm_server.cpp
[ 21%] Building CXX object test/CMakeFiles/lwm2m_test.dir/__/src/lwm2m_object_3_device.cpp.o
cd /work/apps/build/test && /usr/bin/c++ -DLWM2M_LITTLE_ENDIAN -I/work/apps/3rdparty/tinydtls -I/work/apps/3rdparty/json/single_include -I/usr/local/include/mongocxx/v_noabi -I/usr/local/include/bsoncxx/v_noabi -I/usr/local/ACE_TAO-7.0.0/include -I/work/apps/inc -I/work/apps/test/../inc -I/work/apps/test/test -std=c++17 -g -Wall -Wextra -O0 -std=c++2a -g -Wall -Wextra -MD -MT test/CMakeFiles/lwm2m_test.dir/__/src/lwm2m_object_3_device.cpp.o -MF CMakeFiles/lwm2m_test.dir/__/src/lwm2m_object_3_device.cpp.o.d -o CMakeFiles/lwm2m_test.dir/__/src/lwm2m_object_3_device.cpp.o -c /work/apps/src/lwm2m_object_3_device.cpp
In file included from /work/apps/inc/lwm2m_coap_builder.hpp:10,
                 from /work/apps/src/lwm2m_dm_server.cpp:5:
/work/apps/inc/coap_adapter.hpp: In member function 'std::string CoAPAdapter::getContentFormat(const CoAPAdapter::CoAPMessage&)':
/work/apps/inc/coap_adapter.hpp:291:39: warning: ISO C++ forbids converting a string constant to 'char*' [-Wwrite-strings]
  291 |                 std::cout << basename(__FILE__) << ":" << __LINE__ <<  " value:" << it->optionvalue << " cf: " << ::ntohs(atoi(it->optionvalue.c_str())) << std::endl;
      |                                       ^~~~~~~~
[ 22%] Building CXX object test/CMakeFiles/lwm2m_test.dir/__/src/lwm2m_object_store.cpp.o
cd /work/apps/build/test && /usr/bin/c++ -DLWM2M_LITTLE_ENDIAN -I/work/apps/3rdparty/tinydtls -I/work/apps/3rdparty/json/single_include -I/usr/local/include/mongocxx/v_noabi -I/usr/local/include/bsoncxx/v_noabi -I/usr/local/ACE_TAO-7.0.0/include -I/work/apps/inc -I/work/apps/test/../inc -I/work/apps/test/test -std=c++17 -g -Wall -Wextra -O0 -std=c++2a -g -Wall -Wextra -MD -MT test/CMakeFiles/lwm2m_test.dir/__/src/lwm2m_object_store.cpp.o -MF CMakeFiles/lwm2m_test.dir/__/src/lwm2m_object_store.cpp.o.d -o CMakeFiles/lwm2m_test.dir/__/src/lwm2m_object_store.cpp.o -c /work/apps/src/lwm2m_object_store.cpp
[ 24%] Building CXX object test/CMakeFiles/lwm2m_test.dir/__/src/lwm2m_object_stubs.cpp.o
cd /work/apps/build/test && /usr/bin/c++ -DLWM2M_LITTLE_ENDIAN -I/work/apps/3rdparty/tinydtls -I/work/apps/3rdparty/json/single_include -I/usr/local/include/mongocxx/v_noabi -I/usr/local/include/bsoncxx/v_noabi -I/usr/local/ACE_TAO-7.0.0/include -I/work/apps/inc -I/work/apps/test/../inc -I/work/apps/test/test -std=c++17 -g -Wall -Wextra -O0 -std=c++2a -g -Wall -Wextra -MD -MT test/CMakeFiles/lwm2m_test.dir/__/src/lwm2m_object_stubs.cpp.o -MF CMakeFiles/lwm2m_test.dir/__/src/lwm2m_object_stubs.cpp.o.d -o CMakeFiles/lwm2m_test.dir/__/src/lwm2m_object_stubs.cpp.o -c /work/apps/src/lwm2m_object_stubs.cpp
[ 25%] Building CXX object test/CMakeFiles/lwm2m_test.dir/__/src/lwm2m_observe.cpp.o
cd /work/apps/build/test && /usr/bin/c++ -DLWM2M_LITTLE_ENDIAN -I/work/apps/3rdparty/tinydtls -I/work/apps/3rdparty/json/single_include -I/usr/local/include/mongocxx/v_noabi -I/usr/local/include/bsoncxx/v_noabi -I/usr/local/ACE_TAO-7.0.0/include -I/work/apps/inc -I/work/apps/test/../inc -I/work/apps/test/test -std=c++17 -g -Wall -Wextra -O0 -std=c++2a -g -Wall -Wextra -MD -MT test/CMakeFiles/lwm2m_test.dir/__/src/lwm2m_observe.cpp.o -MF CMakeFiles/lwm2m_test.dir/__/src/lwm2m_observe.cpp.o.d -o CMakeFiles/lwm2m_test.dir/__/src/lwm2m_observe.cpp.o -c /work/apps/src/lwm2m_observe.cpp
[ 26%] Building CXX object test/CMakeFiles/lwm2m_test.dir/__/src/lwm2m_registration.cpp.o
cd /work/apps/build/test && /usr/bin/c++ -DLWM2M_LITTLE_ENDIAN -I/work/apps/3rdparty/tinydtls -I/work/apps/3rdparty/json/single_include -I/usr/local/include/mongocxx/v_noabi -I/usr/local/include/bsoncxx/v_noabi -I/usr/local/ACE_TAO-7.0.0/include -I/work/apps/inc -I/work/apps/test/../inc -I/work/apps/test/test -std=c++17 -g -Wall -Wextra -O0 -std=c++2a -g -Wall -Wextra -MD -MT test/CMakeFiles/lwm2m_test.dir/__/src/lwm2m_registration.cpp.o -MF CMakeFiles/lwm2m_test.dir/__/src/lwm2m_registration.cpp.o.d -o CMakeFiles/lwm2m_test.dir/__/src/lwm2m_registration.cpp.o -c /work/apps/src/lwm2m_registration.cpp
In file included from /work/apps/inc/lwm2m_coap_builder.hpp:10,
                 from /work/apps/src/lwm2m_observe.cpp:7:
/work/apps/inc/coap_adapter.hpp: In member function 'std::string CoAPAdapter::getContentFormat(const CoAPAdapter::CoAPMessage&)':
/work/apps/inc/coap_adapter.hpp:291:39: warning: ISO C++ forbids converting a string constant to 'char*' [-Wwrite-strings]
  291 |                 std::cout << basename(__FILE__) << ":" << __LINE__ <<  " value:" << it->optionvalue << " cf: " << ::ntohs(atoi(it->optionvalue.c_str())) << std::endl;
      |                                       ^~~~~~~~
[ 28%] Building CXX object test/CMakeFiles/lwm2m_test.dir/__/src/lwm2m_registration_client.cpp.o
cd /work/apps/build/test && /usr/bin/c++ -DLWM2M_LITTLE_ENDIAN -I/work/apps/3rdparty/tinydtls -I/work/apps/3rdparty/json/single_include -I/usr/local/include/mongocxx/v_noabi -I/usr/local/include/bsoncxx/v_noabi -I/usr/local/ACE_TAO-7.0.0/include -I/work/apps/inc -I/work/apps/test/../inc -I/work/apps/test/test -std=c++17 -g -Wall -Wextra -O0 -std=c++2a -g -Wall -Wextra -MD -MT test/CMakeFiles/lwm2m_test.dir/__/src/lwm2m_registration_client.cpp.o -MF CMakeFiles/lwm2m_test.dir/__/src/lwm2m_registration_client.cpp.o.d -o CMakeFiles/lwm2m_test.dir/__/src/lwm2m_registration_client.cpp.o -c /work/apps/src/lwm2m_registration_client.cpp
[ 29%] Building CXX object test/CMakeFiles/lwm2m_test.dir/__/src/lwm2m_registration_server.cpp.o
cd /work/apps/build/test && /usr/bin/c++ -DLWM2M_LITTLE_ENDIAN -I/work/apps/3rdparty/tinydtls -I/work/apps/3rdparty/json/single_include -I/usr/local/include/mongocxx/v_noabi -I/usr/local/include/bsoncxx/v_noabi -I/usr/local/ACE_TAO-7.0.0/include -I/work/apps/inc -I/work/apps/test/../inc -I/work/apps/test/test -std=c++17 -g -Wall -Wextra -O0 -std=c++2a -g -Wall -Wextra -MD -MT test/CMakeFiles/lwm2m_test.dir/__/src/lwm2m_registration_server.cpp.o -MF CMakeFiles/lwm2m_test.dir/__/src/lwm2m_registration_server.cpp.o.d -o CMakeFiles/lwm2m_test.dir/__/src/lwm2m_registration_server.cpp.o -c /work/apps/src/lwm2m_registration_server.cpp
In file included from /work/apps/inc/lwm2m_registration_client.hpp:9,
                 from /work/apps/src/lwm2m_registration_client.cpp:1:
/work/apps/inc/coap_adapter.hpp: In member function 'std::string CoAPAdapter::getContentFormat(const CoAPAdapter::CoAPMessage&)':
/work/apps/inc/coap_adapter.hpp:291:39: warning: ISO C++ forbids converting a string constant to 'char*' [-Wwrite-strings]
  291 |                 std::cout << basename(__FILE__) << ":" << __LINE__ <<  " value:" << it->optionvalue << " cf: " << ::ntohs(atoi(it->optionvalue.c_str())) << std::endl;
      |                                       ^~~~~~~~
In file included from /work/apps/inc/lwm2m_registration_server.hpp:8,
                 from /work/apps/src/lwm2m_registration_server.cpp:1:
/work/apps/inc/coap_adapter.hpp: In member function 'std::string CoAPAdapter::getContentFormat(const CoAPAdapter::CoAPMessage&)':
/work/apps/inc/coap_adapter.hpp:291:39: warning: ISO C++ forbids converting a string constant to 'char*' [-Wwrite-strings]
  291 |                 std::cout << basename(__FILE__) << ":" << __LINE__ <<  " value:" << it->optionvalue << " cf: " << ::ntohs(atoi(it->optionvalue.c_str())) << std::endl;
      |                                       ^~~~~~~~
[ 30%] Building CXX object test/CMakeFiles/lwm2m_test.dir/bootstrap_test.cpp.o
cd /work/apps/build/test && /usr/bin/c++ -DLWM2M_LITTLE_ENDIAN -I/work/apps/3rdparty/tinydtls -I/work/apps/3rdparty/json/single_include -I/usr/local/include/mongocxx/v_noabi -I/usr/local/include/bsoncxx/v_noabi -I/usr/local/ACE_TAO-7.0.0/include -I/work/apps/inc -I/work/apps/test/../inc -I/work/apps/test/test -std=c++17 -g -Wall -Wextra -O0 -std=c++2a -g -Wall -Wextra -MD -MT test/CMakeFiles/lwm2m_test.dir/bootstrap_test.cpp.o -MF CMakeFiles/lwm2m_test.dir/bootstrap_test.cpp.o.d -o CMakeFiles/lwm2m_test.dir/bootstrap_test.cpp.o -c /work/apps/test/bootstrap_test.cpp
[ 32%] Building CXX object test/CMakeFiles/lwm2m_test.dir/cbor_adapter_test.cpp.o
cd /work/apps/build/test && /usr/bin/c++ -DLWM2M_LITTLE_ENDIAN -I/work/apps/3rdparty/tinydtls -I/work/apps/3rdparty/json/single_include -I/usr/local/include/mongocxx/v_noabi -I/usr/local/include/bsoncxx/v_noabi -I/usr/local/ACE_TAO-7.0.0/include -I/work/apps/inc -I/work/apps/test/../inc -I/work/apps/test/test -std=c++17 -g -Wall -Wextra -O0 -std=c++2a -g -Wall -Wextra -MD -MT test/CMakeFiles/lwm2m_test.dir/cbor_adapter_test.cpp.o -MF CMakeFiles/lwm2m_test.dir/cbor_adapter_test.cpp.o.d -o CMakeFiles/lwm2m_test.dir/cbor_adapter_test.cpp.o -c /work/apps/test/cbor_adapter_test.cpp
[ 33%] Building CXX object test/CMakeFiles/lwm2m_test.dir/coap_adapter_test.cpp.o
cd /work/apps/build/test && /usr/bin/c++ -DLWM2M_LITTLE_ENDIAN -I/work/apps/3rdparty/tinydtls -I/work/apps/3rdparty/json/single_include -I/usr/local/include/mongocxx/v_noabi -I/usr/local/include/bsoncxx/v_noabi -I/usr/local/ACE_TAO-7.0.0/include -I/work/apps/inc -I/work/apps/test/../inc -I/work/apps/test/test -std=c++17 -g -Wall -Wextra -O0 -std=c++2a -g -Wall -Wextra -MD -MT test/CMakeFiles/lwm2m_test.dir/coap_adapter_test.cpp.o -MF CMakeFiles/lwm2m_test.dir/coap_adapter_test.cpp.o.d -o CMakeFiles/lwm2m_test.dir/coap_adapter_test.cpp.o -c /work/apps/test/coap_adapter_test.cpp
In file included from /work/apps/inc/lwm2m_bootstrap_client.hpp:9,
                 from /work/apps/test/bootstrap_test.cpp:4:
/work/apps/inc/coap_adapter.hpp: In member function 'std::string CoAPAdapter::getContentFormat(const CoAPAdapter::CoAPMessage&)':
/work/apps/inc/coap_adapter.hpp:291:39: warning: ISO C++ forbids converting a string constant to 'char*' [-Wwrite-strings]
  291 |                 std::cout << basename(__FILE__) << ":" << __LINE__ <<  " value:" << it->optionvalue << " cf: " << ::ntohs(atoi(it->optionvalue.c_str())) << std::endl;
      |                                       ^~~~~~~~
In file included from /work/apps/test/coap_adapter_test.hpp:9,
                 from /work/apps/test/coap_adapter_test.cpp:4:
/work/apps/inc/coap_adapter.hpp: In member function 'std::string CoAPAdapter::getContentFormat(const CoAPAdapter::CoAPMessage&)':
/work/apps/inc/coap_adapter.hpp:291:39: warning: ISO C++ forbids converting a string constant to 'char*' [-Wwrite-strings]
  291 |                 std::cout << basename(__FILE__) << ":" << __LINE__ <<  " value:" << it->optionvalue << " cf: " << ::ntohs(atoi(it->optionvalue.c_str())) << std::endl;
      |                                       ^~~~~~~~
[ 34%] Building CXX object test/CMakeFiles/lwm2m_test.dir/codec_registry_test.cpp.o
cd /work/apps/build/test && /usr/bin/c++ -DLWM2M_LITTLE_ENDIAN -I/work/apps/3rdparty/tinydtls -I/work/apps/3rdparty/json/single_include -I/usr/local/include/mongocxx/v_noabi -I/usr/local/include/bsoncxx/v_noabi -I/usr/local/ACE_TAO-7.0.0/include -I/work/apps/inc -I/work/apps/test/../inc -I/work/apps/test/test -std=c++17 -g -Wall -Wextra -O0 -std=c++2a -g -Wall -Wextra -MD -MT test/CMakeFiles/lwm2m_test.dir/codec_registry_test.cpp.o -MF CMakeFiles/lwm2m_test.dir/codec_registry_test.cpp.o.d -o CMakeFiles/lwm2m_test.dir/codec_registry_test.cpp.o -c /work/apps/test/codec_registry_test.cpp
[ 36%] Building CXX object test/CMakeFiles/lwm2m_test.dir/dm_test.cpp.o
cd /work/apps/build/test && /usr/bin/c++ -DLWM2M_LITTLE_ENDIAN -I/work/apps/3rdparty/tinydtls -I/work/apps/3rdparty/json/single_include -I/usr/local/include/mongocxx/v_noabi -I/usr/local/include/bsoncxx/v_noabi -I/usr/local/ACE_TAO-7.0.0/include -I/work/apps/inc -I/work/apps/test/../inc -I/work/apps/test/test -std=c++17 -g -Wall -Wextra -O0 -std=c++2a -g -Wall -Wextra -MD -MT test/CMakeFiles/lwm2m_test.dir/dm_test.cpp.o -MF CMakeFiles/lwm2m_test.dir/dm_test.cpp.o.d -o CMakeFiles/lwm2m_test.dir/dm_test.cpp.o -c /work/apps/test/dm_test.cpp
[ 37%] Building CXX object test/CMakeFiles/lwm2m_test.dir/linkformat_test.cpp.o
cd /work/apps/build/test && /usr/bin/c++ -DLWM2M_LITTLE_ENDIAN -I/work/apps/3rdparty/tinydtls -I/work/apps/3rdparty/json/single_include -I/usr/local/include/mongocxx/v_noabi -I/usr/local/include/bsoncxx/v_noabi -I/usr/local/ACE_TAO-7.0.0/include -I/work/apps/inc -I/work/apps/test/../inc -I/work/apps/test/test -std=c++17 -g -Wall -Wextra -O0 -std=c++2a -g -Wall -Wextra -MD -MT test/CMakeFiles/lwm2m_test.dir/linkformat_test.cpp.o -MF CMakeFiles/lwm2m_test.dir/linkformat_test.cpp.o.d -o CMakeFiles/lwm2m_test.dir/linkformat_test.cpp.o -c /work/apps/test/linkformat_test.cpp
In file included from /work/apps/test/dm_test.cpp:3:
/work/apps/inc/coap_adapter.hpp: In member function 'std::string CoAPAdapter::getContentFormat(const CoAPAdapter::CoAPMessage&)':
/work/apps/inc/coap_adapter.hpp:291:39: warning: ISO C++ forbids converting a string constant to 'char*' [-Wwrite-strings]
  291 |                 std::cout << basename(__FILE__) << ":" << __LINE__ <<  " value:" << it->optionvalue << " cf: " << ::ntohs(atoi(it->optionvalue.c_str())) << std::endl;
      |                                       ^~~~~~~~
[ 38%] Building CXX object test/CMakeFiles/lwm2m_test.dir/lwm2m_adapter_test.cpp.o
cd /work/apps/build/test && /usr/bin/c++ -DLWM2M_LITTLE_ENDIAN -I/work/apps/3rdparty/tinydtls -I/work/apps/3rdparty/json/single_include -I/usr/local/include/mongocxx/v_noabi -I/usr/local/include/bsoncxx/v_noabi -I/usr/local/ACE_TAO-7.0.0/include -I/work/apps/inc -I/work/apps/test/../inc -I/work/apps/test/test -std=c++17 -g -Wall -Wextra -O0 -std=c++2a -g -Wall -Wextra -MD -MT test/CMakeFiles/lwm2m_test.dir/lwm2m_adapter_test.cpp.o -MF CMakeFiles/lwm2m_test.dir/lwm2m_adapter_test.cpp.o.d -o CMakeFiles/lwm2m_test.dir/lwm2m_adapter_test.cpp.o -c /work/apps/test/lwm2m_adapter_test.cpp
[ 40%] Building CXX object test/CMakeFiles/lwm2m_test.dir/object_store_test.cpp.o
cd /work/apps/build/test && /usr/bin/c++ -DLWM2M_LITTLE_ENDIAN -I/work/apps/3rdparty/tinydtls -I/work/apps/3rdparty/json/single_include -I/usr/local/include/mongocxx/v_noabi -I/usr/local/include/bsoncxx/v_noabi -I/usr/local/ACE_TAO-7.0.0/include -I/work/apps/inc -I/work/apps/test/../inc -I/work/apps/test/test -std=c++17 -g -Wall -Wextra -O0 -std=c++2a -g -Wall -Wextra -MD -MT test/CMakeFiles/lwm2m_test.dir/object_store_test.cpp.o -MF CMakeFiles/lwm2m_test.dir/object_store_test.cpp.o.d -o CMakeFiles/lwm2m_test.dir/object_store_test.cpp.o -c /work/apps/test/object_store_test.cpp
/work/apps/test/lwm2m_adapter_test.cpp: In member function 'virtual void LwM2MAdapterTestSuite_LwM2MUriWithOidOiid_Test::TestBody()':
/work/apps/test/lwm2m_adapter_test.cpp:27:27: warning: ISO C++ forbids converting a string constant to 'char*' [-Wwrite-strings]
   27 |     std::cout << basename(__FILE__) << ":" << __LINE__ << " oid:" << std::to_string(oid) << " oiid:" << std::to_string(oiid) << " rid:" << std::to_string(rid) << std::endl;
      |                           ^~~~~~~~
/work/apps/test/lwm2m_adapter_test.cpp: In member function 'virtual void LwM2MAdapterTestSuite_LwM2MUriWithOid_Test::TestBody()':
/work/apps/test/lwm2m_adapter_test.cpp:38:27: warning: ISO C++ forbids converting a string constant to 'char*' [-Wwrite-strings]
   38 |     std::cout << basename(__FILE__) << ":" << __LINE__ << " oid:" << std::to_string(oid) << " oiid:" << std::to_string(oiid) << " rid:" << std::to_string(rid) << std::endl;
      |                           ^~~~~~~~
/work/apps/test/lwm2m_adapter_test.cpp: In member function 'virtual void LwM2MAdapterTestSuite_LwM2MUriWithOidOiidRidSecurityUri_Test::TestBody()':
/work/apps/test/lwm2m_adapter_test.cpp:50:27: warning: ISO C++ forbids converting a string constant to 'char*' [-Wwrite-strings]
   50 |     std::cout << basename(__FILE__) << ":" << __LINE__ << " oid:" << std::to_string(oid) << " oiid:" << std::to_string(oiid) << " rid:" << std::to_string(rid) << std::endl;
      |                           ^~~~~~~~
/work/apps/test/lwm2m_adapter_test.cpp: In member function 'virtual void LwM2MAdapterTestSuite_LwM2MUriWithOidOiidRidDeviceUri_Test::TestBody()':
/work/apps/test/lwm2m_adapter_test.cpp:61:27: warning: ISO C++ forbids converting a string constant to 'char*' [-Wwrite-strings]
   61 |     std::cout << basename(__FILE__) << ":" << __LINE__ << " oid:" << std::to_string(oid) << " oiid:" << std::to_string(oiid) << " rid:" << std::to_string(rid) << std::endl;
      |                           ^~~~~~~~
/work/apps/test/lwm2m_adapter_test.cpp: In member function 'virtual void LwM2MAdapterTestSuite_SingleObjectInstance_Test::TestBody()':
/work/apps/test/lwm2m_adapter_test.cpp:76:27: warning: ISO C++ forbids converting a string constant to 'char*' [-Wwrite-strings]
   76 |     std::cout << basename(__FILE__) << ":" << __LINE__ << " oid:" << std::to_string(oid) << " oiid:" << std::to_string(oiid) << " rid:" << std::to_string(riid) << std::endl;
      |                           ^~~~~~~~
/work/apps/test/lwm2m_adapter_test.cpp:83:31: warning: ISO C++ forbids converting a string constant to 'char*' [-Wwrite-strings]
   83 |         std::cout << basename(__FILE__) << ":" << __LINE__ <<  " object.m_oid:" << object.m_oid <<" ent.m_oiid:" << ent.m_oiid << " ent.m_riid:" << ent.m_riid
      |                               ^~~~~~~~
/work/apps/test/lwm2m_adapter_test.cpp:88:20: warning: '0' flag ignored with precision and '%X' gnu_printf format [-Wformat=]
   88 |             printf("%0.2X ", (std::uint8_t)elm);
      |                    ^~~~~~~~
/work/apps/test/lwm2m_adapter_test.cpp: In member function 'virtual void LwM2MAdapterTestSuite_MultipleObjectInstance_Test::TestBody()':
/work/apps/test/lwm2m_adapter_test.cpp:112:27: warning: ISO C++ forbids converting a string constant to 'char*' [-Wwrite-strings]
  112 |     std::cout << basename(__FILE__) << ":" << __LINE__ << " oid:" << std::to_string(oid) << " oiid:" << std::to_string(oiid) << " riid:" << std::to_string(riid) << std::endl;
      |                           ^~~~~~~~
/work/apps/test/lwm2m_adapter_test.cpp:119:31: warning: ISO C++ forbids converting a string constant to 'char*' [-Wwrite-strings]
  119 |         std::cout << basename(__FILE__) << ":" << __LINE__ << " ent.m_oiid:" << ent.m_oiid << " ent.m_riid:" << ent.m_riid
      |                               ^~~~~~~~
/work/apps/test/lwm2m_adapter_test.cpp:125:20: warning: '0' flag ignored with precision and '%X' gnu_printf format [-Wformat=]
  125 |             printf("%0.2X ", elm);
      |                    ^~~~~~~~
/work/apps/test/lwm2m_adapter_test.cpp: In member function 'virtual void LwM2MAdapterTestSuite_BootstrapBSServerSecurityObject_Test::TestBody()':
/work/apps/test/lwm2m_adapter_test.cpp:141:27: warning: ISO C++ forbids converting a string constant to 'char*' [-Wwrite-strings]
  141 |     std::cout << basename(__FILE__) << ":" << __LINE__ << " oid:" << std::to_string(oid) << " oiid:" << std::to_string(oiid) << " riid:" << std::to_string(riid) << std::endl;
      |                           ^~~~~~~~
/work/apps/test/lwm2m_adapter_test.cpp:148:31: warning: ISO C++ forbids converting a string constant to 'char*' [-Wwrite-strings]
  148 |         std::cout << basename(__FILE__) << ":" << __LINE__ << " object.m_oid:" << object.m_oid << " ent.m_oiid:" << ent.m_oiid << " ent.m_riid:" << ent.m_riid
      |                               ^~~~~~~~
/work/apps/test/lwm2m_adapter_test.cpp:154:20: warning: '0' flag ignored with precision and '%X' gnu_printf format [-Wformat=]
  154 |             printf("%0.2X ", elm);
      |                    ^~~~~~~~
/work/apps/test/lwm2m_adapter_test.cpp: In member function 'virtual void LwM2MAdapterTestSuite_BootstrapSecurityDMServerObject_Test::TestBody()':
/work/apps/test/lwm2m_adapter_test.cpp:172:27: warning: ISO C++ forbids converting a string constant to 'char*' [-Wwrite-strings]
  172 |     std::cout << basename(__FILE__) << ":" << __LINE__ << " oid:" << std::to_string(oid) << " oiid:" << std::to_string(oiid) << " riid:" << std::to_string(riid) << std::endl;
      |                           ^~~~~~~~
/work/apps/test/lwm2m_adapter_test.cpp:178:27: warning: ISO C++ forbids converting a string constant to 'char*' [-Wwrite-strings]
  178 |     std::cout << basename(__FILE__) << ":" << __LINE__ << " ret:" << ret << std::endl;
      |                           ^~~~~~~~
/work/apps/test/lwm2m_adapter_test.cpp:180:31: warning: ISO C++ forbids converting a string constant to 'char*' [-Wwrite-strings]
  180 |         std::cout << basename(__FILE__) << ":" << __LINE__ << " object.m_oid:" << object.m_oid << " ent.m_oiid:" << ent.m_oiid << " ent.m_riid:" << ent.m_riid
      |                               ^~~~~~~~
/work/apps/test/lwm2m_adapter_test.cpp:186:20: warning: '0' flag ignored with precision and '%X' gnu_printf format [-Wformat=]
  186 |             printf("%0.2X ", elm);
      |                    ^~~~~~~~
/work/apps/test/lwm2m_adapter_test.cpp: In member function 'virtual void LwM2MAdapterTestSuite_DMServerObject_Test::TestBody()':
/work/apps/test/lwm2m_adapter_test.cpp:204:27: warning: ISO C++ forbids converting a string constant to 'char*' [-Wwrite-strings]
  204 |     std::cout << basename(__FILE__) << ":" << __LINE__ << " oid:" << std::to_string(oid) << " oiid:" << std::to_string(oiid) << " riid:" << std::to_string(riid) << std::endl;
      |                           ^~~~~~~~
/work/apps/test/lwm2m_adapter_test.cpp:211:31: warning: ISO C++ forbids converting a string constant to 'char*' [-Wwrite-strings]
  211 |         std::cout << basename(__FILE__) << ":" << __LINE__ << " object.m_oid:" << object.m_oid << " ent.m_oiid:" << ent.m_oiid << " ent.m_riid:" << ent.m_riid
      |                               ^~~~~~~~
/work/apps/test/lwm2m_adapter_test.cpp:216:20: warning: '0' flag ignored with precision and '%X' gnu_printf format [-Wformat=]
  216 |             printf("%0.2X ", elm);
      |                    ^~~~~~~~
/work/apps/test/lwm2m_adapter_test.cpp: In member function 'virtual void LwM2MAdapterTestSuite_DeserialiseLwM2MObject_Test::TestBody()':
/work/apps/test/lwm2m_adapter_test.cpp:248:27: warning: ISO C++ forbids converting a string constant to 'char*' [-Wwrite-strings]
  248 |     std::cout << basename(__FILE__) << ":" << __LINE__ << " request: " << request.dump() << std::endl;
      |                           ^~~~~~~~
/work/apps/test/lwm2m_adapter_test.cpp:254:27: warning: ISO C++ forbids converting a string constant to 'char*' [-Wwrite-strings]
  254 |     std::cout << basename(__FILE__) << ":" << __LINE__ << " oid:" << std::to_string(oid) << " oiid:" << std::to_string(oiid) << " riid:" << std::to_string(riid) << std::endl;
      |                           ^~~~~~~~
/work/apps/test/lwm2m_adapter_test.cpp:261:16: warning: '0' flag ignored with precision and '%X' gnu_printf format [-Wformat=]
  261 |         printf("%0.2X ", static_cast<unsigned char>(elm));
      |                ^~~~~~~~
/work/apps/test/lwm2m_adapter_test.cpp: In member function 'virtual void LwM2MAdapterTestSuite_SerialiseLwM2MOMAObject_Test::TestBody()':
/work/apps/test/lwm2m_adapter_test.cpp:334:27: warning: ISO C++ forbids converting a string constant to 'char*' [-Wwrite-strings]
  334 |     std::cout << basename(__FILE__) << ":" << __LINE__ << " request: " << request.dump() << std::endl;
      |                           ^~~~~~~~
/work/apps/test/lwm2m_adapter_test.cpp:340:27: warning: ISO C++ forbids converting a string constant to 'char*' [-Wwrite-strings]
  340 |     std::cout << basename(__FILE__) << ":" << __LINE__ << " oid:" << std::to_string(oid) << " oiid:" << std::to_string(oiid) << " riid:" << std::to_string(riid) << std::endl;
      |                           ^~~~~~~~
/work/apps/test/lwm2m_adapter_test.cpp:347:16: warning: '0' flag ignored with precision and '%X' gnu_printf format [-Wformat=]
  347 |         printf("%0.2X ", static_cast<unsigned char>(elm));
      |                ^~~~~~~~
/work/apps/test/lwm2m_adapter_test.cpp: In member function 'virtual void LwM2MAdapterTestSuite_SerialiseLwM2MOMAMultipleObjectInstance_Test::TestBody()':
/work/apps/test/lwm2m_adapter_test.cpp:420:27: warning: ISO C++ forbids converting a string constant to 'char*' [-Wwrite-strings]
  420 |     std::cout << basename(__FILE__) << ":" << __LINE__ << " request: " << request.dump() << std::endl;
      |                           ^~~~~~~~
/work/apps/test/lwm2m_adapter_test.cpp:426:27: warning: ISO C++ forbids converting a string constant to 'char*' [-Wwrite-strings]
  426 |     std::cout << basename(__FILE__) << ":" << __LINE__ << " oid:" << std::to_string(oid) << " oiid:" << std::to_string(oiid) << " riid:" << std::to_string(riid) << std::endl;
      |                           ^~~~~~~~
/work/apps/test/lwm2m_adapter_test.cpp:433:16: warning: '0' flag ignored with precision and '%X' gnu_printf format [-Wformat=]
  433 |         printf("%0.2X ", static_cast<unsigned char>(elm));
      |                ^~~~~~~~
/work/apps/test/lwm2m_adapter_test.cpp: In member function 'virtual void LwM2MAdapterTestSuite_SerialiseLwM2MSecurityObject_Test::TestBody()':
/work/apps/test/lwm2m_adapter_test.cpp:447:16: warning: '0' flag ignored with precision and '%X' gnu_printf format [-Wformat=]
  447 |         printf("%0.2X ", static_cast<unsigned char>(elm));
      |                ^~~~~~~~
/work/apps/test/lwm2m_adapter_test.cpp: In member function 'virtual void LwM2MAdapterTestSuite_SerialiseLwM2MServerObject_Test::TestBody()':
/work/apps/test/lwm2m_adapter_test.cpp:461:16: warning: '0' flag ignored with precision and '%X' gnu_printf format [-Wformat=]
  461 |         printf("%0.2X ", static_cast<unsigned char>(elm));
      |                ^~~~~~~~
[ 41%] Building CXX object test/CMakeFiles/lwm2m_test.dir/objects_test.cpp.o
cd /work/apps/build/test && /usr/bin/c++ -DLWM2M_LITTLE_ENDIAN -I/work/apps/3rdparty/tinydtls -I/work/apps/3rdparty/json/single_include -I/usr/local/include/mongocxx/v_noabi -I/usr/local/include/bsoncxx/v_noabi -I/usr/local/ACE_TAO-7.0.0/include -I/work/apps/inc -I/work/apps/test/../inc -I/work/apps/test/test -std=c++17 -g -Wall -Wextra -O0 -std=c++2a -g -Wall -Wextra -MD -MT test/CMakeFiles/lwm2m_test.dir/objects_test.cpp.o -MF CMakeFiles/lwm2m_test.dir/objects_test.cpp.o.d -o CMakeFiles/lwm2m_test.dir/objects_test.cpp.o -c /work/apps/test/objects_test.cpp
[ 42%] Building CXX object test/CMakeFiles/lwm2m_test.dir/observe_test.cpp.o
cd /work/apps/build/test && /usr/bin/c++ -DLWM2M_LITTLE_ENDIAN -I/work/apps/3rdparty/tinydtls -I/work/apps/3rdparty/json/single_include -I/usr/local/include/mongocxx/v_noabi -I/usr/local/include/bsoncxx/v_noabi -I/usr/local/ACE_TAO-7.0.0/include -I/work/apps/inc -I/work/apps/test/../inc -I/work/apps/test/test -std=c++17 -g -Wall -Wextra -O0 -std=c++2a -g -Wall -Wextra -MD -MT test/CMakeFiles/lwm2m_test.dir/observe_test.cpp.o -MF CMakeFiles/lwm2m_test.dir/observe_test.cpp.o.d -o CMakeFiles/lwm2m_test.dir/observe_test.cpp.o -c /work/apps/test/observe_test.cpp
[ 44%] Building CXX object test/CMakeFiles/lwm2m_test.dir/push_regression_test.cpp.o
cd /work/apps/build/test && /usr/bin/c++ -DLWM2M_LITTLE_ENDIAN -I/work/apps/3rdparty/tinydtls -I/work/apps/3rdparty/json/single_include -I/usr/local/include/mongocxx/v_noabi -I/usr/local/include/bsoncxx/v_noabi -I/usr/local/ACE_TAO-7.0.0/include -I/work/apps/inc -I/work/apps/test/../inc -I/work/apps/test/test -std=c++17 -g -Wall -Wextra -O0 -std=c++2a -g -Wall -Wextra -MD -MT test/CMakeFiles/lwm2m_test.dir/push_regression_test.cpp.o -MF CMakeFiles/lwm2m_test.dir/push_regression_test.cpp.o.d -o CMakeFiles/lwm2m_test.dir/push_regression_test.cpp.o -c /work/apps/test/push_regression_test.cpp
In file included from /work/apps/test/observe_test.cpp:3:
/work/apps/inc/coap_adapter.hpp: In member function 'std::string CoAPAdapter::getContentFormat(const CoAPAdapter::CoAPMessage&)':
/work/apps/inc/coap_adapter.hpp:291:39: warning: ISO C++ forbids converting a string constant to 'char*' [-Wwrite-strings]
  291 |                 std::cout << basename(__FILE__) << ":" << __LINE__ <<  " value:" << it->optionvalue << " cf: " << ::ntohs(atoi(it->optionvalue.c_str())) << std::endl;
      |                                       ^~~~~~~~
In file included from /work/apps/test/push_regression_test.cpp:4:
/work/apps/inc/coap_adapter.hpp: In member function 'std::string CoAPAdapter::getContentFormat(const CoAPAdapter::CoAPMessage&)':
/work/apps/inc/coap_adapter.hpp:291:39: warning: ISO C++ forbids converting a string constant to 'char*' [-Wwrite-strings]
  291 |                 std::cout << basename(__FILE__) << ":" << __LINE__ <<  " value:" << it->optionvalue << " cf: " << ::ntohs(atoi(it->optionvalue.c_str())) << std::endl;
      |                                       ^~~~~~~~
[ 45%] Building CXX object test/CMakeFiles/lwm2m_test.dir/registration_client_test.cpp.o
cd /work/apps/build/test && /usr/bin/c++ -DLWM2M_LITTLE_ENDIAN -I/work/apps/3rdparty/tinydtls -I/work/apps/3rdparty/json/single_include -I/usr/local/include/mongocxx/v_noabi -I/usr/local/include/bsoncxx/v_noabi -I/usr/local/ACE_TAO-7.0.0/include -I/work/apps/inc -I/work/apps/test/../inc -I/work/apps/test/test -std=c++17 -g -Wall -Wextra -O0 -std=c++2a -g -Wall -Wextra -MD -MT test/CMakeFiles/lwm2m_test.dir/registration_client_test.cpp.o -MF CMakeFiles/lwm2m_test.dir/registration_client_test.cpp.o.d -o CMakeFiles/lwm2m_test.dir/registration_client_test.cpp.o -c /work/apps/test/registration_client_test.cpp
[ 46%] Building CXX object test/CMakeFiles/lwm2m_test.dir/registration_server_test.cpp.o
cd /work/apps/build/test && /usr/bin/c++ -DLWM2M_LITTLE_ENDIAN -I/work/apps/3rdparty/tinydtls -I/work/apps/3rdparty/json/single_include -I/usr/local/include/mongocxx/v_noabi -I/usr/local/include/bsoncxx/v_noabi -I/usr/local/ACE_TAO-7.0.0/include -I/work/apps/inc -I/work/apps/test/../inc -I/work/apps/test/test -std=c++17 -g -Wall -Wextra -O0 -std=c++2a -g -Wall -Wextra -MD -MT test/CMakeFiles/lwm2m_test.dir/registration_server_test.cpp.o -MF CMakeFiles/lwm2m_test.dir/registration_server_test.cpp.o.d -o CMakeFiles/lwm2m_test.dir/registration_server_test.cpp.o -c /work/apps/test/registration_server_test.cpp
In file included from /work/apps/inc/lwm2m_registration_client.hpp:9,
                 from /work/apps/test/registration_client_test.cpp:3:
/work/apps/inc/coap_adapter.hpp: In member function 'std::string CoAPAdapter::getContentFormat(const CoAPAdapter::CoAPMessage&)':
/work/apps/inc/coap_adapter.hpp:291:39: warning: ISO C++ forbids converting a string constant to 'char*' [-Wwrite-strings]
  291 |                 std::cout << basename(__FILE__) << ":" << __LINE__ <<  " value:" << it->optionvalue << " cf: " << ::ntohs(atoi(it->optionvalue.c_str())) << std::endl;
      |                                       ^~~~~~~~
In file included from /work/apps/inc/lwm2m_registration_server.hpp:8,
                 from /work/apps/test/registration_server_test.cpp:4:
/work/apps/inc/coap_adapter.hpp: In member function 'std::string CoAPAdapter::getContentFormat(const CoAPAdapter::CoAPMessage&)':
/work/apps/inc/coap_adapter.hpp:291:39: warning: ISO C++ forbids converting a string constant to 'char*' [-Wwrite-strings]
  291 |                 std::cout << basename(__FILE__) << ":" << __LINE__ <<  " value:" << it->optionvalue << " cf: " << ::ntohs(atoi(it->optionvalue.c_str())) << std::endl;
      |                                       ^~~~~~~~
[ 48%] Building CXX object test/CMakeFiles/lwm2m_test.dir/registry_test.cpp.o
cd /work/apps/build/test && /usr/bin/c++ -DLWM2M_LITTLE_ENDIAN -I/work/apps/3rdparty/tinydtls -I/work/apps/3rdparty/json/single_include -I/usr/local/include/mongocxx/v_noabi -I/usr/local/include/bsoncxx/v_noabi -I/usr/local/ACE_TAO-7.0.0/include -I/work/apps/inc -I/work/apps/test/../inc -I/work/apps/test/test -std=c++17 -g -Wall -Wextra -O0 -std=c++2a -g -Wall -Wextra -MD -MT test/CMakeFiles/lwm2m_test.dir/registry_test.cpp.o -MF CMakeFiles/lwm2m_test.dir/registry_test.cpp.o.d -o CMakeFiles/lwm2m_test.dir/registry_test.cpp.o -c /work/apps/test/registry_test.cpp
[ 49%] Building CXX object test/CMakeFiles/lwm2m_test.dir/senml_test.cpp.o
cd /work/apps/build/test && /usr/bin/c++ -DLWM2M_LITTLE_ENDIAN -I/work/apps/3rdparty/tinydtls -I/work/apps/3rdparty/json/single_include -I/usr/local/include/mongocxx/v_noabi -I/usr/local/include/bsoncxx/v_noabi -I/usr/local/ACE_TAO-7.0.0/include -I/work/apps/inc -I/work/apps/test/../inc -I/work/apps/test/test -std=c++17 -g -Wall -Wextra -O0 -std=c++2a -g -Wall -Wextra -MD -MT test/CMakeFiles/lwm2m_test.dir/senml_test.cpp.o -MF CMakeFiles/lwm2m_test.dir/senml_test.cpp.o.d -o CMakeFiles/lwm2m_test.dir/senml_test.cpp.o -c /work/apps/test/senml_test.cpp
[ 50%] Building CXX object test/CMakeFiles/lwm2m_test.dir/tlv_test.cpp.o
cd /work/apps/build/test && /usr/bin/c++ -DLWM2M_LITTLE_ENDIAN -I/work/apps/3rdparty/tinydtls -I/work/apps/3rdparty/json/single_include -I/usr/local/include/mongocxx/v_noabi -I/usr/local/include/bsoncxx/v_noabi -I/usr/local/ACE_TAO-7.0.0/include -I/work/apps/inc -I/work/apps/test/../inc -I/work/apps/test/test -std=c++17 -g -Wall -Wextra -O0 -std=c++2a -g -Wall -Wextra -MD -MT test/CMakeFiles/lwm2m_test.dir/tlv_test.cpp.o -MF CMakeFiles/lwm2m_test.dir/tlv_test.cpp.o.d -o CMakeFiles/lwm2m_test.dir/tlv_test.cpp.o -c /work/apps/test/tlv_test.cpp
[ 52%] Linking CXX executable lwm2m_test
cd /work/apps/build/test && /usr/bin/cmake -E cmake_link_script CMakeFiles/lwm2m_test.dir/link.txt --verbose=1
/usr/bin/c++  -std=c++17 -g -Wall -Wextra -O0 -std=c++2a -g -Wall -Wextra CMakeFiles/lwm2m_test.dir/__/src/cbor_adapter.cpp.o CMakeFiles/lwm2m_test.dir/__/src/coap_adapter.cpp.o CMakeFiles/lwm2m_test.dir/__/src/lwm2m_adapter.cpp.o CMakeFiles/lwm2m_test.dir/__/src/lwm2m_bootstrap_client.cpp.o CMakeFiles/lwm2m_test.dir/__/src/lwm2m_bootstrap_server.cpp.o CMakeFiles/lwm2m_test.dir/__/src/lwm2m_codec_linkformat.cpp.o CMakeFiles/lwm2m_test.dir/__/src/lwm2m_codec_plaintext.cpp.o CMakeFiles/lwm2m_test.dir/__/src/lwm2m_codec_registry.cpp.o CMakeFiles/lwm2m_test.dir/__/src/lwm2m_codec_senml.cpp.o CMakeFiles/lwm2m_test.dir/__/src/lwm2m_codec_tlv.cpp.o CMakeFiles/lwm2m_test.dir/__/src/lwm2m_dm_client.cpp.o CMakeFiles/lwm2m_test.dir/__/src/lwm2m_dm_server.cpp.o CMakeFiles/lwm2m_test.dir/__/src/lwm2m_object_3_device.cpp.o CMakeFiles/lwm2m_test.dir/__/src/lwm2m_object_store.cpp.o CMakeFiles/lwm2m_test.dir/__/src/lwm2m_object_stubs.cpp.o CMakeFiles/lwm2m_test.dir/__/src/lwm2m_observe.cpp.o CMakeFiles/lwm2m_test.dir/__/src/lwm2m_registration.cpp.o CMakeFiles/lwm2m_test.dir/__/src/lwm2m_registration_client.cpp.o CMakeFiles/lwm2m_test.dir/__/src/lwm2m_registration_server.cpp.o CMakeFiles/lwm2m_test.dir/bootstrap_test.cpp.o CMakeFiles/lwm2m_test.dir/cbor_adapter_test.cpp.o CMakeFiles/lwm2m_test.dir/coap_adapter_test.cpp.o CMakeFiles/lwm2m_test.dir/codec_registry_test.cpp.o CMakeFiles/lwm2m_test.dir/dm_test.cpp.o CMakeFiles/lwm2m_test.dir/linkformat_test.cpp.o CMakeFiles/lwm2m_test.dir/lwm2m_adapter_test.cpp.o CMakeFiles/lwm2m_test.dir/object_store_test.cpp.o CMakeFiles/lwm2m_test.dir/objects_test.cpp.o CMakeFiles/lwm2m_test.dir/observe_test.cpp.o CMakeFiles/lwm2m_test.dir/push_regression_test.cpp.o CMakeFiles/lwm2m_test.dir/registration_client_test.cpp.o CMakeFiles/lwm2m_test.dir/registration_server_test.cpp.o CMakeFiles/lwm2m_test.dir/registry_test.cpp.o CMakeFiles/lwm2m_test.dir/senml_test.cpp.o CMakeFiles/lwm2m_test.dir/tlv_test.cpp.o -o lwm2m_test   -L/work/apps/3rdparty/tinydtls  -L/usr/local/ACE_TAO-7.0.0/lib  -Wl,-rpath,/work/apps/3rdparty/tinydtls:/usr/local/ACE_TAO-7.0.0/lib -lgtest_main -lgtest -lpthread -lz 
cd /work/apps/build/test && /usr/bin/cmake -D TEST_TARGET=lwm2m_test -D TEST_EXECUTABLE=/work/apps/build/test/lwm2m_test -D TEST_EXECUTOR= -D TEST_WORKING_DIR=/work/apps/build/test -D TEST_EXTRA_ARGS= -D TEST_PROPERTIES= -D TEST_PREFIX= -D TEST_SUFFIX= -D TEST_FILTER= -D NO_PRETTY_TYPES=FALSE -D NO_PRETTY_VALUES=FALSE -D TEST_LIST=lwm2m_test_TESTS -D CTEST_FILE=/work/apps/build/test/lwm2m_test[1]_tests.cmake -D TEST_DISCOVERY_TIMEOUT=5 -D TEST_XML_OUTPUT_DIR= -P /usr/share/cmake-3.22/Modules/GoogleTestAddTests.cmake
make[2]: Leaving directory '/work/apps/build'
[ 53%] Built target lwm2m_test
make[1]: Leaving directory '/work/apps/build'
make: *** [Makefile:139: all] Error 2
