/usr/bin/cmake -S/work/apps -B/work/apps/build --check-build-system CMakeFiles/Makefile.cmake 0
make  -f CMakeFiles/Makefile2 lwm2m_test
make[1]: Entering directory '/work/apps/build'
/usr/bin/cmake -S/work/apps -B/work/apps/build --check-build-system CMakeFiles/Makefile.cmake 0
/usr/bin/cmake -E cmake_progress_start /work/apps/build/CMakeFiles 37
make  -f CMakeFiles/Makefile2 test/CMakeFiles/lwm2m_test.dir/all
make[2]: Entering directory '/work/apps/build'
make  -f test/CMakeFiles/lwm2m_test.dir/build.make test/CMakeFiles/lwm2m_test.dir/depend
make[3]: Entering directory '/work/apps/build'
cd /work/apps/build && /usr/bin/cmake -E cmake_depends "Unix Makefiles" /work/apps /work/apps/test /work/apps/build /work/apps/build/test /work/apps/build/test/CMakeFiles/lwm2m_test.dir/DependInfo.cmake --color=
make[3]: Leaving directory '/work/apps/build'
make  -f test/CMakeFiles/lwm2m_test.dir/build.make test/CMakeFiles/lwm2m_test.dir/build
make[3]: Entering directory '/work/apps/build'
make[3]: Warning: File '../test/coap_adapter_test.cpp' has modification time 10497 s in the future
make[3]: *** No rule to make target '/usr/lib/aarch64-linux-gnu/liblua5.3.a', needed by 'test/lwm2m_test'.  Stop.
make[3]: *** Waiting for unfinished jobs....
[  2%] Building CXX object test/CMakeFiles/lwm2m_test.dir/__/src/lua_config.cpp.o
cd /work/apps/build/test && /usr/bin/c++ -DLWM2M_LITTLE_ENDIAN -I/work/apps/3rdparty/tinydtls -I/work/apps/3rdparty/json/single_include -I/usr/local/include/mongocxx/v_noabi -I/usr/local/include/bsoncxx/v_noabi -I/usr/local/ACE_TAO-7.0.0/include -I/usr/include/lua5.3 -I/work/apps/inc -I/work/apps/test/../inc -I/work/apps/test/test -std=c++17 -g -Wall -Wextra -O0 -std=c++2a -g -Wall -Wextra -MD -MT test/CMakeFiles/lwm2m_test.dir/__/src/lua_config.cpp.o -MF CMakeFiles/lwm2m_test.dir/__/src/lua_config.cpp.o.d -o CMakeFiles/lwm2m_test.dir/__/src/lua_config.cpp.o -c /work/apps/src/lua_config.cpp
[  5%] Building CXX object test/CMakeFiles/lwm2m_test.dir/coap_adapter_test.cpp.o
cd /work/apps/build/test && /usr/bin/c++ -DLWM2M_LITTLE_ENDIAN -I/work/apps/3rdparty/tinydtls -I/work/apps/3rdparty/json/single_include -I/usr/local/include/mongocxx/v_noabi -I/usr/local/include/bsoncxx/v_noabi -I/usr/local/ACE_TAO-7.0.0/include -I/usr/include/lua5.3 -I/work/apps/inc -I/work/apps/test/../inc -I/work/apps/test/test -std=c++17 -g -Wall -Wextra -O0 -std=c++2a -g -Wall -Wextra -MD -MT test/CMakeFiles/lwm2m_test.dir/coap_adapter_test.cpp.o -MF CMakeFiles/lwm2m_test.dir/coap_adapter_test.cpp.o.d -o CMakeFiles/lwm2m_test.dir/coap_adapter_test.cpp.o -c /work/apps/test/coap_adapter_test.cpp
/work/apps/src/lua_config.cpp:8:10: fatal error: lauxlib.h: No such file or directory
    8 | #include <lauxlib.h>
      |          ^~~~~~~~~~~
compilation terminated.
make[3]: *** [test/CMakeFiles/lwm2m_test.dir/build.make:107: test/CMakeFiles/lwm2m_test.dir/__/src/lua_config.cpp.o] Error 1
In file included from /work/apps/test/coap_adapter_test.hpp:9,
                 from /work/apps/test/coap_adapter_test.cpp:4:
/work/apps/inc/coap_adapter.hpp: In member function 'std::string CoAPAdapter::getContentFormat(const CoAPAdapter::CoAPMessage&)':
/work/apps/inc/coap_adapter.hpp:291:39: warning: ISO C++ forbids converting a string constant to 'char*' [-Wwrite-strings]
  291 |                 std::cout << basename(__FILE__) << ":" << __LINE__ <<  " value:" << it->optionvalue << " cf: " << ::ntohs(atoi(it->optionvalue.c_str())) << std::endl;
      |                                       ^~~~~~~~
make[3]: Leaving directory '/work/apps/build'
make[2]: *** [CMakeFiles/Makefile2:129: test/CMakeFiles/lwm2m_test.dir/all] Error 2
make[2]: Leaving directory '/work/apps/build'
make[1]: *** [CMakeFiles/Makefile2:136: test/CMakeFiles/lwm2m_test.dir/rule] Error 2
make[1]: Leaving directory '/work/apps/build'
make: *** [Makefile:185: lwm2m_test] Error 2
