/usr/bin/cmake -S/work/apps -B/work/apps/build --check-build-system CMakeFiles/Makefile.cmake 0
/usr/bin/cmake -E cmake_progress_start /work/apps/build/CMakeFiles /work/apps/build//CMakeFiles/progress.marks
make  -f CMakeFiles/Makefile2 all
make[1]: Entering directory '/work/apps/build'
make  -f CMakeFiles/lwm2m.dir/build.make CMakeFiles/lwm2m.dir/depend
make  -f test/CMakeFiles/lwm2m_test.dir/build.make test/CMakeFiles/lwm2m_test.dir/depend
make[2]: Entering directory '/work/apps/build'
cd /work/apps/build && /usr/bin/cmake -E cmake_depends "Unix Makefiles" /work/apps /work/apps /work/apps/build /work/apps/build /work/apps/build/CMakeFiles/lwm2m.dir/DependInfo.cmake --color=
make[2]: Entering directory '/work/apps/build'
cd /work/apps/build && /usr/bin/cmake -E cmake_depends "Unix Makefiles" /work/apps /work/apps/test /work/apps/build /work/apps/build/test /work/apps/build/test/CMakeFiles/lwm2m_test.dir/DependInfo.cmake --color=
Consolidate compiler generated dependencies of target lwm2m
make[2]: Leaving directory '/work/apps/build'
make  -f CMakeFiles/lwm2m.dir/build.make CMakeFiles/lwm2m.dir/build
make[2]: Entering directory '/work/apps/build'
[  1%] Building CXX object CMakeFiles/lwm2m.dir/src/cli/command_registry.cpp.o
/usr/bin/c++ -DLWM2M_LITTLE_ENDIAN -I/work/apps/3rdparty/tinydtls -I/work/apps/3rdparty/json/single_include -I/usr/local/include/mongocxx/v_noabi -I/usr/local/include/bsoncxx/v_noabi -I/usr/local/ACE_TAO-7.0.0/include -I/work/apps/inc -std=c++17 -g -Wall -Wextra -O0 -MD -MT CMakeFiles/lwm2m.dir/src/cli/command_registry.cpp.o -MF CMakeFiles/lwm2m.dir/src/cli/command_registry.cpp.o.d -o CMakeFiles/lwm2m.dir/src/cli/command_registry.cpp.o -c /work/apps/src/cli/command_registry.cpp
[  2%] Building CXX object CMakeFiles/lwm2m.dir/src/cli/commands/bootstrap_cmd.cpp.o
/usr/bin/c++ -DLWM2M_LITTLE_ENDIAN -I/work/apps/3rdparty/tinydtls -I/work/apps/3rdparty/json/single_include -I/usr/local/include/mongocxx/v_noabi -I/usr/local/include/bsoncxx/v_noabi -I/usr/local/ACE_TAO-7.0.0/include -I/work/apps/inc -std=c++17 -g -Wall -Wextra -O0 -MD -MT CMakeFiles/lwm2m.dir/src/cli/commands/bootstrap_cmd.cpp.o -MF CMakeFiles/lwm2m.dir/src/cli/commands/bootstrap_cmd.cpp.o.d -o CMakeFiles/lwm2m.dir/src/cli/commands/bootstrap_cmd.cpp.o -c /work/apps/src/cli/commands/bootstrap_cmd.cpp
Consolidate compiler generated dependencies of target lwm2m_test
make[2]: Leaving directory '/work/apps/build'
make  -f test/CMakeFiles/lwm2m_test.dir/build.make test/CMakeFiles/lwm2m_test.dir/build
[  4%] Building CXX object CMakeFiles/lwm2m.dir/src/cli/commands/delete_cmd.cpp.o
/usr/bin/c++ -DLWM2M_LITTLE_ENDIAN -I/work/apps/3rdparty/tinydtls -I/work/apps/3rdparty/json/single_include -I/usr/local/include/mongocxx/v_noabi -I/usr/local/include/bsoncxx/v_noabi -I/usr/local/ACE_TAO-7.0.0/include -I/work/apps/inc -std=c++17 -g -Wall -Wextra -O0 -MD -MT CMakeFiles/lwm2m.dir/src/cli/commands/delete_cmd.cpp.o -MF CMakeFiles/lwm2m.dir/src/cli/commands/delete_cmd.cpp.o.d -o CMakeFiles/lwm2m.dir/src/cli/commands/delete_cmd.cpp.o -c /work/apps/src/cli/commands/delete_cmd.cpp
make[2]: Entering directory '/work/apps/build'
make[2]: Nothing to be done for 'test/CMakeFiles/lwm2m_test.dir/build'.
make[2]: Leaving directory '/work/apps/build'
[ 52%] Built target lwm2m_test
[ 53%] Building CXX object CMakeFiles/lwm2m.dir/src/cli/commands/execute_cmd.cpp.o
/usr/bin/c++ -DLWM2M_LITTLE_ENDIAN -I/work/apps/3rdparty/tinydtls -I/work/apps/3rdparty/json/single_include -I/usr/local/include/mongocxx/v_noabi -I/usr/local/include/bsoncxx/v_noabi -I/usr/local/ACE_TAO-7.0.0/include -I/work/apps/inc -std=c++17 -g -Wall -Wextra -O0 -MD -MT CMakeFiles/lwm2m.dir/src/cli/commands/execute_cmd.cpp.o -MF CMakeFiles/lwm2m.dir/src/cli/commands/execute_cmd.cpp.o.d -o CMakeFiles/lwm2m.dir/src/cli/commands/execute_cmd.cpp.o -c /work/apps/src/cli/commands/execute_cmd.cpp
[ 54%] Building CXX object CMakeFiles/lwm2m.dir/src/cli/commands/help_cmd.cpp.o
/usr/bin/c++ -DLWM2M_LITTLE_ENDIAN -I/work/apps/3rdparty/tinydtls -I/work/apps/3rdparty/json/single_include -I/usr/local/include/mongocxx/v_noabi -I/usr/local/include/bsoncxx/v_noabi -I/usr/local/ACE_TAO-7.0.0/include -I/work/apps/inc -std=c++17 -g -Wall -Wextra -O0 -MD -MT CMakeFiles/lwm2m.dir/src/cli/commands/help_cmd.cpp.o -MF CMakeFiles/lwm2m.dir/src/cli/commands/help_cmd.cpp.o.d -o CMakeFiles/lwm2m.dir/src/cli/commands/help_cmd.cpp.o -c /work/apps/src/cli/commands/help_cmd.cpp
[ 56%] Building CXX object CMakeFiles/lwm2m.dir/src/cli/commands/observe_cmd.cpp.o
/usr/bin/c++ -DLWM2M_LITTLE_ENDIAN -I/work/apps/3rdparty/tinydtls -I/work/apps/3rdparty/json/single_include -I/usr/local/include/mongocxx/v_noabi -I/usr/local/include/bsoncxx/v_noabi -I/usr/local/ACE_TAO-7.0.0/include -I/work/apps/inc -std=c++17 -g -Wall -Wextra -O0 -MD -MT CMakeFiles/lwm2m.dir/src/cli/commands/observe_cmd.cpp.o -MF CMakeFiles/lwm2m.dir/src/cli/commands/observe_cmd.cpp.o.d -o CMakeFiles/lwm2m.dir/src/cli/commands/observe_cmd.cpp.o -c /work/apps/src/cli/commands/observe_cmd.cpp
[ 57%] Building CXX object CMakeFiles/lwm2m.dir/src/cli/commands/post_cmd.cpp.o
/usr/bin/c++ -DLWM2M_LITTLE_ENDIAN -I/work/apps/3rdparty/tinydtls -I/work/apps/3rdparty/json/single_include -I/usr/local/include/mongocxx/v_noabi -I/usr/local/include/bsoncxx/v_noabi -I/usr/local/ACE_TAO-7.0.0/include -I/work/apps/inc -std=c++17 -g -Wall -Wextra -O0 -MD -MT CMakeFiles/lwm2m.dir/src/cli/commands/post_cmd.cpp.o -MF CMakeFiles/lwm2m.dir/src/cli/commands/post_cmd.cpp.o.d -o CMakeFiles/lwm2m.dir/src/cli/commands/post_cmd.cpp.o -c /work/apps/src/cli/commands/post_cmd.cpp
[ 58%] Building CXX object CMakeFiles/lwm2m.dir/src/cli/commands/quit_cmd.cpp.o
/usr/bin/c++ -DLWM2M_LITTLE_ENDIAN -I/work/apps/3rdparty/tinydtls -I/work/apps/3rdparty/json/single_include -I/usr/local/include/mongocxx/v_noabi -I/usr/local/include/bsoncxx/v_noabi -I/usr/local/ACE_TAO-7.0.0/include -I/work/apps/inc -std=c++17 -g -Wall -Wextra -O0 -MD -MT CMakeFiles/lwm2m.dir/src/cli/commands/quit_cmd.cpp.o -MF CMakeFiles/lwm2m.dir/src/cli/commands/quit_cmd.cpp.o.d -o CMakeFiles/lwm2m.dir/src/cli/commands/quit_cmd.cpp.o -c /work/apps/src/cli/commands/quit_cmd.cpp
[ 60%] Building CXX object CMakeFiles/lwm2m.dir/src/cli/commands/read_cmd.cpp.o
/usr/bin/c++ -DLWM2M_LITTLE_ENDIAN -I/work/apps/3rdparty/tinydtls -I/work/apps/3rdparty/json/single_include -I/usr/local/include/mongocxx/v_noabi -I/usr/local/include/bsoncxx/v_noabi -I/usr/local/ACE_TAO-7.0.0/include -I/work/apps/inc -std=c++17 -g -Wall -Wextra -O0 -MD -MT CMakeFiles/lwm2m.dir/src/cli/commands/read_cmd.cpp.o -MF CMakeFiles/lwm2m.dir/src/cli/commands/read_cmd.cpp.o.d -o CMakeFiles/lwm2m.dir/src/cli/commands/read_cmd.cpp.o -c /work/apps/src/cli/commands/read_cmd.cpp
In file included from /work/apps/src/cli/commands/post_cmd.cpp:11:
/work/apps/inc/coap_adapter.hpp: In member function 'std::string CoAPAdapter::getContentFormat(const CoAPAdapter::CoAPMessage&)':
/work/apps/inc/coap_adapter.hpp:291:39: warning: ISO C++ forbids converting a string constant to 'char*' [-Wwrite-strings]
  291 |                 std::cout << basename(__FILE__) << ":" << __LINE__ <<  " value:" << it->optionvalue << " cf: " << ::ntohs(atoi(it->optionvalue.c_str())) << std::endl;
      |                                       ^~~~~~~~
[ 61%] Building CXX object CMakeFiles/lwm2m.dir/src/cli/commands/register_cmd.cpp.o
/usr/bin/c++ -DLWM2M_LITTLE_ENDIAN -I/work/apps/3rdparty/tinydtls -I/work/apps/3rdparty/json/single_include -I/usr/local/include/mongocxx/v_noabi -I/usr/local/include/bsoncxx/v_noabi -I/usr/local/ACE_TAO-7.0.0/include -I/work/apps/inc -std=c++17 -g -Wall -Wextra -O0 -MD -MT CMakeFiles/lwm2m.dir/src/cli/commands/register_cmd.cpp.o -MF CMakeFiles/lwm2m.dir/src/cli/commands/register_cmd.cpp.o.d -o CMakeFiles/lwm2m.dir/src/cli/commands/register_cmd.cpp.o -c /work/apps/src/cli/commands/register_cmd.cpp
[ 62%] Building CXX object CMakeFiles/lwm2m.dir/src/cli/commands/write_cmd.cpp.o
/usr/bin/c++ -DLWM2M_LITTLE_ENDIAN -I/work/apps/3rdparty/tinydtls -I/work/apps/3rdparty/json/single_include -I/usr/local/include/mongocxx/v_noabi -I/usr/local/include/bsoncxx/v_noabi -I/usr/local/ACE_TAO-7.0.0/include -I/work/apps/inc -std=c++17 -g -Wall -Wextra -O0 -MD -MT CMakeFiles/lwm2m.dir/src/cli/commands/write_cmd.cpp.o -MF CMakeFiles/lwm2m.dir/src/cli/commands/write_cmd.cpp.o.d -o CMakeFiles/lwm2m.dir/src/cli/commands/write_cmd.cpp.o -c /work/apps/src/cli/commands/write_cmd.cpp
[ 64%] Building CXX object CMakeFiles/lwm2m.dir/src/coap_adapter.cpp.o
/usr/bin/c++ -DLWM2M_LITTLE_ENDIAN -I/work/apps/3rdparty/tinydtls -I/work/apps/3rdparty/json/single_include -I/usr/local/include/mongocxx/v_noabi -I/usr/local/include/bsoncxx/v_noabi -I/usr/local/ACE_TAO-7.0.0/include -I/work/apps/inc -std=c++17 -g -Wall -Wextra -O0 -MD -MT CMakeFiles/lwm2m.dir/src/coap_adapter.cpp.o -MF CMakeFiles/lwm2m.dir/src/coap_adapter.cpp.o.d -o CMakeFiles/lwm2m.dir/src/coap_adapter.cpp.o -c /work/apps/src/coap_adapter.cpp
[ 65%] Building CXX object CMakeFiles/lwm2m.dir/src/db_adapter.cpp.o
/usr/bin/c++ -DLWM2M_LITTLE_ENDIAN -I/work/apps/3rdparty/tinydtls -I/work/apps/3rdparty/json/single_include -I/usr/local/include/mongocxx/v_noabi -I/usr/local/include/bsoncxx/v_noabi -I/usr/local/ACE_TAO-7.0.0/include -I/work/apps/inc -std=c++17 -g -Wall -Wextra -O0 -MD -MT CMakeFiles/lwm2m.dir/src/db_adapter.cpp.o -MF CMakeFiles/lwm2m.dir/src/db_adapter.cpp.o.d -o CMakeFiles/lwm2m.dir/src/db_adapter.cpp.o -c /work/apps/src/db_adapter.cpp
In file included from /work/apps/src/coap_adapter.cpp:4:
/work/apps/inc/coap_adapter.hpp: In member function 'std::string CoAPAdapter::getContentFormat(const CoAPAdapter::CoAPMessage&)':
/work/apps/inc/coap_adapter.hpp:291:39: warning: ISO C++ forbids converting a string constant to 'char*' [-Wwrite-strings]
  291 |                 std::cout << basename(__FILE__) << ":" << __LINE__ <<  " value:" << it->optionvalue << " cf: " << ::ntohs(atoi(it->optionvalue.c_str())) << std::endl;
      |                                       ^~~~~~~~
/work/apps/src/coap_adapter.cpp: In member function 'bool CoAPAdapter::serialise(const std::vector<std::__cxx11::basic_string<char>, std::allocator<std::__cxx11::basic_string<char> > >&, const std::vector<std::__cxx11::basic_string<char>, std::allocator<std::__cxx11::basic_string<char> > >&, const std::vector<std::__cxx11::basic_string<char>, std::allocator<std::__cxx11::basic_string<char> > >&, const uint16_t&, const uint8_t&, std::vector<std::__cxx11::basic_string<char>, std::allocator<std::__cxx11::basic_string<char> > >&)':
/work/apps/src/coap_adapter.cpp:184:35: warning: ISO C++ forbids converting a string constant to 'char*' [-Wwrite-strings]
  184 |             std::cout << basename(__FILE__) << ":" << __LINE__ << " uri: " << uri << std::endl;
      |                                   ^~~~~~~~
/work/apps/src/coap_adapter.cpp:185:29: warning: comparison of unsigned expression in '>= 0' is always true [-Wtype-limits]
  185 |             if(uri.length() >= 0 && uri.length() <= 12) {
      |                ~~~~~~~~~~~~~^~~~
/work/apps/src/coap_adapter.cpp:228:35: warning: ISO C++ forbids converting a string constant to 'char*' [-Wwrite-strings]
  228 |             std::cout << basename(__FILE__) << ":" << __LINE__ << " query: " << query << std::endl;
      |                                   ^~~~~~~~
/work/apps/src/coap_adapter.cpp:275:35: warning: ISO C++ forbids converting a string constant to 'char*' [-Wwrite-strings]
  275 |             std::cout << basename(__FILE__) << ":" << __LINE__ << " uri: " << uri << std::endl;
      |                                   ^~~~~~~~
/work/apps/src/coap_adapter.cpp:276:29: warning: comparison of unsigned expression in '>= 0' is always true [-Wtype-limits]
  276 |             if(uri.length() >= 0 && uri.length() <= 12) {
      |                ~~~~~~~~~~~~~^~~~
/work/apps/src/coap_adapter.cpp:329:35: warning: ISO C++ forbids converting a string constant to 'char*' [-Wwrite-strings]
  329 |             std::cout << basename(__FILE__) << ":" << __LINE__ << " query: " << query << std::endl;
      |                                   ^~~~~~~~
/work/apps/src/coap_adapter.cpp:157:10: warning: unused variable 'ret' [-Wunused-variable]
  157 |     bool ret = false;
      |          ^~~
/work/apps/src/coap_adapter.cpp: In member function 'bool CoAPAdapter::serialisePOST(const std::vector<std::__cxx11::basic_string<char>, std::allocator<std::__cxx11::basic_string<char> > >&, const std::vector<std::__cxx11::basic_string<char>, std::allocator<std::__cxx11::basic_string<char> > >&, const std::vector<std::__cxx11::basic_string<char>, std::allocator<std::__cxx11::basic_string<char> > >&, const uint16_t&, std::vector<std::__cxx11::basic_string<char>, std::allocator<std::__cxx11::basic_string<char> > >&)':
/work/apps/src/coap_adapter.cpp:410:35: warning: ISO C++ forbids converting a string constant to 'char*' [-Wwrite-strings]
  410 |             std::cout << basename(__FILE__) << ":" << " uri: " << uri << std::endl;
      |                                   ^~~~~~~~
/work/apps/src/coap_adapter.cpp:411:29: warning: comparison of unsigned expression in '>= 0' is always true [-Wtype-limits]
  411 |             if(uri.length() >= 0 && uri.length() <= 12) {
      |                ~~~~~~~~~~~~~^~~~
/work/apps/src/coap_adapter.cpp:455:35: warning: ISO C++ forbids converting a string constant to 'char*' [-Wwrite-strings]
  455 |             std::cout << basename(__FILE__) << ":" << " query: " << query << std::endl;
      |                                   ^~~~~~~~
/work/apps/src/coap_adapter.cpp:383:10: warning: unused variable 'ret' [-Wunused-variable]
  383 |     bool ret = false;
      |          ^~~
/work/apps/src/coap_adapter.cpp: In member function 'bool CoAPAdapter::buildRequest(const string&, std::vector<std::__cxx11::basic_string<char>, std::allocator<std::__cxx11::basic_string<char> > >&)':
/work/apps/src/coap_adapter.cpp:515:10: warning: unused variable 'ret' [-Wunused-variable]
  515 |     auto ret = getCBORAdapter().json2cbor(plainText, cbor);
      |          ^~~
/work/apps/src/coap_adapter.cpp: In member function 'std::string CoAPAdapter::buildResponse(const CoAPAdapter::CoAPMessage&)':
/work/apps/src/coap_adapter.cpp:707:30: warning: ISO C++ forbids converting a string constant to 'char*' [-Wwrite-strings]
  707 |         std::cout <<basename(__FILE__) << ":" << __FILE__ << " This is not an LwM2M Object" << std::endl;
      |                              ^~~~~~~~
/work/apps/src/coap_adapter.cpp: In member function 'int32_t CoAPAdapter::parseRequest(const string&, CoAPAdapter::CoAPMessage&)':
/work/apps/src/coap_adapter.cpp:723:34: warning: ISO C++ forbids converting a string constant to 'char*' [-Wwrite-strings]
  723 |             std::cout <<basename(__FILE__) << ":" << __LINE__ << " input buffer is too small to process" << std::endl;
      |                                  ^~~~~~~~
/work/apps/src/coap_adapter.cpp:737:38: warning: ISO C++ forbids converting a string constant to 'char*' [-Wwrite-strings]
  737 |                 std::cout <<basename(__FILE__) << ":" << __LINE__ << " input buffer is too small to process" << std::endl;
      |                                      ^~~~~~~~
/work/apps/src/coap_adapter.cpp:751:42: warning: ISO C++ forbids converting a string constant to 'char*' [-Wwrite-strings]
  751 |                     std::cout <<basename(__FILE__) << ":" << __LINE__ << " input buffer is too small to process" << std::endl;
      |                                          ^~~~~~~~
/work/apps/src/coap_adapter.cpp:759:42: warning: ISO C++ forbids converting a string constant to 'char*' [-Wwrite-strings]
  759 |                     std::cout <<basename(__FILE__) << ":" << __LINE__ << " input buffer is too small to process" << std::endl;
      |                                          ^~~~~~~~
/work/apps/src/coap_adapter.cpp:787:51: warning: ISO C++ forbids converting a string constant to 'char*' [-Wwrite-strings]
  787 |                             std::cout << basename(__FILE__) << ":" << __LINE__ << " expected length: " << len << std::endl;
      |                                                   ^~~~~~~~
/work/apps/src/coap_adapter.cpp:789:51: warning: ISO C++ forbids converting a string constant to 'char*' [-Wwrite-strings]
  789 |                             std::cout << basename(__FILE__) << ":" << __LINE__ << " actual length: " << len << std::endl;
      |                                                   ^~~~~~~~
/work/apps/src/coap_adapter.cpp:778:26: warning: unused variable 'num' [-Wunused-variable]
  778 |                     auto num = (blk1 >> 4) & 0b1111;
      |                          ^~~
/work/apps/src/coap_adapter.cpp:799:47: warning: ISO C++ forbids converting a string constant to 'char*' [-Wwrite-strings]
  799 |                         std::cout << basename(__FILE__) << ":" << __LINE__ << " actual length: " << len << std::endl;
      |                                               ^~~~~~~~
/work/apps/src/coap_adapter.cpp:807:33: warning: comparison of unsigned expression in '>= 0' is always true [-Wtype-limits]
  807 |             if(opt.optionlength >=0 && opt.optionlength <= 12) {
      |                ~~~~~~~~~~~~~~~~~^~~
/work/apps/src/coap_adapter.cpp:811:42: warning: ISO C++ forbids converting a string constant to 'char*' [-Wwrite-strings]
  811 |                     std::cout <<basename(__FILE__) << ":" << __LINE__ << " input buffer is too small to process" << std::endl;
      |                                          ^~~~~~~~
/work/apps/src/coap_adapter.cpp:818:42: warning: ISO C++ forbids converting a string constant to 'char*' [-Wwrite-strings]
  818 |                     std::cout <<basename(__FILE__) << ":" << __LINE__ << " input buffer is too small to process" << std::endl;
      |                                          ^~~~~~~~
/work/apps/src/coap_adapter.cpp:825:42: warning: ISO C++ forbids converting a string constant to 'char*' [-Wwrite-strings]
  825 |                     std::cout <<basename(__FILE__) << ":" << __LINE__ << " input buffer is too small to process" << std::endl;
      |                                          ^~~~~~~~
/work/apps/src/coap_adapter.cpp:832:42: warning: ISO C++ forbids converting a string constant to 'char*' [-Wwrite-strings]
  832 |                     std::cout <<basename(__FILE__) << ":" << __LINE__ << " input buffer is too small to process" << std::endl;
      |                                          ^~~~~~~~
/work/apps/src/coap_adapter.cpp:839:42: warning: ISO C++ forbids converting a string constant to 'char*' [-Wwrite-strings]
  839 |                     std::cout <<basename(__FILE__) << ":" << __LINE__ << " input buffer is too small to process" << std::endl;
      |                                          ^~~~~~~~
/work/apps/src/coap_adapter.cpp: In member function 'bool CoAPAdapter::uncompress(const string&, std::string&)':
/work/apps/src/coap_adapter.cpp:866:30: warning: ISO C++ forbids converting a string constant to 'char*' [-Wwrite-strings]
  866 |         std::cout<< basename(__FILE__) << ":" << __LINE__ << " could not initialize uncompression" << std::endl;
      |                              ^~~~~~~~
/work/apps/src/coap_adapter.cpp:885:35: warning: ISO C++ forbids converting a string constant to 'char*' [-Wwrite-strings]
  885 |             std::cout << basename(__FILE__) << ":" << __LINE__  << " could not uncompress" << std::endl;
      |                                   ^~~~~~~~
/work/apps/src/coap_adapter.cpp:896:29: warning: ISO C++ forbids converting a string constant to 'char*' [-Wwrite-strings]
  896 |         std::cout<<basename(__FILE__) << ":" << __LINE__  << " could not finalize uncompression" << std::endl;
      |                             ^~~~~~~~
/work/apps/src/coap_adapter.cpp:902:31: warning: ISO C++ forbids converting a string constant to 'char*' [-Wwrite-strings]
  902 |         std::cout << basename(__FILE__) << ":" << __LINE__  << " uncompression ratio input/output: "
      |                               ^~~~~~~~
/work/apps/src/coap_adapter.cpp:905:31: warning: ISO C++ forbids converting a string constant to 'char*' [-Wwrite-strings]
  905 |         std::cout << basename(__FILE__) << ":" << __LINE__ << " uncompression output empty" << std::endl;
      |                               ^~~~~~~~
/work/apps/src/coap_adapter.cpp: In member function 'bool CoAPAdapter::compress(const string&, std::string&)':
/work/apps/src/coap_adapter.cpp:944:31: warning: ISO C++ forbids converting a string constant to 'char*' [-Wwrite-strings]
  944 |         std::cout << basename(__FILE__) << ":" << __LINE__  << " compression ratio input/output: "
      |                               ^~~~~~~~
/work/apps/src/coap_adapter.cpp:947:31: warning: ISO C++ forbids converting a string constant to 'char*' [-Wwrite-strings]
  947 |         std::cout << basename(__FILE__) << ":" << __LINE__  << " compression output empty" << std::endl;
      |                               ^~~~~~~~
/work/apps/src/coap_adapter.cpp: In member function 'bool CoAPAdapter::writeIntoFile(const string&, const string&)':
/work/apps/src/coap_adapter.cpp:958:31: warning: ISO C++ forbids converting a string constant to 'char*' [-Wwrite-strings]
  958 |         std::cout << basename(__FILE__) << ":" << " Opening of file: " << fileName << " is Failed" << std::endl;
      |                               ^~~~~~~~
/work/apps/src/coap_adapter.cpp: In member function 'std::vector<std::__cxx11::basic_string<char>, std::allocator<std::__cxx11::basic_string<char> > > CoAPAdapter::handleLwM2MObjects(const CoAPAdapter::CoAPMessage&, std::string, uint32_t, uint32_t, uint32_t, uint32_t)':
/work/apps/src/coap_adapter.cpp:1003:39: warning: ISO C++ forbids converting a string constant to 'char*' [-Wwrite-strings]
 1003 |                 std::cout << basename(__FILE__) << ":" << __LINE__ <<  " object.m_oid:" << object.m_oid <<" ent.m_oiid:" << ent.m_oiid << " ent.m_riid:" << ent.m_riid
      |                                       ^~~~~~~~
/work/apps/src/coap_adapter.cpp:1011:32: warning: '0' flag ignored with precision and '%X' gnu_printf format [-Wformat=]
 1011 |                         printf("%0.2X ", (std::uint8_t)elm);
      |                                ^~~~~~~~
/work/apps/src/coap_adapter.cpp: In member function 'int32_t CoAPAdapter::processRequest(bool, const string&, std::vector<std::__cxx11::basic_string<char>, std::allocator<std::__cxx11::basic_string<char> > >&)':
/work/apps/src/coap_adapter.cpp:1085:24: warning: suggest parentheses around '&&' within '||' [-Wparentheses]
 1085 |     if(cf.length() > 0 && (cf == "application/vnd.oma.lwm2m+tlv") || (cf == "text/plain;charset=utf-8")) {
      |        ~~~~~~~~~~~~~~~~^~~~~~~~~~~~~~~~~~~~~~~~~~~~~~~~~~~~~~~~~~
/work/apps/src/coap_adapter.cpp:1092:39: warning: ISO C++ forbids converting a string constant to 'char*' [-Wwrite-strings]
 1092 |                 std::cout << basename(__FILE__) << ":" << __LINE__ << " building an ACK" << std::endl;
      |                                       ^~~~~~~~
/work/apps/src/coap_adapter.cpp:1148:43: warning: ISO C++ forbids converting a string constant to 'char*' [-Wwrite-strings]
 1148 |                     std::cout << basename(__FILE__) << ":" << __LINE__ << " The Response is\n" << payload.dump() << std::endl;
      |                                           ^~~~~~~~
/work/apps/src/coap_adapter.cpp:1155:26: warning: unused structured binding declaration [-Wunused-variable]
 1155 |                 for(auto&[key, value]: payload.items()) {
      |                          ^~~~~~~~~~~~
/work/apps/src/coap_adapter.cpp:1158:39: warning: ISO C++ forbids converting a string constant to 'char*' [-Wwrite-strings]
 1158 |                 std::cout << basename(__FILE__) << ":" << __LINE__ << " The Response is\n" << payload.dump() << std::endl;
      |                                       ^~~~~~~~
/work/apps/src/coap_adapter.cpp:1185:51: warning: ISO C++ forbids converting a string constant to 'char*' [-Wwrite-strings]
 1185 |                             std::cout << basename(__FILE__) << ":" << __LINE__ <<  " object.m_oid:" << object.m_oid <<" ent.m_oiid:" << ent.m_oiid << " ent.m_riid:" << ent.m_riid
      |                                                   ^~~~~~~~
/work/apps/src/coap_adapter.cpp:1190:40: warning: '0' flag ignored with precision and '%X' gnu_printf format [-Wformat=]
 1190 |                                 printf("%0.2X ", (std::uint8_t)elm);
      |                                        ^~~~~~~~
/work/apps/src/coap_adapter.cpp:1028:10: warning: unused variable 'ret' [-Wunused-variable]
 1028 |     auto ret = parseRequest(in, coapmessage);
      |          ^~~
/work/apps/src/coap_adapter.cpp: In member function 'int32_t CoAPAdapter::processRequest(bool, session_t*, std::string&, std::vector<std::__cxx11::basic_string<char>, std::allocator<std::__cxx11::basic_string<char> > >&)':
/work/apps/src/coap_adapter.cpp:1209:27: warning: ISO C++ forbids converting a string constant to 'char*' [-Wwrite-strings]
 1209 |     std::cout << basename(__FILE__) << ":" << __LINE__ << " processRequest with session cf.length: " << cf.length() << std::endl;
      |                           ^~~~~~~~
/work/apps/src/coap_adapter.cpp:1266:24: warning: suggest parentheses around '&&' within '||' [-Wparentheses]
 1266 |     if(cf.length() > 0 && (cf == "application/vnd.oma.lwm2m+tlv") || (cf == "text/plain;charset=utf-8")) {
      |        ~~~~~~~~~~~~~~~~^~~~~~~~~~~~~~~~~~~~~~~~~~~~~~~~~~~~~~~~~~
/work/apps/src/coap_adapter.cpp:1274:39: warning: ISO C++ forbids converting a string constant to 'char*' [-Wwrite-strings]
 1274 |                 std::cout << basename(__FILE__) << ":" << __LINE__ << " building an ACK" << std::endl;
      |                                       ^~~~~~~~
/work/apps/src/coap_adapter.cpp:1287:39: warning: ISO C++ forbids converting a string constant to 'char*' [-Wwrite-strings]
 1287 |                 std::cout << basename(__FILE__) << ":" << __LINE__ << " received LwM2M Object" << " oid: " << oid << " oiid: " << oiid << std::endl;
      |                                       ^~~~~~~~
/work/apps/src/coap_adapter.cpp:1356:51: warning: ISO C++ forbids converting a string constant to 'char*' [-Wwrite-strings]
 1356 |                             std::cout << basename(__FILE__) << ":" << __LINE__ <<  " object.m_oid:" << object.m_oid <<" ent.m_oiid:" << ent.m_oiid << " ent.m_riid:" << ent.m_riid
      |                                                   ^~~~~~~~
/work/apps/src/coap_adapter.cpp:1361:40: warning: '0' flag ignored with precision and '%X' gnu_printf format [-Wformat=]
 1361 |                                 printf("%0.2X ", (std::uint8_t)elm);
      |                                        ^~~~~~~~
/work/apps/src/coap_adapter.cpp:1207:10: warning: unused variable 'ret' [-Wunused-variable]
 1207 |     auto ret = parseRequest(in, coapmessage);
      |          ^~~
/work/apps/src/coap_adapter.cpp: In member function 'void CoAPAdapter::dumpCoAPMessage(const CoAPAdapter::CoAPMessage&)':
/work/apps/src/coap_adapter.cpp:1384:40: warning: ISO C++ forbids converting a string constant to 'char*' [-Wwrite-strings]
 1384 |     std::cout << std::endl << basename(__FILE__) << ":" << __LINE__
      |                                        ^~~~~~~~
/work/apps/src/coap_adapter.cpp:1406:16: warning: '0' flag ignored with precision and '%X' gnu_printf format [-Wformat=]
 1406 |         printf("Block1 Length: %0.2X\n", blk1);
      |                ^~~~~~~~~~~~~~~~~~~~~~~~
/work/apps/src/coap_adapter.cpp:1411:31: warning: ISO C++ forbids converting a string constant to 'char*' [-Wwrite-strings]
 1411 |         std::cout << basename(__FILE__) << ":" << __LINE__ << " Block Number: " << std::to_string(num)
      |                               ^~~~~~~~
/work/apps/src/db_adapter.cpp: In member function 'bool DbClient::delete_document(std::string, std::string)':
/work/apps/src/db_adapter.cpp:117:18: warning: variable 'cnt' set but not used [-Wunused-but-set-variable]
  117 |     std::int32_t cnt = 0;
      |                  ^~~
/work/apps/src/db_adapter.cpp: In member function 'bool DbClient::delete_documents(std::string, std::string)':
/work/apps/src/db_adapter.cpp:158:18: warning: variable 'cnt' set but not used [-Wunused-but-set-variable]
  158 |     std::int32_t cnt = 0;
      |                  ^~~
/work/apps/src/db_adapter.cpp: In member function 'std::string DbClient::get_byOID(std::string, std::string, std::string)':
/work/apps/src/db_adapter.cpp:381:29: warning: variable 'res' set but not used [-Wunused-but-set-variable]
  381 |     bsoncxx::document::view res = *cursor.begin();
      |                             ^~~
/work/apps/src/db_adapter.cpp: In member function 'std::string DbClient::download_file(std::string)':
/work/apps/src/db_adapter.cpp:554:1: warning: no return statement in function returning non-void [-Wreturn-type]
  554 | }
      | ^
/work/apps/src/db_adapter.cpp:552:49: warning: unused parameter 'fileId' [-Wunused-parameter]
  552 | std::string DbClient::download_file(std::string fileId) {
      |                                     ~~~~~~~~~~~~^~~~~~
/work/apps/src/db_adapter.cpp: In member function 'bool DbClient::delete_documentEx(std::string, std::string)':
/work/apps/src/db_adapter.cpp:705:18: warning: variable 'cnt' set but not used [-Wunused-but-set-variable]
  705 |     std::int32_t cnt = 0;
      |                  ^~~
[ 66%] Building CXX object CMakeFiles/lwm2m.dir/src/dtls_adapter.cpp.o
/usr/bin/c++ -DLWM2M_LITTLE_ENDIAN -I/work/apps/3rdparty/tinydtls -I/work/apps/3rdparty/json/single_include -I/usr/local/include/mongocxx/v_noabi -I/usr/local/include/bsoncxx/v_noabi -I/usr/local/ACE_TAO-7.0.0/include -I/work/apps/inc -std=c++17 -g -Wall -Wextra -O0 -MD -MT CMakeFiles/lwm2m.dir/src/dtls_adapter.cpp.o -MF CMakeFiles/lwm2m.dir/src/dtls_adapter.cpp.o.d -o CMakeFiles/lwm2m.dir/src/dtls_adapter.cpp.o -c /work/apps/src/dtls_adapter.cpp
In file included from /work/apps/inc/dtls_adapter.hpp:11,
                 from /work/apps/src/dtls_adapter.cpp:4:
/work/apps/inc/coap_adapter.hpp: In member function 'std::string CoAPAdapter::getContentFormat(const CoAPAdapter::CoAPMessage&)':
/work/apps/inc/coap_adapter.hpp:291:39: warning: ISO C++ forbids converting a string constant to 'char*' [-Wwrite-strings]
  291 |                 std::cout << basename(__FILE__) << ":" << __LINE__ <<  " value:" << it->optionvalue << " cf: " << ::ntohs(atoi(it->optionvalue.c_str())) << std::endl;
      |                                       ^~~~~~~~
In file included from /work/apps/inc/dtls_adapter.hpp:24,
                 from /work/apps/src/dtls_adapter.cpp:4:
/work/apps/src/dtls_adapter.cpp: In function 'int32_t dtlsWriteCb(dtls_context_t*, session_t*, uint8*, size_t)':
/work/apps/src/dtls_adapter.cpp:10:16: warning: ISO C++ forbids converting a string constant to 'char*' [-Wwrite-strings]
   10 |     dtls_debug("dtlsWriteCb --> Sending message to peer length: %d\n", len);
      |                ^~~~~~~~~~~~~~~~~~~~~~~~~~~~~~~~~~~~~~~~~~~~~~~~~~~~~~
/work/apps/3rdparty/tinydtls/dtls_debug.h:124:50: note: in definition of macro 'dtls_debug'
  124 | #define dtls_debug(...) dsrv_log(DTLS_LOG_DEBUG, __VA_ARGS__)
      |                                                  ^~~~~~~~~~~
/work/apps/src/dtls_adapter.cpp: In function 'int32_t dtlsReadCb(dtls_context_t*, session_t*, uint8*, size_t)':
/work/apps/src/dtls_adapter.cpp:18:20: warning: ISO C++ forbids converting a string constant to 'char*' [-Wwrite-strings]
   18 |         dtls_debug("dtlsReadCb --> Received deciphered message of length: %d\n", len);
      |                    ^~~~~~~~~~~~~~~~~~~~~~~~~~~~~~~~~~~~~~~~~~~~~~~~~~~~~~~~~~~~
/work/apps/3rdparty/tinydtls/dtls_debug.h:124:50: note: in definition of macro 'dtls_debug'
  124 | #define dtls_debug(...) dsrv_log(DTLS_LOG_DEBUG, __VA_ARGS__)
      |                                                  ^~~~~~~~~~~
/work/apps/src/dtls_adapter.cpp:23:14: warning: unused variable 'rsp' [-Wunused-variable]
   23 |         auto rsp = inst.coapAdapter()->processRequest(inst.isClient(), session, deciphered, out);
      |              ^~~
In file included from /work/apps/inc/dtls_adapter.hpp:24,
                 from /work/apps/src/dtls_adapter.cpp:4:
/work/apps/src/dtls_adapter.cpp: In function 'int32_t dtlsEventCb(dtls_context_t*, session_t*, dtls_alert_level_t, short unsigned int)':
/work/apps/src/dtls_adapter.cpp:34:16: warning: ISO C++ forbids converting a string constant to 'char*' [-Wwrite-strings]
   34 |     dtls_debug(" Fd: %d\n", inst.getFd());
      |                ^~~~~~~~~~~
/work/apps/3rdparty/tinydtls/dtls_debug.h:124:50: note: in definition of macro 'dtls_debug'
  124 | #define dtls_debug(...) dsrv_log(DTLS_LOG_DEBUG, __VA_ARGS__)
      |                                                  ^~~~~~~~~~~
/work/apps/src/dtls_adapter.cpp:38:20: warning: ISO C++ forbids converting a string constant to 'char*' [-Wwrite-strings]
   38 |         dtls_debug("DTLS Internal Events code: %d\n", code);
      |                    ^~~~~~~~~~~~~~~~~~~~~~~~~~~~~~~~~
/work/apps/3rdparty/tinydtls/dtls_debug.h:124:50: note: in definition of macro 'dtls_debug'
  124 | #define dtls_debug(...) dsrv_log(DTLS_LOG_DEBUG, __VA_ARGS__)
      |                                                  ^~~~~~~~~~~
/work/apps/src/dtls_adapter.cpp:42:27: warning: ISO C++ forbids converting a string constant to 'char*' [-Wwrite-strings]
   42 |                 dtls_info("Peer is connected\n");
      |                           ^~~~~~~~~~~~~~~~~~~~~
/work/apps/3rdparty/tinydtls/dtls_debug.h:123:48: note: in definition of macro 'dtls_info'
  123 | #define dtls_info(...) dsrv_log(DTLS_LOG_INFO, __VA_ARGS__)
      |                                                ^~~~~~~~~~~
/work/apps/src/dtls_adapter.cpp:66:36: warning: ISO C++ forbids converting a string constant to 'char*' [-Wwrite-strings]
   66 |                         dtls_debug("PeerIP:%s PeerPort:%d\n", client.peerIP().c_str(), client.peerPort());
      |                                    ^~~~~~~~~~~~~~~~~~~~~~~~~
/work/apps/3rdparty/tinydtls/dtls_debug.h:124:50: note: in definition of macro 'dtls_debug'
  124 | #define dtls_debug(...) dsrv_log(DTLS_LOG_DEBUG, __VA_ARGS__)
      |                                                  ^~~~~~~~~~~
/work/apps/src/dtls_adapter.cpp:73:27: warning: ISO C++ forbids converting a string constant to 'char*' [-Wwrite-strings]
   73 |                 dtls_info("Peer is renogotiated\n");
      |                           ^~~~~~~~~~~~~~~~~~~~~~~~
/work/apps/3rdparty/tinydtls/dtls_debug.h:123:48: note: in definition of macro 'dtls_info'
  123 | #define dtls_info(...) dsrv_log(DTLS_LOG_INFO, __VA_ARGS__)
      |                                                ^~~~~~~~~~~
/work/apps/src/dtls_adapter.cpp:78:27: warning: ISO C++ forbids converting a string constant to 'char*' [-Wwrite-strings]
   78 |                 dtls_info("Peer is connecting...\n");
      |                           ^~~~~~~~~~~~~~~~~~~~~~~~~
/work/apps/3rdparty/tinydtls/dtls_debug.h:123:48: note: in definition of macro 'dtls_info'
  123 | #define dtls_info(...) dsrv_log(DTLS_LOG_INFO, __VA_ARGS__)
      |                                                ^~~~~~~~~~~
/work/apps/src/dtls_adapter.cpp:107:27: warning: ISO C++ forbids converting a string constant to 'char*' [-Wwrite-strings]
  107 |                 dtls_info("Unknown code: %d\n", code);
      |                           ^~~~~~~~~~~~~~~~~~~~
/work/apps/3rdparty/tinydtls/dtls_debug.h:123:48: note: in definition of macro 'dtls_info'
  123 | #define dtls_info(...) dsrv_log(DTLS_LOG_INFO, __VA_ARGS__)
      |                                                ^~~~~~~~~~~
/work/apps/src/dtls_adapter.cpp:112:20: warning: ISO C++ forbids converting a string constant to 'char*' [-Wwrite-strings]
  112 |         dtls_debug("DTLS Alert Message level: %d  code: %d\n", level, code);
      |                    ^~~~~~~~~~~~~~~~~~~~~~~~~~~~~~~~~~~~~~~~~~
/work/apps/3rdparty/tinydtls/dtls_debug.h:124:50: note: in definition of macro 'dtls_debug'
  124 | #define dtls_debug(...) dsrv_log(DTLS_LOG_DEBUG, __VA_ARGS__)
      |                                                  ^~~~~~~~~~~
/work/apps/src/dtls_adapter.cpp:116:27: warning: ISO C++ forbids converting a string constant to 'char*' [-Wwrite-strings]
  116 |                 dtls_info("Alert close notify\n");
      |                           ^~~~~~~~~~~~~~~~~~~~~~
/work/apps/3rdparty/tinydtls/dtls_debug.h:123:48: note: in definition of macro 'dtls_info'
  123 | #define dtls_info(...) dsrv_log(DTLS_LOG_INFO, __VA_ARGS__)
      |                                                ^~~~~~~~~~~
/work/apps/src/dtls_adapter.cpp:120:27: warning: ISO C++ forbids converting a string constant to 'char*' [-Wwrite-strings]
  120 |                 dtls_info("Unhandled Alert: %d\n", code);
      |                           ^~~~~~~~~~~~~~~~~~~~~~~
/work/apps/3rdparty/tinydtls/dtls_debug.h:123:48: note: in definition of macro 'dtls_info'
  123 | #define dtls_info(...) dsrv_log(DTLS_LOG_INFO, __VA_ARGS__)
      |                                                ^~~~~~~~~~~
/work/apps/src/dtls_adapter.cpp: In function 'int32_t dtlsGetPskInfoCb(dtls_context_t*, const session_t*, dtls_credentials_type_t, const unsigned char*, size_t, unsigned char*, size_t)':
/work/apps/src/dtls_adapter.cpp:134:16: warning: ISO C++ forbids converting a string constant to 'char*' [-Wwrite-strings]
  134 |     dtls_debug("dtlsGetPskInfoCb Fd:%d type:%d id_len:%zu result_len:%zu\n",
      |                ^~~~~~~~~~~~~~~~~~~~~~~~~~~~~~~~~~~~~~~~~~~~~~~~~~~~~~~~~~~~
/work/apps/3rdparty/tinydtls/dtls_debug.h:124:50: note: in definition of macro 'dtls_debug'
  124 | #define dtls_debug(...) dsrv_log(DTLS_LOG_DEBUG, __VA_ARGS__)
      |                                                  ^~~~~~~~~~~
/work/apps/src/dtls_adapter.cpp:158:27: warning: ISO C++ forbids converting a string constant to 'char*' [-Wwrite-strings]
  158 |                 dtls_warn("No PSK identity configured\n");
      |                           ^~~~~~~~~~~~~~~~~~~~~~~~~~~~~~
/work/apps/3rdparty/tinydtls/dtls_debug.h:121:48: note: in definition of macro 'dtls_warn'
  121 | #define dtls_warn(...) dsrv_log(DTLS_LOG_WARN, __VA_ARGS__)
      |                                                ^~~~~~~~~~~
/work/apps/src/dtls_adapter.cpp:162:27: warning: ISO C++ forbids converting a string constant to 'char*' [-Wwrite-strings]
  162 |                 dtls_warn("PSK identity (%zu B) exceeds caller buffer (%zu B)\n",
      |                           ^~~~~~~~~~~~~~~~~~~~~~~~~~~~~~~~~~~~~~~~~~~~~~~~~~~~~~
/work/apps/3rdparty/tinydtls/dtls_debug.h:121:48: note: in definition of macro 'dtls_warn'
  121 | #define dtls_warn(...) dsrv_log(DTLS_LOG_WARN, __VA_ARGS__)
      |                                                ^~~~~~~~~~~
/work/apps/src/dtls_adapter.cpp:173:27: warning: ISO C++ forbids converting a string constant to 'char*' [-Wwrite-strings]
  173 |                 dtls_warn("PSK for unknown identity requested\n");
      |                           ^~~~~~~~~~~~~~~~~~~~~~~~~~~~~~~~~~~~~~
/work/apps/3rdparty/tinydtls/dtls_debug.h:121:48: note: in definition of macro 'dtls_warn'
  121 | #define dtls_warn(...) dsrv_log(DTLS_LOG_WARN, __VA_ARGS__)
      |                                                ^~~~~~~~~~~
/work/apps/src/dtls_adapter.cpp:179:27: warning: ISO C++ forbids converting a string constant to 'char*' [-Wwrite-strings]
  179 |                 dtls_warn("PSK hex decode failed\n");
      |                           ^~~~~~~~~~~~~~~~~~~~~~~~~
/work/apps/3rdparty/tinydtls/dtls_debug.h:121:48: note: in definition of macro 'dtls_warn'
  121 | #define dtls_warn(...) dsrv_log(DTLS_LOG_WARN, __VA_ARGS__)
      |                                                ^~~~~~~~~~~
/work/apps/src/dtls_adapter.cpp:184:27: warning: ISO C++ forbids converting a string constant to 'char*' [-Wwrite-strings]
  184 |                 dtls_warn("PSK (%zu B) exceeds caller buffer (%zu B)\n",
      |                           ^~~~~~~~~~~~~~~~~~~~~~~~~~~~~~~~~~~~~~~~~~~~~
/work/apps/3rdparty/tinydtls/dtls_debug.h:121:48: note: in definition of macro 'dtls_warn'
  121 | #define dtls_warn(...) dsrv_log(DTLS_LOG_WARN, __VA_ARGS__)
      |                                                ^~~~~~~~~~~
/work/apps/src/dtls_adapter.cpp:192:23: warning: ISO C++ forbids converting a string constant to 'char*' [-Wwrite-strings]
  192 |             dtls_warn("unsupported request type: %d\n", type);
      |                       ^~~~~~~~~~~~~~~~~~~~~~~~~~~~~~~~
/work/apps/3rdparty/tinydtls/dtls_debug.h:121:48: note: in definition of macro 'dtls_warn'
  121 | #define dtls_warn(...) dsrv_log(DTLS_LOG_WARN, __VA_ARGS__)
      |                                                ^~~~~~~~~~~
/work/apps/src/dtls_adapter.cpp: In member function 'void DTLSAdapter::connect(const string&, const uint16_t&)':
/work/apps/src/dtls_adapter.cpp:223:20: warning: ISO C++ forbids converting a string constant to 'char*' [-Wwrite-strings]
  223 |         dtls_debug("DTLSAdapter::connect Channel is already exists\n");
      |                    ^~~~~~~~~~~~~~~~~~~~~~~~~~~~~~~~~~~~~~~~~~~~~~~~~~
/work/apps/3rdparty/tinydtls/dtls_debug.h:124:50: note: in definition of macro 'dtls_debug'
  124 | #define dtls_debug(...) dsrv_log(DTLS_LOG_DEBUG, __VA_ARGS__)
      |                                                  ^~~~~~~~~~~
/work/apps/src/dtls_adapter.cpp:226:20: warning: ISO C++ forbids converting a string constant to 'char*' [-Wwrite-strings]
  226 |         dtls_debug("DTLSAdapter::connect Establises new channel for Client Hello\n");
      |                    ^~~~~~~~~~~~~~~~~~~~~~~~~~~~~~~~~~~~~~~~~~~~~~~~~~~~~~~~~~~~~~~~
/work/apps/3rdparty/tinydtls/dtls_debug.h:124:50: note: in definition of macro 'dtls_debug'
  124 | #define dtls_debug(...) dsrv_log(DTLS_LOG_DEBUG, __VA_ARGS__)
      |                                                  ^~~~~~~~~~~
/work/apps/src/dtls_adapter.cpp:229:20: warning: ISO C++ forbids converting a string constant to 'char*' [-Wwrite-strings]
  229 |         dtls_debug("DTLSAdapter::connect Error in establishes Channel\n");
      |                    ^~~~~~~~~~~~~~~~~~~~~~~~~~~~~~~~~~~~~~~~~~~~~~~~~~~~~
/work/apps/3rdparty/tinydtls/dtls_debug.h:124:50: note: in definition of macro 'dtls_debug'
  124 | #define dtls_debug(...) dsrv_log(DTLS_LOG_DEBUG, __VA_ARGS__)
      |                                                  ^~~~~~~~~~~
/work/apps/src/dtls_adapter.cpp: In member function 'int32_t DTLSAdapter::rx(int32_t)':
/work/apps/src/dtls_adapter.cpp:237:16: warning: ISO C++ forbids converting a string constant to 'char*' [-Wwrite-strings]
  237 |     dtls_debug("DTLSAdapter::rx on Fd: %d\n", fd);
      |                ^~~~~~~~~~~~~~~~~~~~~~~~~~~~~
/work/apps/3rdparty/tinydtls/dtls_debug.h:124:50: note: in definition of macro 'dtls_debug'
  124 | #define dtls_debug(...) dsrv_log(DTLS_LOG_DEBUG, __VA_ARGS__)
      |                                                  ^~~~~~~~~~~
/work/apps/src/dtls_adapter.cpp:242:16: warning: ISO C++ forbids converting a string constant to 'char*' [-Wwrite-strings]
  242 |     dtls_debug("DTLSAdapter::rx len: %d\n", len);
      |                ^~~~~~~~~~~~~~~~~~~~~~~~~~~
/work/apps/3rdparty/tinydtls/dtls_debug.h:124:50: note: in definition of macro 'dtls_debug'
  124 | #define dtls_debug(...) dsrv_log(DTLS_LOG_DEBUG, __VA_ARGS__)
      |                                                  ^~~~~~~~~~~
/work/apps/src/dtls_adapter.cpp:249:20: warning: ISO C++ forbids converting a string constant to 'char*' [-Wwrite-strings]
  249 |         dtls_debug("got %d bytes from port %d\n", len, ntohs(session.addr.sin.sin_port));
      |                    ^~~~~~~~~~~~~~~~~~~~~~~~~~~~~
/work/apps/3rdparty/tinydtls/dtls_debug.h:124:50: note: in definition of macro 'dtls_debug'
  124 | #define dtls_debug(...) dsrv_log(DTLS_LOG_DEBUG, __VA_ARGS__)
      |                                                  ^~~~~~~~~~~
/work/apps/src/dtls_adapter.cpp:250:31: warning: ISO C++ forbids converting a string constant to 'char*' [-Wwrite-strings]
  250 |         std::cout << basename(__FILE__) << ":" << __LINE__ << " got len: " << len << " bytes from port: "
      |                               ^~~~~~~~
In file included from /work/apps/inc/dtls_adapter.hpp:24,
                 from /work/apps/src/dtls_adapter.cpp:4:
/work/apps/src/dtls_adapter.cpp:260:28: warning: ISO C++ forbids converting a string constant to 'char*' [-Wwrite-strings]
  260 |                 dtls_debug("Message is deciphered successfully\n");
      |                            ^~~~~~~~~~~~~~~~~~~~~~~~~~~~~~~~~~~~~~
/work/apps/3rdparty/tinydtls/dtls_debug.h:124:50: note: in definition of macro 'dtls_debug'
  124 | #define dtls_debug(...) dsrv_log(DTLS_LOG_DEBUG, __VA_ARGS__)
      |                                                  ^~~~~~~~~~~
/work/apps/src/dtls_adapter.cpp:262:32: warning: ISO C++ forbids converting a string constant to 'char*' [-Wwrite-strings]
  262 |                     dtls_debug("Sending response to peer\n");
      |                                ^~~~~~~~~~~~~~~~~~~~~~~~~~~~
/work/apps/3rdparty/tinydtls/dtls_debug.h:124:50: note: in definition of macro 'dtls_debug'
  124 | #define dtls_debug(...) dsrv_log(DTLS_LOG_DEBUG, __VA_ARGS__)
      |                                                  ^~~~~~~~~~~
/work/apps/src/dtls_adapter.cpp:269:23: warning: ISO C++ forbids converting a string constant to 'char*' [-Wwrite-strings]
  269 |             dtls_warn("%d bytes exceeds buffer %d, drop message! \n", len, DTLS_MAX_BUF);
      |                       ^~~~~~~~~~~~~~~~~~~~~~~~~~~~~~~~~~~~~~~~~~~~~~
/work/apps/3rdparty/tinydtls/dtls_debug.h:121:48: note: in definition of macro 'dtls_warn'
  121 | #define dtls_warn(...) dsrv_log(DTLS_LOG_WARN, __VA_ARGS__)
      |                                                ^~~~~~~~~~~
[ 68%] Building CXX object CMakeFiles/lwm2m.dir/src/lwm2m_adapter.cpp.o
/usr/bin/c++ -DLWM2M_LITTLE_ENDIAN -I/work/apps/3rdparty/tinydtls -I/work/apps/3rdparty/json/single_include -I/usr/local/include/mongocxx/v_noabi -I/usr/local/include/bsoncxx/v_noabi -I/usr/local/ACE_TAO-7.0.0/include -I/work/apps/inc -std=c++17 -g -Wall -Wextra -O0 -MD -MT CMakeFiles/lwm2m.dir/src/lwm2m_adapter.cpp.o -MF CMakeFiles/lwm2m.dir/src/lwm2m_adapter.cpp.o.d -o CMakeFiles/lwm2m.dir/src/lwm2m_adapter.cpp.o -c /work/apps/src/lwm2m_adapter.cpp
[ 69%] Building CXX object CMakeFiles/lwm2m.dir/src/lwm2m_bootstrap_client.cpp.o
/usr/bin/c++ -DLWM2M_LITTLE_ENDIAN -I/work/apps/3rdparty/tinydtls -I/work/apps/3rdparty/json/single_include -I/usr/local/include/mongocxx/v_noabi -I/usr/local/include/bsoncxx/v_noabi -I/usr/local/ACE_TAO-7.0.0/include -I/work/apps/inc -std=c++17 -g -Wall -Wextra -O0 -MD -MT CMakeFiles/lwm2m.dir/src/lwm2m_bootstrap_client.cpp.o -MF CMakeFiles/lwm2m.dir/src/lwm2m_bootstrap_client.cpp.o.d -o CMakeFiles/lwm2m.dir/src/lwm2m_bootstrap_client.cpp.o -c /work/apps/src/lwm2m_bootstrap_client.cpp
/work/apps/src/lwm2m_adapter.cpp: In member function 'int32_t LwM2MAdapter::parseLwM2MUri(const string&, uint32_t&, uint32_t&, uint32_t&)':
/work/apps/src/lwm2m_adapter.cpp:357:31: warning: ISO C++ forbids converting a string constant to 'char*' [-Wwrite-strings]
  357 |         std::cout << basename(__FILE__) << ":" << __LINE__ << " Error uri is empty" << std::endl;
      |                               ^~~~~~~~
/work/apps/src/lwm2m_adapter.cpp: In member function 'int32_t LwM2MAdapter::parseLwM2MPayload(const string&, const string&, std::vector<LwM2MObject>&)':
/work/apps/src/lwm2m_adapter.cpp:798:1: warning: no return statement in function returning non-void [-Wreturn-type]
  798 | }
      | ^
/work/apps/src/lwm2m_adapter.cpp:400:65: warning: unused parameter 'uri' [-Wunused-parameter]
  400 | std::int32_t LwM2MAdapter::parseLwM2MPayload(const std::string& uri, const std::string& payload, std::vector<LwM2MObject>& objects) {
      |                                              ~~~~~~~~~~~~~~~~~~~^~~
/work/apps/src/lwm2m_adapter.cpp:400:89: warning: unused parameter 'payload' [-Wunused-parameter]
  400 | std::int32_t LwM2MAdapter::parseLwM2MPayload(const std::string& uri, const std::string& payload, std::vector<LwM2MObject>& objects) {
      |                                                                      ~~~~~~~~~~~~~~~~~~~^~~~~~~
/work/apps/src/lwm2m_adapter.cpp:400:124: warning: unused parameter 'objects' [-Wunused-parameter]
  400 | std::int32_t LwM2MAdapter::parseLwM2MPayload(const std::string& uri, const std::string& payload, std::vector<LwM2MObject>& objects) {
      |                                                                                                  ~~~~~~~~~~~~~~~~~~~~~~~~~~^~~~~~~
/work/apps/src/lwm2m_adapter.cpp: In member function 'int32_t LwM2MAdapter::serialiseObjects(const json&, std::string&)':
/work/apps/src/lwm2m_adapter.cpp:851:39: warning: ISO C++ forbids converting a string constant to 'char*' [-Wwrite-strings]
  851 |                 std::cout << basename(__FILE__) << ":" << __LINE__ << " unsupported type" << std::endl;
      |                                       ^~~~~~~~
/work/apps/src/lwm2m_adapter.cpp: In member function 'int32_t LwM2MAdapter::buildLwM2MPayload(const ObjectId_t&, std::string, json&, std::string&)':
/work/apps/src/lwm2m_adapter.cpp:1230:1: warning: no return statement in function returning non-void [-Wreturn-type]
 1230 | }
      | ^
In file included from /work/apps/inc/lwm2m_bootstrap_client.hpp:9,
                 from /work/apps/src/lwm2m_bootstrap_client.cpp:1:
/work/apps/inc/coap_adapter.hpp: In member function 'std::string CoAPAdapter::getContentFormat(const CoAPAdapter::CoAPMessage&)':
/work/apps/inc/coap_adapter.hpp:291:39: warning: ISO C++ forbids converting a string constant to 'char*' [-Wwrite-strings]
  291 |                 std::cout << basename(__FILE__) << ":" << __LINE__ <<  " value:" << it->optionvalue << " cf: " << ::ntohs(atoi(it->optionvalue.c_str())) << std::endl;
      |                                       ^~~~~~~~
/work/apps/src/lwm2m_bootstrap_client.cpp: At global scope:
/work/apps/src/lwm2m_bootstrap_client.cpp:39:13: warning: 'std::string lwm2m::bootstrap::{anonymous}::hex_to_bin(const string&)' defined but not used [-Wunused-function]
   39 | std::string hex_to_bin(const std::string& hex) {
      |             ^~~~~~~~~~
[ 70%] Building CXX object CMakeFiles/lwm2m.dir/src/lwm2m_bootstrap_server.cpp.o
/usr/bin/c++ -DLWM2M_LITTLE_ENDIAN -I/work/apps/3rdparty/tinydtls -I/work/apps/3rdparty/json/single_include -I/usr/local/include/mongocxx/v_noabi -I/usr/local/include/bsoncxx/v_noabi -I/usr/local/ACE_TAO-7.0.0/include -I/work/apps/inc -std=c++17 -g -Wall -Wextra -O0 -MD -MT CMakeFiles/lwm2m.dir/src/lwm2m_bootstrap_server.cpp.o -MF CMakeFiles/lwm2m.dir/src/lwm2m_bootstrap_server.cpp.o.d -o CMakeFiles/lwm2m.dir/src/lwm2m_bootstrap_server.cpp.o -c /work/apps/src/lwm2m_bootstrap_server.cpp
[ 72%] Building CXX object CMakeFiles/lwm2m.dir/src/lwm2m_codec_linkformat.cpp.o
/usr/bin/c++ -DLWM2M_LITTLE_ENDIAN -I/work/apps/3rdparty/tinydtls -I/work/apps/3rdparty/json/single_include -I/usr/local/include/mongocxx/v_noabi -I/usr/local/include/bsoncxx/v_noabi -I/usr/local/ACE_TAO-7.0.0/include -I/work/apps/inc -std=c++17 -g -Wall -Wextra -O0 -MD -MT CMakeFiles/lwm2m.dir/src/lwm2m_codec_linkformat.cpp.o -MF CMakeFiles/lwm2m.dir/src/lwm2m_codec_linkformat.cpp.o.d -o CMakeFiles/lwm2m.dir/src/lwm2m_codec_linkformat.cpp.o -c /work/apps/src/lwm2m_codec_linkformat.cpp
In file included from /work/apps/inc/lwm2m_bootstrap_server.hpp:9,
                 from /work/apps/src/lwm2m_bootstrap_server.cpp:1:
/work/apps/inc/coap_adapter.hpp: In member function 'std::string CoAPAdapter::getContentFormat(const CoAPAdapter::CoAPMessage&)':
/work/apps/inc/coap_adapter.hpp:291:39: warning: ISO C++ forbids converting a string constant to 'char*' [-Wwrite-strings]
  291 |                 std::cout << basename(__FILE__) << ":" << __LINE__ <<  " value:" << it->optionvalue << " cf: " << ::ntohs(atoi(it->optionvalue.c_str())) << std::endl;
      |                                       ^~~~~~~~
[ 73%] Building CXX object CMakeFiles/lwm2m.dir/src/lwm2m_codec_plaintext.cpp.o
/usr/bin/c++ -DLWM2M_LITTLE_ENDIAN -I/work/apps/3rdparty/tinydtls -I/work/apps/3rdparty/json/single_include -I/usr/local/include/mongocxx/v_noabi -I/usr/local/include/bsoncxx/v_noabi -I/usr/local/ACE_TAO-7.0.0/include -I/work/apps/inc -std=c++17 -g -Wall -Wextra -O0 -MD -MT CMakeFiles/lwm2m.dir/src/lwm2m_codec_plaintext.cpp.o -MF CMakeFiles/lwm2m.dir/src/lwm2m_codec_plaintext.cpp.o.d -o CMakeFiles/lwm2m.dir/src/lwm2m_codec_plaintext.cpp.o -c /work/apps/src/lwm2m_codec_plaintext.cpp
[ 74%] Building CXX object CMakeFiles/lwm2m.dir/src/lwm2m_codec_registry.cpp.o
/usr/bin/c++ -DLWM2M_LITTLE_ENDIAN -I/work/apps/3rdparty/tinydtls -I/work/apps/3rdparty/json/single_include -I/usr/local/include/mongocxx/v_noabi -I/usr/local/include/bsoncxx/v_noabi -I/usr/local/ACE_TAO-7.0.0/include -I/work/apps/inc -std=c++17 -g -Wall -Wextra -O0 -MD -MT CMakeFiles/lwm2m.dir/src/lwm2m_codec_registry.cpp.o -MF CMakeFiles/lwm2m.dir/src/lwm2m_codec_registry.cpp.o.d -o CMakeFiles/lwm2m.dir/src/lwm2m_codec_registry.cpp.o -c /work/apps/src/lwm2m_codec_registry.cpp
[ 76%] Building CXX object CMakeFiles/lwm2m.dir/src/lwm2m_codec_senml.cpp.o
/usr/bin/c++ -DLWM2M_LITTLE_ENDIAN -I/work/apps/3rdparty/tinydtls -I/work/apps/3rdparty/json/single_include -I/usr/local/include/mongocxx/v_noabi -I/usr/local/include/bsoncxx/v_noabi -I/usr/local/ACE_TAO-7.0.0/include -I/work/apps/inc -std=c++17 -g -Wall -Wextra -O0 -MD -MT CMakeFiles/lwm2m.dir/src/lwm2m_codec_senml.cpp.o -MF CMakeFiles/lwm2m.dir/src/lwm2m_codec_senml.cpp.o.d -o CMakeFiles/lwm2m.dir/src/lwm2m_codec_senml.cpp.o -c /work/apps/src/lwm2m_codec_senml.cpp
[ 77%] Building CXX object CMakeFiles/lwm2m.dir/src/lwm2m_codec_tlv.cpp.o
/usr/bin/c++ -DLWM2M_LITTLE_ENDIAN -I/work/apps/3rdparty/tinydtls -I/work/apps/3rdparty/json/single_include -I/usr/local/include/mongocxx/v_noabi -I/usr/local/include/bsoncxx/v_noabi -I/usr/local/ACE_TAO-7.0.0/include -I/work/apps/inc -std=c++17 -g -Wall -Wextra -O0 -MD -MT CMakeFiles/lwm2m.dir/src/lwm2m_codec_tlv.cpp.o -MF CMakeFiles/lwm2m.dir/src/lwm2m_codec_tlv.cpp.o.d -o CMakeFiles/lwm2m.dir/src/lwm2m_codec_tlv.cpp.o -c /work/apps/src/lwm2m_codec_tlv.cpp
[ 78%] Building CXX object CMakeFiles/lwm2m.dir/src/lwm2m_dm_client.cpp.o
/usr/bin/c++ -DLWM2M_LITTLE_ENDIAN -I/work/apps/3rdparty/tinydtls -I/work/apps/3rdparty/json/single_include -I/usr/local/include/mongocxx/v_noabi -I/usr/local/include/bsoncxx/v_noabi -I/usr/local/ACE_TAO-7.0.0/include -I/work/apps/inc -std=c++17 -g -Wall -Wextra -O0 -MD -MT CMakeFiles/lwm2m.dir/src/lwm2m_dm_client.cpp.o -MF CMakeFiles/lwm2m.dir/src/lwm2m_dm_client.cpp.o.d -o CMakeFiles/lwm2m.dir/src/lwm2m_dm_client.cpp.o -c /work/apps/src/lwm2m_dm_client.cpp
In file included from /work/apps/inc/lwm2m_dm_client.hpp:8,
                 from /work/apps/src/lwm2m_dm_client.cpp:1:
/work/apps/inc/coap_adapter.hpp: In member function 'std::string CoAPAdapter::getContentFormat(const CoAPAdapter::CoAPMessage&)':
/work/apps/inc/coap_adapter.hpp:291:39: warning: ISO C++ forbids converting a string constant to 'char*' [-Wwrite-strings]
  291 |                 std::cout << basename(__FILE__) << ":" << __LINE__ <<  " value:" << it->optionvalue << " cf: " << ::ntohs(atoi(it->optionvalue.c_str())) << std::endl;
      |                                       ^~~~~~~~
[ 80%] Building CXX object CMakeFiles/lwm2m.dir/src/lwm2m_dm_server.cpp.o
/usr/bin/c++ -DLWM2M_LITTLE_ENDIAN -I/work/apps/3rdparty/tinydtls -I/work/apps/3rdparty/json/single_include -I/usr/local/include/mongocxx/v_noabi -I/usr/local/include/bsoncxx/v_noabi -I/usr/local/ACE_TAO-7.0.0/include -I/work/apps/inc -std=c++17 -g -Wall -Wextra -O0 -MD -MT CMakeFiles/lwm2m.dir/src/lwm2m_dm_server.cpp.o -MF CMakeFiles/lwm2m.dir/src/lwm2m_dm_server.cpp.o.d -o CMakeFiles/lwm2m.dir/src/lwm2m_dm_server.cpp.o -c /work/apps/src/lwm2m_dm_server.cpp
[ 81%] Building CXX object CMakeFiles/lwm2m.dir/src/lwm2m_object_3_device.cpp.o
/usr/bin/c++ -DLWM2M_LITTLE_ENDIAN -I/work/apps/3rdparty/tinydtls -I/work/apps/3rdparty/json/single_include -I/usr/local/include/mongocxx/v_noabi -I/usr/local/include/bsoncxx/v_noabi -I/usr/local/ACE_TAO-7.0.0/include -I/work/apps/inc -std=c++17 -g -Wall -Wextra -O0 -MD -MT CMakeFiles/lwm2m.dir/src/lwm2m_object_3_device.cpp.o -MF CMakeFiles/lwm2m.dir/src/lwm2m_object_3_device.cpp.o.d -o CMakeFiles/lwm2m.dir/src/lwm2m_object_3_device.cpp.o -c /work/apps/src/lwm2m_object_3_device.cpp
In file included from /work/apps/inc/lwm2m_coap_builder.hpp:10,
                 from /work/apps/src/lwm2m_dm_server.cpp:5:
/work/apps/inc/coap_adapter.hpp: In member function 'std::string CoAPAdapter::getContentFormat(const CoAPAdapter::CoAPMessage&)':
/work/apps/inc/coap_adapter.hpp:291:39: warning: ISO C++ forbids converting a string constant to 'char*' [-Wwrite-strings]
  291 |                 std::cout << basename(__FILE__) << ":" << __LINE__ <<  " value:" << it->optionvalue << " cf: " << ::ntohs(atoi(it->optionvalue.c_str())) << std::endl;
      |                                       ^~~~~~~~
[ 82%] Building CXX object CMakeFiles/lwm2m.dir/src/lwm2m_object_store.cpp.o
/usr/bin/c++ -DLWM2M_LITTLE_ENDIAN -I/work/apps/3rdparty/tinydtls -I/work/apps/3rdparty/json/single_include -I/usr/local/include/mongocxx/v_noabi -I/usr/local/include/bsoncxx/v_noabi -I/usr/local/ACE_TAO-7.0.0/include -I/work/apps/inc -std=c++17 -g -Wall -Wextra -O0 -MD -MT CMakeFiles/lwm2m.dir/src/lwm2m_object_store.cpp.o -MF CMakeFiles/lwm2m.dir/src/lwm2m_object_store.cpp.o.d -o CMakeFiles/lwm2m.dir/src/lwm2m_object_store.cpp.o -c /work/apps/src/lwm2m_object_store.cpp
[ 84%] Building CXX object CMakeFiles/lwm2m.dir/src/lwm2m_object_stubs.cpp.o
/usr/bin/c++ -DLWM2M_LITTLE_ENDIAN -I/work/apps/3rdparty/tinydtls -I/work/apps/3rdparty/json/single_include -I/usr/local/include/mongocxx/v_noabi -I/usr/local/include/bsoncxx/v_noabi -I/usr/local/ACE_TAO-7.0.0/include -I/work/apps/inc -std=c++17 -g -Wall -Wextra -O0 -MD -MT CMakeFiles/lwm2m.dir/src/lwm2m_object_stubs.cpp.o -MF CMakeFiles/lwm2m.dir/src/lwm2m_object_stubs.cpp.o.d -o CMakeFiles/lwm2m.dir/src/lwm2m_object_stubs.cpp.o -c /work/apps/src/lwm2m_object_stubs.cpp
[ 85%] Building CXX object CMakeFiles/lwm2m.dir/src/lwm2m_observe.cpp.o
/usr/bin/c++ -DLWM2M_LITTLE_ENDIAN -I/work/apps/3rdparty/tinydtls -I/work/apps/3rdparty/json/single_include -I/usr/local/include/mongocxx/v_noabi -I/usr/local/include/bsoncxx/v_noabi -I/usr/local/ACE_TAO-7.0.0/include -I/work/apps/inc -std=c++17 -g -Wall -Wextra -O0 -MD -MT CMakeFiles/lwm2m.dir/src/lwm2m_observe.cpp.o -MF CMakeFiles/lwm2m.dir/src/lwm2m_observe.cpp.o.d -o CMakeFiles/lwm2m.dir/src/lwm2m_observe.cpp.o -c /work/apps/src/lwm2m_observe.cpp
[ 86%] Building CXX object CMakeFiles/lwm2m.dir/src/lwm2m_registration.cpp.o
/usr/bin/c++ -DLWM2M_LITTLE_ENDIAN -I/work/apps/3rdparty/tinydtls -I/work/apps/3rdparty/json/single_include -I/usr/local/include/mongocxx/v_noabi -I/usr/local/include/bsoncxx/v_noabi -I/usr/local/ACE_TAO-7.0.0/include -I/work/apps/inc -std=c++17 -g -Wall -Wextra -O0 -MD -MT CMakeFiles/lwm2m.dir/src/lwm2m_registration.cpp.o -MF CMakeFiles/lwm2m.dir/src/lwm2m_registration.cpp.o.d -o CMakeFiles/lwm2m.dir/src/lwm2m_registration.cpp.o -c /work/apps/src/lwm2m_registration.cpp
In file included from /work/apps/inc/lwm2m_coap_builder.hpp:10,
                 from /work/apps/src/lwm2m_observe.cpp:7:
/work/apps/inc/coap_adapter.hpp: In member function 'std::string CoAPAdapter::getContentFormat(const CoAPAdapter::CoAPMessage&)':
/work/apps/inc/coap_adapter.hpp:291:39: warning: ISO C++ forbids converting a string constant to 'char*' [-Wwrite-strings]
  291 |                 std::cout << basename(__FILE__) << ":" << __LINE__ <<  " value:" << it->optionvalue << " cf: " << ::ntohs(atoi(it->optionvalue.c_str())) << std::endl;
      |                                       ^~~~~~~~
[ 88%] Building CXX object CMakeFiles/lwm2m.dir/src/lwm2m_registration_client.cpp.o
/usr/bin/c++ -DLWM2M_LITTLE_ENDIAN -I/work/apps/3rdparty/tinydtls -I/work/apps/3rdparty/json/single_include -I/usr/local/include/mongocxx/v_noabi -I/usr/local/include/bsoncxx/v_noabi -I/usr/local/ACE_TAO-7.0.0/include -I/work/apps/inc -std=c++17 -g -Wall -Wextra -O0 -MD -MT CMakeFiles/lwm2m.dir/src/lwm2m_registration_client.cpp.o -MF CMakeFiles/lwm2m.dir/src/lwm2m_registration_client.cpp.o.d -o CMakeFiles/lwm2m.dir/src/lwm2m_registration_client.cpp.o -c /work/apps/src/lwm2m_registration_client.cpp
[ 89%] Building CXX object CMakeFiles/lwm2m.dir/src/lwm2m_registration_server.cpp.o
/usr/bin/c++ -DLWM2M_LITTLE_ENDIAN -I/work/apps/3rdparty/tinydtls -I/work/apps/3rdparty/json/single_include -I/usr/local/include/mongocxx/v_noabi -I/usr/local/include/bsoncxx/v_noabi -I/usr/local/ACE_TAO-7.0.0/include -I/work/apps/inc -std=c++17 -g -Wall -Wextra -O0 -MD -MT CMakeFiles/lwm2m.dir/src/lwm2m_registration_server.cpp.o -MF CMakeFiles/lwm2m.dir/src/lwm2m_registration_server.cpp.o.d -o CMakeFiles/lwm2m.dir/src/lwm2m_registration_server.cpp.o -c /work/apps/src/lwm2m_registration_server.cpp
In file included from /work/apps/inc/lwm2m_registration_client.hpp:9,
                 from /work/apps/src/lwm2m_registration_client.cpp:1:
/work/apps/inc/coap_adapter.hpp: In member function 'std::string CoAPAdapter::getContentFormat(const CoAPAdapter::CoAPMessage&)':
/work/apps/inc/coap_adapter.hpp:291:39: warning: ISO C++ forbids converting a string constant to 'char*' [-Wwrite-strings]
  291 |                 std::cout << basename(__FILE__) << ":" << __LINE__ <<  " value:" << it->optionvalue << " cf: " << ::ntohs(atoi(it->optionvalue.c_str())) << std::endl;
      |                                       ^~~~~~~~
In file included from /work/apps/inc/lwm2m_registration_server.hpp:8,
                 from /work/apps/src/lwm2m_registration_server.cpp:1:
/work/apps/inc/coap_adapter.hpp: In member function 'std::string CoAPAdapter::getContentFormat(const CoAPAdapter::CoAPMessage&)':
/work/apps/inc/coap_adapter.hpp:291:39: warning: ISO C++ forbids converting a string constant to 'char*' [-Wwrite-strings]
  291 |                 std::cout << basename(__FILE__) << ":" << __LINE__ <<  " value:" << it->optionvalue << " cf: " << ::ntohs(atoi(it->optionvalue.c_str())) << std::endl;
      |                                       ^~~~~~~~
[ 90%] Building CXX object CMakeFiles/lwm2m.dir/src/lwm2m_registry_mirror.cpp.o
/usr/bin/c++ -DLWM2M_LITTLE_ENDIAN -I/work/apps/3rdparty/tinydtls -I/work/apps/3rdparty/json/single_include -I/usr/local/include/mongocxx/v_noabi -I/usr/local/include/bsoncxx/v_noabi -I/usr/local/ACE_TAO-7.0.0/include -I/work/apps/inc -std=c++17 -g -Wall -Wextra -O0 -MD -MT CMakeFiles/lwm2m.dir/src/lwm2m_registry_mirror.cpp.o -MF CMakeFiles/lwm2m.dir/src/lwm2m_registry_mirror.cpp.o.d -o CMakeFiles/lwm2m.dir/src/lwm2m_registry_mirror.cpp.o -c /work/apps/src/lwm2m_registry_mirror.cpp
[ 92%] Building CXX object CMakeFiles/lwm2m.dir/src/main.cpp.o
/usr/bin/c++ -DLWM2M_LITTLE_ENDIAN -I/work/apps/3rdparty/tinydtls -I/work/apps/3rdparty/json/single_include -I/usr/local/include/mongocxx/v_noabi -I/usr/local/include/bsoncxx/v_noabi -I/usr/local/ACE_TAO-7.0.0/include -I/work/apps/inc -std=c++17 -g -Wall -Wextra -O0 -MD -MT CMakeFiles/lwm2m.dir/src/main.cpp.o -MF CMakeFiles/lwm2m.dir/src/main.cpp.o.d -o CMakeFiles/lwm2m.dir/src/main.cpp.o -c /work/apps/src/main.cpp
[ 93%] Building CXX object CMakeFiles/lwm2m.dir/src/readline.cpp.o
/usr/bin/c++ -DLWM2M_LITTLE_ENDIAN -I/work/apps/3rdparty/tinydtls -I/work/apps/3rdparty/json/single_include -I/usr/local/include/mongocxx/v_noabi -I/usr/local/include/bsoncxx/v_noabi -I/usr/local/ACE_TAO-7.0.0/include -I/work/apps/inc -std=c++17 -g -Wall -Wextra -O0 -MD -MT CMakeFiles/lwm2m.dir/src/readline.cpp.o -MF CMakeFiles/lwm2m.dir/src/readline.cpp.o.d -o CMakeFiles/lwm2m.dir/src/readline.cpp.o -c /work/apps/src/readline.cpp
In file included from /work/apps/inc/dtls_adapter.hpp:11,
                 from /work/apps/inc/udp_adapter.hpp:25,
                 from /work/apps/inc/app.hpp:14,
                 from /work/apps/src/main.cpp:13:
/work/apps/inc/coap_adapter.hpp: In member function 'std::string CoAPAdapter::getContentFormat(const CoAPAdapter::CoAPMessage&)':
/work/apps/inc/coap_adapter.hpp:291:39: warning: ISO C++ forbids converting a string constant to 'char*' [-Wwrite-strings]
  291 |                 std::cout << basename(__FILE__) << ":" << __LINE__ <<  " value:" << it->optionvalue << " cf: " << ::ntohs(atoi(it->optionvalue.c_str())) << std::endl;
      |                                       ^~~~~~~~
/work/apps/src/main.cpp: In function 'void parsePeerOption(const string&, UDPAdapter::Scheme_t&, std::string&, uint16_t&)':
/work/apps/src/main.cpp:70:31: warning: ISO C++ forbids converting a string constant to 'char*' [-Wwrite-strings]
   70 |         std::cout << basename(__FILE__) << ":" << __LINE__ << " Error input is empty" << std::endl;
      |                               ^~~~~~~~
/work/apps/src/main.cpp: In function 'int main(int32_t, char**)':
/work/apps/src/main.cpp:421:35: warning: ISO C++ forbids converting a string constant to 'char*' [-Wwrite-strings]
  421 |             std::cout << basename(__FILE__) << ":" << __LINE__ << " ent.first:" << ent.first << " ent.second:" << ent.second << std::endl;
      |                                   ^~~~~~~~
/work/apps/src/main.cpp:429:31: warning: ISO C++ forbids converting a string constant to 'char*' [-Wwrite-strings]
  429 |         std::cout << basename(__FILE__) << ":" << __LINE__ << " Error Invalid Option for role" << std::endl;
      |                               ^~~~~~~~
/work/apps/src/main.cpp:439:35: warning: ISO C++ forbids converting a string constant to 'char*' [-Wwrite-strings]
  439 |             std::cout << basename(__FILE__) << ":" << __LINE__ << " Error bs=value is missing in command line argument" << std::endl;
      |                                   ^~~~~~~~
/work/apps/src/main.cpp:448:31: warning: ISO C++ forbids converting a string constant to 'char*' [-Wwrite-strings]
  448 |         std::cout << basename(__FILE__) << ":" << __LINE__ << " Error local=value is missing in command line argument" << std::endl;
      |                               ^~~~~~~~
/work/apps/src/main.cpp:453:27: warning: ISO C++ forbids converting a string constant to 'char*' [-Wwrite-strings]
  453 |     std::cout << basename(__FILE__) << ":" << __LINE__ << " scheme:" << std::to_string(scheme) << " host:" << selfHost << " port:" << std::to_string(selfPort) << std::endl;
      |                           ^~~~~~~~
/work/apps/src/main.cpp:459:35: warning: ISO C++ forbids converting a string constant to 'char*' [-Wwrite-strings]
  459 |             std::cout << basename(__FILE__) << ":" << __LINE__ << " Error either identity or secret missing for coaps" << std::endl;
      |                                   ^~~~~~~~
In file included from /work/apps/inc/dtls_adapter.hpp:11,
                 from /work/apps/inc/udp_adapter.hpp:25,
                 from /work/apps/inc/app.hpp:14,
                 from /work/apps/inc/readline.hpp:9,
                 from /work/apps/src/readline.cpp:1:
/work/apps/inc/coap_adapter.hpp: In member function 'std::string CoAPAdapter::getContentFormat(const CoAPAdapter::CoAPMessage&)':
/work/apps/inc/coap_adapter.hpp:291:39: warning: ISO C++ forbids converting a string constant to 'char*' [-Wwrite-strings]
  291 |                 std::cout << basename(__FILE__) << ":" << __LINE__ <<  " value:" << it->optionvalue << " cf: " << ::ntohs(atoi(it->optionvalue.c_str())) << std::endl;
      |                                       ^~~~~~~~
/work/apps/src/readline.cpp: In member function 'int Readline::init()':
/work/apps/src/readline.cpp:31:40: error: 'commandCompletion' was not declared in this scope
   31 |     rl_attempted_completion_function = commandCompletion;
      |                                        ^~~~~~~~~~~~~~~~~
make[2]: *** [CMakeFiles/lwm2m.dir/build.make:583: CMakeFiles/lwm2m.dir/src/readline.cpp.o] Error 1
make[2]: *** Waiting for unfinished jobs....
make[2]: Leaving directory '/work/apps/build'
make[1]: *** [CMakeFiles/Makefile2:103: CMakeFiles/lwm2m.dir/all] Error 2
make[1]: Leaving directory '/work/apps/build'
make: *** [Makefile:139: all] Error 2
