/usr/bin/cmake -S/work/apps -B/work/apps/build --check-build-system CMakeFiles/Makefile.cmake 0
make  -f CMakeFiles/Makefile2 lwm2m_test
make[1]: Entering directory '/work/apps/build'
/usr/bin/cmake -S/work/apps -B/work/apps/build --check-build-system CMakeFiles/Makefile.cmake 0
/usr/bin/cmake -E cmake_progress_start /work/apps/build/CMakeFiles 37
make  -f CMakeFiles/Makefile2 test/CMakeFiles/lwm2m_test.dir/all
make[2]: Entering directory '/work/apps/build'
make  -f test/CMakeFiles/lwm2m_test.dir/build.make test/CMakeFiles/lwm2m_test.dir/depend
make[3]: Entering directory '/work/apps/build'
cd /work/apps/build && /usr/bin/cmake -E cmake_depends "Unix Makefiles" /work/apps /work/apps/test /work/apps/build /work/apps/build/test /work/apps/build/test/CMakeFiles/lwm2m_test.dir/DependInfo.cmake --color=
Consolidate compiler generated dependencies of target lwm2m_test
make[3]: Leaving directory '/work/apps/build'
make  -f test/CMakeFiles/lwm2m_test.dir/build.make test/CMakeFiles/lwm2m_test.dir/build
make[3]: Entering directory '/work/apps/build'
[  5%] Building CXX object test/CMakeFiles/lwm2m_test.dir/__/src/lwm2m_codec_linkformat.cpp.o
[  5%] Building CXX object test/CMakeFiles/lwm2m_test.dir/__/src/lwm2m_codec_plaintext.cpp.o
cd /work/apps/build/test && /usr/bin/c++ -DLWM2M_LITTLE_ENDIAN -I/work/apps/3rdparty/tinydtls -I/work/apps/3rdparty/json/single_include -I/usr/local/include/mongocxx/v_noabi -I/usr/local/include/bsoncxx/v_noabi -I/usr/local/ACE_TAO-7.0.0/include -I/usr/include/lua5.3 -I/work/apps/inc -I/work/apps/test/../inc -I/work/apps/test/test -std=c++17 -g -Wall -Wextra -O0 -std=c++2a -g -Wall -Wextra -MD -MT test/CMakeFiles/lwm2m_test.dir/__/src/lwm2m_codec_linkformat.cpp.o -MF CMakeFiles/lwm2m_test.dir/__/src/lwm2m_codec_linkformat.cpp.o.d -o CMakeFiles/lwm2m_test.dir/__/src/lwm2m_codec_linkformat.cpp.o -c /work/apps/src/lwm2m_codec_linkformat.cpp
cd /work/apps/build/test && /usr/bin/c++ -DLWM2M_LITTLE_ENDIAN -I/work/apps/3rdparty/tinydtls -I/work/apps/3rdparty/json/single_include -I/usr/local/include/mongocxx/v_noabi -I/usr/local/include/bsoncxx/v_noabi -I/usr/local/ACE_TAO-7.0.0/include -I/usr/include/lua5.3 -I/work/apps/inc -I/work/apps/test/../inc -I/work/apps/test/test -std=c++17 -g -Wall -Wextra -O0 -std=c++2a -g -Wall -Wextra -MD -MT test/CMakeFiles/lwm2m_test.dir/__/src/lwm2m_codec_plaintext.cpp.o -MF CMakeFiles/lwm2m_test.dir/__/src/lwm2m_codec_plaintext.cpp.o.d -o CMakeFiles/lwm2m_test.dir/__/src/lwm2m_codec_plaintext.cpp.o -c /work/apps/src/lwm2m_codec_plaintext.cpp
[  8%] Building CXX object test/CMakeFiles/lwm2m_test.dir/__/src/lwm2m_dm_client.cpp.o
cd /work/apps/build/test && /usr/bin/c++ -DLWM2M_LITTLE_ENDIAN -I/work/apps/3rdparty/tinydtls -I/work/apps/3rdparty/json/single_include -I/usr/local/include/mongocxx/v_noabi -I/usr/local/include/bsoncxx/v_noabi -I/usr/local/ACE_TAO-7.0.0/include -I/usr/include/lua5.3 -I/work/apps/inc -I/work/apps/test/../inc -I/work/apps/test/test -std=c++17 -g -Wall -Wextra -O0 -std=c++2a -g -Wall -Wextra -MD -MT test/CMakeFiles/lwm2m_test.dir/__/src/lwm2m_dm_client.cpp.o -MF CMakeFiles/lwm2m_test.dir/__/src/lwm2m_dm_client.cpp.o.d -o CMakeFiles/lwm2m_test.dir/__/src/lwm2m_dm_client.cpp.o -c /work/apps/src/lwm2m_dm_client.cpp
In file included from /work/apps/inc/lwm2m_dm_client.hpp:8,
                 from /work/apps/src/lwm2m_dm_client.cpp:1:
/work/apps/inc/coap_adapter.hpp: In member function 'std::string CoAPAdapter::getContentFormat(const CoAPAdapter::CoAPMessage&)':
/work/apps/inc/coap_adapter.hpp:291:39: warning: ISO C++ forbids converting a string constant to 'char*' [-Wwrite-strings]
  291 |                 std::cout << basename(__FILE__) << ":" << __LINE__ <<  " value:" << it->optionvalue << " cf: " << ::ntohs(atoi(it->optionvalue.c_str())) << std::endl;
      |                                       ^~~~~~~~
[ 10%] Linking CXX executable lwm2m_test
cd /work/apps/build/test && /usr/bin/cmake -E cmake_link_script CMakeFiles/lwm2m_test.dir/link.txt --verbose=1
/usr/bin/c++  -std=c++17 -g -Wall -Wextra -O0 -std=c++2a -g -Wall -Wextra CMakeFiles/lwm2m_test.dir/__/src/cbor_adapter.cpp.o CMakeFiles/lwm2m_test.dir/__/src/coap_adapter.cpp.o CMakeFiles/lwm2m_test.dir/__/src/lua_config.cpp.o CMakeFiles/lwm2m_test.dir/__/src/lwm2m_adapter.cpp.o CMakeFiles/lwm2m_test.dir/__/src/lwm2m_bootstrap_client.cpp.o CMakeFiles/lwm2m_test.dir/__/src/lwm2m_bootstrap_server.cpp.o CMakeFiles/lwm2m_test.dir/__/src/lwm2m_codec_linkformat.cpp.o CMakeFiles/lwm2m_test.dir/__/src/lwm2m_codec_plaintext.cpp.o CMakeFiles/lwm2m_test.dir/__/src/lwm2m_codec_registry.cpp.o CMakeFiles/lwm2m_test.dir/__/src/lwm2m_codec_senml.cpp.o CMakeFiles/lwm2m_test.dir/__/src/lwm2m_codec_tlv.cpp.o CMakeFiles/lwm2m_test.dir/__/src/lwm2m_dm_client.cpp.o CMakeFiles/lwm2m_test.dir/__/src/lwm2m_dm_server.cpp.o CMakeFiles/lwm2m_test.dir/__/src/lwm2m_object_3_device.cpp.o CMakeFiles/lwm2m_test.dir/__/src/lwm2m_object_store.cpp.o CMakeFiles/lwm2m_test.dir/__/src/lwm2m_object_stubs.cpp.o CMakeFiles/lwm2m_test.dir/__/src/lwm2m_observe.cpp.o CMakeFiles/lwm2m_test.dir/__/src/lwm2m_registration.cpp.o CMakeFiles/lwm2m_test.dir/__/src/lwm2m_registration_client.cpp.o CMakeFiles/lwm2m_test.dir/__/src/lwm2m_registration_server.cpp.o CMakeFiles/lwm2m_test.dir/bootstrap_test.cpp.o CMakeFiles/lwm2m_test.dir/cbor_adapter_test.cpp.o CMakeFiles/lwm2m_test.dir/coap_adapter_test.cpp.o CMakeFiles/lwm2m_test.dir/codec_registry_test.cpp.o CMakeFiles/lwm2m_test.dir/dm_test.cpp.o CMakeFiles/lwm2m_test.dir/linkformat_test.cpp.o CMakeFiles/lwm2m_test.dir/lwm2m_adapter_test.cpp.o CMakeFiles/lwm2m_test.dir/object_store_test.cpp.o CMakeFiles/lwm2m_test.dir/objects_test.cpp.o CMakeFiles/lwm2m_test.dir/observe_test.cpp.o CMakeFiles/lwm2m_test.dir/push_regression_test.cpp.o CMakeFiles/lwm2m_test.dir/registration_client_test.cpp.o CMakeFiles/lwm2m_test.dir/registration_server_test.cpp.o CMakeFiles/lwm2m_test.dir/registry_test.cpp.o CMakeFiles/lwm2m_test.dir/senml_test.cpp.o CMakeFiles/lwm2m_test.dir/tlv_test.cpp.o -o lwm2m_test   -L/work/apps/3rdparty/tinydtls  -L/usr/local/ACE_TAO-7.0.0/lib  -Wl,-rpath,/work/apps/3rdparty/tinydtls:/usr/local/ACE_TAO-7.0.0/lib -lgtest_main -lgtest -lpthread -lz /usr/lib/aarch64-linux-gnu/liblua5.3.a -ldl -lm 
cd /work/apps/build/test && /usr/bin/cmake -D TEST_TARGET=lwm2m_test -D TEST_EXECUTABLE=/work/apps/build/test/lwm2m_test -D TEST_EXECUTOR= -D TEST_WORKING_DIR=/work/apps/build/test -D TEST_EXTRA_ARGS= -D TEST_PROPERTIES= -D TEST_PREFIX= -D TEST_SUFFIX= -D TEST_FILTER= -D NO_PRETTY_TYPES=FALSE -D NO_PRETTY_VALUES=FALSE -D TEST_LIST=lwm2m_test_TESTS -D CTEST_FILE=/work/apps/build/test/lwm2m_test[1]_tests.cmake -D TEST_DISCOVERY_TIMEOUT=5 -D TEST_XML_OUTPUT_DIR= -P /usr/share/cmake-3.22/Modules/GoogleTestAddTests.cmake
make[3]: Leaving directory '/work/apps/build'
[100%] Built target lwm2m_test
make[2]: Leaving directory '/work/apps/build'
/usr/bin/cmake -E cmake_progress_start /work/apps/build/CMakeFiles 0
make[1]: Leaving directory '/work/apps/build'
