/usr/bin/cmake -S/work/apps -B/work/apps/build --check-build-system CMakeFiles/Makefile.cmake 0
/usr/bin/cmake -E cmake_progress_start /work/apps/build/CMakeFiles /work/apps/build//CMakeFiles/progress.marks
make  -f CMakeFiles/Makefile2 all
make[1]: Entering directory '/work/apps/build'
make  -f CMakeFiles/lwm2m.dir/build.make CMakeFiles/lwm2m.dir/depend
make  -f test/CMakeFiles/lwm2m_test.dir/build.make test/CMakeFiles/lwm2m_test.dir/depend
make[2]: Entering directory '/work/apps/build'
cd /work/apps/build && /usr/bin/cmake -E cmake_depends "Unix Makefiles" /work/apps /work/apps /work/apps/build /work/apps/build /work/apps/build/CMakeFiles/lwm2m.dir/DependInfo.cmake --color=
make[2]: Entering directory '/work/apps/build'
cd /work/apps/build && /usr/bin/cmake -E cmake_depends "Unix Makefiles" /work/apps /work/apps/test /work/apps/build /work/apps/build/test /work/apps/build/test/CMakeFiles/lwm2m_test.dir/DependInfo.cmake --color=
Consolidate compiler generated dependencies of target lwm2m_test
make[2]: Leaving directory '/work/apps/build'
make  -f test/CMakeFiles/lwm2m_test.dir/build.make test/CMakeFiles/lwm2m_test.dir/build
make[2]: Entering directory '/work/apps/build'
[  1%] Linking CXX executable lwm2m_test
cd /work/apps/build/test && /usr/bin/cmake -E cmake_link_script CMakeFiles/lwm2m_test.dir/link.txt --verbose=1
/usr/bin/c++  -std=c++17 -g -Wall -Wextra -O0 -std=c++2a -g -Wall -Wextra CMakeFiles/lwm2m_test.dir/__/src/cbor_adapter.cpp.o CMakeFiles/lwm2m_test.dir/__/src/coap_adapter.cpp.o CMakeFiles/lwm2m_test.dir/__/src/lua_config.cpp.o CMakeFiles/lwm2m_test.dir/__/src/lwm2m_adapter.cpp.o CMakeFiles/lwm2m_test.dir/__/src/lwm2m_bootstrap_client.cpp.o CMakeFiles/lwm2m_test.dir/__/src/lwm2m_bootstrap_server.cpp.o CMakeFiles/lwm2m_test.dir/__/src/lwm2m_codec_linkformat.cpp.o CMakeFiles/lwm2m_test.dir/__/src/lwm2m_codec_plaintext.cpp.o CMakeFiles/lwm2m_test.dir/__/src/lwm2m_codec_registry.cpp.o CMakeFiles/lwm2m_test.dir/__/src/lwm2m_codec_senml.cpp.o CMakeFiles/lwm2m_test.dir/__/src/lwm2m_codec_tlv.cpp.o CMakeFiles/lwm2m_test.dir/__/src/lwm2m_dm_client.cpp.o CMakeFiles/lwm2m_test.dir/__/src/lwm2m_dm_server.cpp.o CMakeFiles/lwm2m_test.dir/__/src/lwm2m_object_3_device.cpp.o CMakeFiles/lwm2m_test.dir/__/src/lwm2m_object_store.cpp.o CMakeFiles/lwm2m_test.dir/__/src/lwm2m_object_stubs.cpp.o CMakeFiles/lwm2m_test.dir/__/src/lwm2m_observe.cpp.o CMakeFiles/lwm2m_test.dir/__/src/lwm2m_registration.cpp.o CMakeFiles/lwm2m_test.dir/__/src/lwm2m_registration_client.cpp.o CMakeFiles/lwm2m_test.dir/__/src/lwm2m_registration_server.cpp.o CMakeFiles/lwm2m_test.dir/bootstrap_test.cpp.o CMakeFiles/lwm2m_test.dir/cbor_adapter_test.cpp.o CMakeFiles/lwm2m_test.dir/coap_adapter_test.cpp.o CMakeFiles/lwm2m_test.dir/codec_registry_test.cpp.o CMakeFiles/lwm2m_test.dir/dm_test.cpp.o CMakeFiles/lwm2m_test.dir/linkformat_test.cpp.o CMakeFiles/lwm2m_test.dir/lwm2m_adapter_test.cpp.o CMakeFiles/lwm2m_test.dir/object_store_test.cpp.o CMakeFiles/lwm2m_test.dir/objects_test.cpp.o CMakeFiles/lwm2m_test.dir/observe_test.cpp.o CMakeFiles/lwm2m_test.dir/push_regression_test.cpp.o CMakeFiles/lwm2m_test.dir/registration_client_test.cpp.o CMakeFiles/lwm2m_test.dir/registration_server_test.cpp.o CMakeFiles/lwm2m_test.dir/registry_test.cpp.o CMakeFiles/lwm2m_test.dir/senml_test.cpp.o CMakeFiles/lwm2m_test.dir/tlv_test.cpp.o -o lwm2m_test   -L/work/apps/3rdparty/tinydtls  -L/usr/local/ACE_TAO-7.0.0/lib  -Wl,-rpath,/work/apps/3rdparty/tinydtls:/usr/local/ACE_TAO-7.0.0/lib -lgtest_main -lgtest -lpthread -lz /usr/lib/aarch64-linux-gnu/liblua5.3.a -ldl -lm 
Consolidate compiler generated dependencies of target lwm2m
make[2]: Leaving directory '/work/apps/build'
make  -f CMakeFiles/lwm2m.dir/build.make CMakeFiles/lwm2m.dir/build
make[2]: Entering directory '/work/apps/build'
[  2%] Linking CXX executable lwm2m
/usr/bin/cmake -E cmake_link_script CMakeFiles/lwm2m.dir/link.txt --verbose=1
/usr/bin/c++  -std=c++17 -g -Wall -Wextra -O0 CMakeFiles/lwm2m.dir/src/app.cpp.o CMakeFiles/lwm2m.dir/src/cbor_adapter.cpp.o CMakeFiles/lwm2m.dir/src/cli/coap_dispatch.cpp.o CMakeFiles/lwm2m.dir/src/cli/command_registry.cpp.o CMakeFiles/lwm2m.dir/src/cli/commands/bootstrap_cmd.cpp.o CMakeFiles/lwm2m.dir/src/cli/commands/delete_cmd.cpp.o CMakeFiles/lwm2m.dir/src/cli/commands/exec_cmd.cpp.o CMakeFiles/lwm2m.dir/src/cli/commands/execute_cmd.cpp.o CMakeFiles/lwm2m.dir/src/cli/commands/get_cmd.cpp.o CMakeFiles/lwm2m.dir/src/cli/commands/help_cmd.cpp.o CMakeFiles/lwm2m.dir/src/cli/commands/observe_cmd.cpp.o CMakeFiles/lwm2m.dir/src/cli/commands/post_cmd.cpp.o CMakeFiles/lwm2m.dir/src/cli/commands/push_cmd.cpp.o CMakeFiles/lwm2m.dir/src/cli/commands/quit_cmd.cpp.o CMakeFiles/lwm2m.dir/src/cli/commands/read_cmd.cpp.o CMakeFiles/lwm2m.dir/src/cli/commands/register_cmd.cpp.o CMakeFiles/lwm2m.dir/src/cli/commands/set_cmd.cpp.o CMakeFiles/lwm2m.dir/src/cli/commands/write_cmd.cpp.o CMakeFiles/lwm2m.dir/src/coap_adapter.cpp.o CMakeFiles/lwm2m.dir/src/db_adapter.cpp.o CMakeFiles/lwm2m.dir/src/dtls_adapter.cpp.o CMakeFiles/lwm2m.dir/src/lua_config.cpp.o CMakeFiles/lwm2m.dir/src/lwm2m_adapter.cpp.o CMakeFiles/lwm2m.dir/src/lwm2m_bootstrap_client.cpp.o CMakeFiles/lwm2m.dir/src/lwm2m_bootstrap_server.cpp.o CMakeFiles/lwm2m.dir/src/lwm2m_codec_linkformat.cpp.o CMakeFiles/lwm2m.dir/src/lwm2m_codec_plaintext.cpp.o CMakeFiles/lwm2m.dir/src/lwm2m_codec_registry.cpp.o CMakeFiles/lwm2m.dir/src/lwm2m_codec_senml.cpp.o CMakeFiles/lwm2m.dir/src/lwm2m_codec_tlv.cpp.o CMakeFiles/lwm2m.dir/src/lwm2m_dm_client.cpp.o CMakeFiles/lwm2m.dir/src/lwm2m_dm_server.cpp.o CMakeFiles/lwm2m.dir/src/lwm2m_object_3_device.cpp.o CMakeFiles/lwm2m.dir/src/lwm2m_object_store.cpp.o CMakeFiles/lwm2m.dir/src/lwm2m_object_stubs.cpp.o CMakeFiles/lwm2m.dir/src/lwm2m_observe.cpp.o CMakeFiles/lwm2m.dir/src/lwm2m_registration.cpp.o CMakeFiles/lwm2m.dir/src/lwm2m_registration_client.cpp.o CMakeFiles/lwm2m.dir/src/lwm2m_registration_server.cpp.o CMakeFiles/lwm2m.dir/src/lwm2m_registry_mirror.cpp.o CMakeFiles/lwm2m.dir/src/main.cpp.o CMakeFiles/lwm2m.dir/src/readline.cpp.o CMakeFiles/lwm2m.dir/src/udp_adapter.cpp.o -o lwm2m   -L/work/apps/3rdparty/tinydtls  -L/usr/local/ACE_TAO-7.0.0/lib  -Wl,-rpath,/work/apps/3rdparty/tinydtls:/usr/local/ACE_TAO-7.0.0/lib: ../3rdparty/tinydtls/libtinydtls.a -lACE -lz -lreadline -lpthread -lbsoncxx -lmongocxx -lssl -lcrypto /usr/lib/aarch64-linux-gnu/liblua5.3.a -ldl -lm 
cd /work/apps/build/test && /usr/bin/cmake -D TEST_TARGET=lwm2m_test -D TEST_EXECUTABLE=/work/apps/build/test/lwm2m_test -D TEST_EXECUTOR= -D TEST_WORKING_DIR=/work/apps/build/test -D TEST_EXTRA_ARGS= -D TEST_PROPERTIES= -D TEST_PREFIX= -D TEST_SUFFIX= -D TEST_FILTER= -D NO_PRETTY_TYPES=FALSE -D NO_PRETTY_VALUES=FALSE -D TEST_LIST=lwm2m_test_TESTS -D CTEST_FILE=/work/apps/build/test/lwm2m_test[1]_tests.cmake -D TEST_DISCOVERY_TIMEOUT=5 -D TEST_XML_OUTPUT_DIR= -P /usr/share/cmake-3.22/Modules/GoogleTestAddTests.cmake
make[2]: Leaving directory '/work/apps/build'
[ 55%] Built target lwm2m
make[2]: Leaving directory '/work/apps/build'
[100%] Built target lwm2m_test
make[1]: Leaving directory '/work/apps/build'
/usr/bin/cmake -E cmake_progress_start /work/apps/build/CMakeFiles 0
