gcc -Wall -pedantic -std=c99 -g -O2 -pedantic -Wall -Wextra -Wformat-security -Winline -Wmissing-declarations -Wmissing-prototypes -Wnested-externs -Wpointer-arith -Wshadow -Wstrict-prototypes -Wswitch-default -Wswitch-enum -Wunused  -DDTLSv12 -DWITH_SHA256 -DDTLS_CHECK_CONTENTTYPE -I.  -c -o dtls.o dtls.c
In file included from dtls.c:56:
prng.h: In function 'dtls_prng_init':
prng.h:88:31: warning: unused parameter 'seed' [-Wunused-parameter]
   88 | dtls_prng_init(unsigned short seed) {
      |                ~~~~~~~~~~~~~~~^~~~
dtls.c: In function 'calculate_key_block':
dtls.c:707:1: warning: embedding a directive within macro arguments is not portable
  707 | #if defined(SIERRA) && defined(MK_CONFIG_AVMS_USE_IOT_KEYSTORE)
      | ^
dtls.c:709:1: warning: embedding a directive within macro arguments is not portable
  709 | #else
      | ^
dtls.c: In function 'recalculate_key_block':
dtls.c:867:39: warning: unused parameter 'ctx' [-Wunused-parameter]
  867 | recalculate_key_block(dtls_context_t *ctx,
      |                       ~~~~~~~~~~~~~~~~^~~
dtls.c:870:34: warning: unused parameter 'session' [-Wunused-parameter]
  870 |                       session_t *session,
      |                       ~~~~~~~~~~~^~~~~~~
dtls.c:871:38: warning: unused parameter 'role' [-Wunused-parameter]
  871 |                       dtls_peer_type role) {
      |                       ~~~~~~~~~~~~~~~^~~~
dtls.c: In function 'check_client_certificate_verify':
dtls.c:1893:49: warning: unused parameter 'ctx' [-Wunused-parameter]
 1893 | check_client_certificate_verify(dtls_context_t *ctx,
      |                                 ~~~~~~~~~~~~~~~~^~~
In file included from utlist.h:29,
                 from dtls.c:44:
dtls.c: In function 'dtls_send_certificate_ecdsa':
dtls.c:2080:18: warning: comparison of integer expressions of different signedness: 'long int' and 'long unsigned int' [-Wsign-compare]
 2080 |   assert(p - buf <= sizeof(buf));
      |                  ^~
dtls.c: In function 'dtls_send_server_key_exchange_ecdh':
dtls.c:2200:18: warning: comparison of integer expressions of different signedness: 'long int' and 'long unsigned int' [-Wsign-compare]
 2200 |   assert(p - buf <= sizeof(buf));
      |                  ^~
dtls.c: In function 'dtls_send_server_certificate_request':
dtls.c:2273:18: warning: comparison of integer expressions of different signedness: 'long int' and 'long unsigned int' [-Wsign-compare]
 2273 |   assert(p - buf <= sizeof(buf));
      |                  ^~
dtls.c: In function 'dtls_send_certificate_verify_ecdh':
dtls.c:2515:18: warning: comparison of integer expressions of different signedness: 'long int' and 'long unsigned int' [-Wsign-compare]
 2515 |   assert(p - buf <= sizeof(buf));
      |                  ^~
dtls.c: In function 'check_server_hello':
dtls.c:2771:33: warning: comparison is always true due to limited range of data type [-Wtype-limits]
 2771 |       if (peer->session_id.size >= 0
      |                                 ^~
dtls.c: In function 'check_server_key_exchange_ecdsa':
dtls.c:2894:49: warning: unused parameter 'ctx' [-Wunused-parameter]
 2894 | check_server_key_exchange_ecdsa(dtls_context_t *ctx,
      |                                 ~~~~~~~~~~~~~~~~^~~
gcc -Wall -pedantic -std=c99 -g -O2 -pedantic -Wall -Wextra -Wformat-security -Winline -Wmissing-declarations -Wmissing-prototypes -Wnested-externs -Wpointer-arith -Wshadow -Wstrict-prototypes -Wswitch-default -Wswitch-enum -Wunused  -DDTLSv12 -DWITH_SHA256 -DDTLS_CHECK_CONTENTTYPE -I.  -c -o crypto.o crypto.c
In file included from crypto.c:35:
prng.h: In function 'dtls_prng_init':
prng.h:88:31: warning: unused parameter 'seed' [-Wunused-parameter]
   88 | dtls_prng_init(unsigned short seed) {
      |                ~~~~~~~~~~~~~~~^~~~
gcc -Wall -pedantic -std=c99 -g -O2 -pedantic -Wall -Wextra -Wformat-security -Winline -Wmissing-declarations -Wmissing-prototypes -Wnested-externs -Wpointer-arith -Wshadow -Wstrict-prototypes -Wswitch-default -Wswitch-enum -Wunused  -DDTLSv12 -DWITH_SHA256 -DDTLS_CHECK_CONTENTTYPE -I.  -c -o ccm.o ccm.c
gcc -Wall -pedantic -std=c99 -g -O2 -pedantic -Wall -Wextra -Wformat-security -Winline -Wmissing-declarations -Wmissing-prototypes -Wnested-externs -Wpointer-arith -Wshadow -Wstrict-prototypes -Wswitch-default -Wswitch-enum -Wunused  -DDTLSv12 -DWITH_SHA256 -DDTLS_CHECK_CONTENTTYPE -I.  -c -o hmac.o hmac.c
gcc -Wall -pedantic -std=c99 -g -O2 -pedantic -Wall -Wextra -Wformat-security -Winline -Wmissing-declarations -Wmissing-prototypes -Wnested-externs -Wpointer-arith -Wshadow -Wstrict-prototypes -Wswitch-default -Wswitch-enum -Wunused  -DDTLSv12 -DWITH_SHA256 -DDTLS_CHECK_CONTENTTYPE -I.  -c -o netq.o netq.c
gcc -Wall -pedantic -std=c99 -g -O2 -pedantic -Wall -Wextra -Wformat-security -Winline -Wmissing-declarations -Wmissing-prototypes -Wnested-externs -Wpointer-arith -Wshadow -Wstrict-prototypes -Wswitch-default -Wswitch-enum -Wunused  -DDTLSv12 -DWITH_SHA256 -DDTLS_CHECK_CONTENTTYPE -I.  -c -o peer.o peer.c
gcc -Wall -pedantic -std=c99 -g -O2 -pedantic -Wall -Wextra -Wformat-security -Winline -Wmissing-declarations -Wmissing-prototypes -Wnested-externs -Wpointer-arith -Wshadow -Wstrict-prototypes -Wswitch-default -Wswitch-enum -Wunused  -DDTLSv12 -DWITH_SHA256 -DDTLS_CHECK_CONTENTTYPE -I.  -c -o dtls_time.o dtls_time.c
gcc -Wall -pedantic -std=c99 -g -O2 -pedantic -Wall -Wextra -Wformat-security -Winline -Wmissing-declarations -Wmissing-prototypes -Wnested-externs -Wpointer-arith -Wshadow -Wstrict-prototypes -Wswitch-default -Wswitch-enum -Wunused  -DDTLSv12 -DWITH_SHA256 -DDTLS_CHECK_CONTENTTYPE -I.  -c -o session.o session.c
gcc -Wall -pedantic -std=c99 -g -O2 -pedantic -Wall -Wextra -Wformat-security -Winline -Wmissing-declarations -Wmissing-prototypes -Wnested-externs -Wpointer-arith -Wshadow -Wstrict-prototypes -Wswitch-default -Wswitch-enum -Wunused  -DDTLSv12 -DWITH_SHA256 -DDTLS_CHECK_CONTENTTYPE -I.  -c -o dtls_debug.o dtls_debug.c
make -C aes rijndael.o
make[1]: Entering directory '/work/apps/3rdparty/tinydtls/aes'
gcc -Wall -std=c99 -pedantic -g -O2 -DDTLSv12 -DWITH_SHA256  -c -o rijndael.o rijndael.c
make[1]: Leaving directory '/work/apps/3rdparty/tinydtls/aes'
make -C ecc ecc.o
make[1]: Entering directory '/work/apps/3rdparty/tinydtls/ecc'
gcc -Wall -std=c99 -pedantic -g -O2 -DTEST_INCLUDE -DDTLSv12 -DWITH_SHA256  -c -o ecc.o ecc.c
make[1]: Leaving directory '/work/apps/3rdparty/tinydtls/ecc'
make -C sha2 sha2.o
make[1]: Entering directory '/work/apps/3rdparty/tinydtls/sha2'
gcc -Wall -std=c99 -pedantic -g -O2 -DDTLSv12 -DWITH_SHA256 -I..  -c -o sha2.o sha2.c
sha2.c:603:34: warning: argument 1 of type 'sha2_byte[]' {aka 'unsigned char[]'} with mismatched bound [-Warray-parameter=]
  603 | void dtls_sha256_final(sha2_byte digest[], dtls_sha256_ctx* context) {
      |                        ~~~~~~~~~~^~~~~~~~
In file included from sha2.c:45:
sha2.h:141:24: note: previously declared as 'uint8_t[32]' {aka 'unsigned char[32]'}
  141 | void dtls_sha256_final(uint8_t[DTLS_SHA256_DIGEST_LENGTH], dtls_sha256_ctx*);
      |                        ^~~~~~~~~~~~~~~~~~~~~~~~~~~~~~~~~~
sha2.c:666:54: warning: argument 2 of type 'char[]' with mismatched bound [-Warray-parameter=]
  666 | char *dtls_sha256_end(dtls_sha256_ctx* context, char buffer[]) {
      |                                                 ~~~~~^~~~~~~~
In file included from sha2.c:45:
sha2.h:142:41: note: previously declared as 'char[65]'
  142 | char* dtls_sha256_end(dtls_sha256_ctx*, char[DTLS_SHA256_DIGEST_STRING_LENGTH]);
      |                                         ^~~~~~~~~~~~~~~~~~~~~~~~~~~~~~~~~~~~~~
make[1]: Leaving directory '/work/apps/3rdparty/tinydtls/sha2'
ar cru libtinydtls.a dtls.o crypto.o ccm.o hmac.o netq.o peer.o dtls_time.o session.o dtls_debug.o aes/rijndael.o ecc/ecc.o sha2/sha2.o 
ar: `u' modifier ignored since `D' is the default (see `U')
ranlib libtinydtls.a
make -C doc
make[1]: Entering directory '/work/apps/3rdparty/tinydtls/doc'
: Doxyfile >./doxygen.out 2>&1 
make[1]: Leaving directory '/work/apps/3rdparty/tinydtls/doc'
for dir in doc platform-specific sha2 aes; do \
	make -C $dir ; \
done
make[1]: Entering directory '/work/apps/3rdparty/tinydtls/doc'
: Doxyfile >./doxygen.out 2>&1 
make[1]: Leaving directory '/work/apps/3rdparty/tinydtls/doc'
make[1]: Entering directory '/work/apps/3rdparty/tinydtls/platform-specific'
make[1]: Nothing to be done for 'clean'.
make[1]: Leaving directory '/work/apps/3rdparty/tinydtls/platform-specific'
make[1]: Entering directory '/work/apps/3rdparty/tinydtls/sha2'
make[1]: Nothing to be done for 'all'.
make[1]: Leaving directory '/work/apps/3rdparty/tinydtls/sha2'
make[1]: Entering directory '/work/apps/3rdparty/tinydtls/aes'
make[1]: Nothing to be done for 'all'.
make[1]: Leaving directory '/work/apps/3rdparty/tinydtls/aes'
