checking for doxygen... :
checking for etags... /bin/false
checking whether make sets $(MAKE)... yes
checking for gcc... gcc
checking whether the C compiler works... yes
checking for C compiler default output file name... a.out
checking for suffix of executables... 
checking whether we are cross compiling... no
checking for suffix of object files... o
checking whether the compiler supports GNU C... yes
checking whether gcc accepts -g... yes
checking for gcc option to enable C11 features... none needed
checking for ranlib... ranlib
checking for stdio.h... yes
checking for stdlib.h... yes
checking for string.h... yes
checking for inttypes.h... yes
checking for stdint.h... yes
checking for strings.h... yes
checking for sys/stat.h... yes
checking for sys/types.h... yes
checking for unistd.h... yes
checking whether byte ordering is bigendian... no
checking for library containing gethostbyname... none required
checking for library containing socket... none required
checking for assert.h... yes
checking for arpa/inet.h... yes
checking for fcntl.h... yes
checking for inttypes.h... (cached) yes
checking for netdb.h... yes
checking for netinet/in.h... yes
checking for stddef.h... yes
checking for stdint.h... (cached) yes
checking for stdlib.h... (cached) yes
checking for string.h... (cached) yes
checking for strings.h... (cached) yes
checking for sys/param.h... yes
checking for sys/socket.h... yes
checking for unistd.h... (cached) yes
checking for sys/time.h... yes
checking for time.h... yes
checking for sys/types.h... (cached) yes
checking for sys/stat.h... (cached) yes
checking for inline... inline
checking for size_t... yes
checking for struct sockaddr_in6.sin6_len... no
checking for memset... yes
checking for select... yes
checking for socket... yes
checking for strdup... yes
checking for strerror... yes
checking for strnlen... yes
checking for fls... no
checking for vprintf... yes
configure: creating ./config.status
config.status: creating Makefile
config.status: creating doc/Makefile
config.status: creating doc/Doxyfile
config.status: creating tests/Makefile
config.status: creating platform-specific/Makefile
config.status: creating sha2/Makefile
config.status: creating aes/Makefile
config.status: creating ecc/Makefile
config.status: creating dtls_config.h
